[0.438s] Invoking command in '/home/k/ros2_ws/src/teleop_pkg': PYTHONPATH=/home/k/ros2_ws/build/teleop_pkg/prefix_override:/usr/lib/python3/dist-packages/colcon_core/task/python/colcon_distutils_commands:/home/k/ros2_ws/install/teleop_pkg/lib/python3.10/site-packages:${PYTHONPATH} /usr/bin/python3 -W ignore:setup.py install is deprecated setup.py egg_info --egg-base ../../build/teleop_pkg build --build-base /home/k/ros2_ws/build/teleop_pkg/build install --record /home/k/ros2_ws/build/teleop_pkg/install.log --single-version-externally-managed install_data
[0.594s] running egg_info
[0.595s] writing ../../build/teleop_pkg/teleop_pkg.egg-info/PKG-INFO
[0.598s] writing dependency_links to ../../build/teleop_pkg/teleop_pkg.egg-info/dependency_links.txt
[0.598s] writing entry points to ../../build/teleop_pkg/teleop_pkg.egg-info/entry_points.txt
[0.598s] writing requirements to ../../build/teleop_pkg/teleop_pkg.egg-info/requires.txt
[0.598s] writing top-level names to ../../build/teleop_pkg/teleop_pkg.egg-info/top_level.txt
[0.599s] reading manifest file '../../build/teleop_pkg/teleop_pkg.egg-info/SOURCES.txt'
[0.600s] writing manifest file '../../build/teleop_pkg/teleop_pkg.egg-info/SOURCES.txt'
[0.600s] running build
[0.600s] running build_py
[0.602s] running install
[0.602s] running install_lib
[0.603s] running install_data
[0.604s] running install_egg_info
[0.605s] removing '/home/k/ros2_ws/install/teleop_pkg/lib/python3.10/site-packages/teleop_pkg-0.0.0-py3.10.egg-info' (and everything under it)
[0.605s] Copying ../../build/teleop_pkg/teleop_pkg.egg-info to /home/k/ros2_ws/install/teleop_pkg/lib/python3.10/site-packages/teleop_pkg-0.0.0-py3.10.egg-info
[0.606s] running install_scripts
[0.618s] Installing teleop_node script to /home/k/ros2_ws/install/teleop_pkg/lib/teleop_pkg
[0.618s] writing list of installed files to '/home/k/ros2_ws/build/teleop_pkg/install.log'
[0.634s] Invoked command in '/home/k/ros2_ws/src/teleop_pkg' returned '0': PYTHONPATH=/home/k/ros2_ws/build/teleop_pkg/prefix_override:/usr/lib/python3/dist-packages/colcon_core/task/python/colcon_distutils_commands:/home/k/ros2_ws/install/teleop_pkg/lib/python3.10/site-packages:${PYTHONPATH} /usr/bin/python3 -W ignore:setup.py install is deprecated setup.py egg_info --egg-base ../../build/teleop_pkg build --build-base /home/k/ros2_ws/build/teleop_pkg/build install --record /home/k/ros2_ws/build/teleop_pkg/install.log --single-version-externally-managed install_data
