[2.124s] Invoking command in '/home/k/ros2_ws/src/hardware_pkg': PYTHONPATH=/home/k/ros2_ws/build/hardware_pkg/prefix_override:/usr/lib/python3/dist-packages/colcon_core/task/python/colcon_distutils_commands:/home/k/ros2_ws/install/hardware_pkg/lib/python3.10/site-packages:${PYTHONPATH} /usr/bin/python3 -W ignore:setup.py install is deprecated setup.py egg_info --egg-base ../../build/hardware_pkg build --build-base /home/k/ros2_ws/build/hardware_pkg/build install --record /home/k/ros2_ws/build/hardware_pkg/install.log --single-version-externally-managed install_data
[2.879s] running egg_info
[2.879s] writing ../../build/hardware_pkg/hardware_pkg.egg-info/PKG-INFO
[2.882s] writing dependency_links to ../../build/hardware_pkg/hardware_pkg.egg-info/dependency_links.txt
[2.882s] writing entry points to ../../build/hardware_pkg/hardware_pkg.egg-info/entry_points.txt
[2.887s] writing requirements to ../../build/hardware_pkg/hardware_pkg.egg-info/requires.txt
[2.887s] writing top-level names to ../../build/hardware_pkg/hardware_pkg.egg-info/top_level.txt
[2.888s] reading manifest file '../../build/hardware_pkg/hardware_pkg.egg-info/SOURCES.txt'
[2.917s] writing manifest file '../../build/hardware_pkg/hardware_pkg.egg-info/SOURCES.txt'
[2.930s] running build
[2.930s] running build_py
[2.931s] running install
[2.948s] running install_lib
[2.954s] running install_data
[2.954s] running install_egg_info
[2.970s] removing '/home/k/ros2_ws/install/hardware_pkg/lib/python3.10/site-packages/hardware_pkg-0.0.0-py3.10.egg-info' (and everything under it)
[2.970s] Copying ../../build/hardware_pkg/hardware_pkg.egg-info to /home/k/ros2_ws/install/hardware_pkg/lib/python3.10/site-packages/hardware_pkg-0.0.0-py3.10.egg-info
[2.970s] running install_scripts
[3.115s] Installing control_node script to /home/k/ros2_ws/install/hardware_pkg/lib/hardware_pkg
[3.120s] writing list of installed files to '/home/k/ros2_ws/build/hardware_pkg/install.log'
[3.251s] Invoked command in '/home/k/ros2_ws/src/hardware_pkg' returned '0': PYTHONPATH=/home/k/ros2_ws/build/hardware_pkg/prefix_override:/usr/lib/python3/dist-packages/colcon_core/task/python/colcon_distutils_commands:/home/k/ros2_ws/install/hardware_pkg/lib/python3.10/site-packages:${PYTHONPATH} /usr/bin/python3 -W ignore:setup.py install is deprecated setup.py egg_info --egg-base ../../build/hardware_pkg build --build-base /home/k/ros2_ws/build/hardware_pkg/build install --record /home/k/ros2_ws/build/hardware_pkg/install.log --single-version-externally-managed install_data
