[2.502s] Invoking command in '/home/k/ros2_ws/src/fixposition_pkg': PYTHONPATH=/home/k/ros2_ws/build/fixposition_pkg/prefix_override:/usr/lib/python3/dist-packages/colcon_core/task/python/colcon_distutils_commands:/home/k/ros2_ws/install/fixposition_pkg/lib/python3.10/site-packages:${PYTHONPATH} /usr/bin/python3 -W ignore:setup.py install is deprecated setup.py egg_info --egg-base ../../build/fixposition_pkg build --build-base /home/k/ros2_ws/build/fixposition_pkg/build install --record /home/k/ros2_ws/build/fixposition_pkg/install.log --single-version-externally-managed install_data
[2.790s] running egg_info
[2.790s] writing ../../build/fixposition_pkg/fixposition_pkg.egg-info/PKG-INFO
[2.790s] writing dependency_links to ../../build/fixposition_pkg/fixposition_pkg.egg-info/dependency_links.txt
[2.790s] writing entry points to ../../build/fixposition_pkg/fixposition_pkg.egg-info/entry_points.txt
[2.790s] writing requirements to ../../build/fixposition_pkg/fixposition_pkg.egg-info/requires.txt
[2.792s] writing top-level names to ../../build/fixposition_pkg/fixposition_pkg.egg-info/top_level.txt
[2.794s] reading manifest file '../../build/fixposition_pkg/fixposition_pkg.egg-info/SOURCES.txt'
[2.794s] writing manifest file '../../build/fixposition_pkg/fixposition_pkg.egg-info/SOURCES.txt'
[2.795s] running build
[2.795s] running build_py
[2.796s] running install
[2.796s] running install_lib
[2.797s] running install_data
[2.798s] running install_egg_info
[2.801s] removing '/home/k/ros2_ws/install/fixposition_pkg/lib/python3.10/site-packages/fixposition_pkg-0.0.0-py3.10.egg-info' (and everything under it)
[2.801s] Copying ../../build/fixposition_pkg/fixposition_pkg.egg-info to /home/k/ros2_ws/install/fixposition_pkg/lib/python3.10/site-packages/fixposition_pkg-0.0.0-py3.10.egg-info
[2.801s] running install_scripts
[2.829s] Installing imu_subscriber script to /home/k/ros2_ws/install/fixposition_pkg/lib/fixposition_pkg
[2.830s] writing list of installed files to '/home/k/ros2_ws/build/fixposition_pkg/install.log'
[2.885s] Invoked command in '/home/k/ros2_ws/src/fixposition_pkg' returned '0': PYTHONPATH=/home/k/ros2_ws/build/fixposition_pkg/prefix_override:/usr/lib/python3/dist-packages/colcon_core/task/python/colcon_distutils_commands:/home/k/ros2_ws/install/fixposition_pkg/lib/python3.10/site-packages:${PYTHONPATH} /usr/bin/python3 -W ignore:setup.py install is deprecated setup.py egg_info --egg-base ../../build/fixposition_pkg build --build-base /home/k/ros2_ws/build/fixposition_pkg/build install --record /home/k/ros2_ws/build/fixposition_pkg/install.log --single-version-externally-managed install_data
