[1.720s] Invoking command in '/home/k/ros2_ws/src/teleop_twist_keyboard': PYTHONPATH=/home/k/ros2_ws/build/teleop_twist_keyboard/prefix_override:/usr/lib/python3/dist-packages/colcon_core/task/python/colcon_distutils_commands:/home/k/ros2_ws/install/teleop_twist_keyboard/lib/python3.10/site-packages:${PYTHONPATH} /usr/bin/python3 -W ignore:setup.py install is deprecated setup.py egg_info --egg-base ../../build/teleop_twist_keyboard build --build-base /home/k/ros2_ws/build/teleop_twist_keyboard/build install --record /home/k/ros2_ws/build/teleop_twist_keyboard/install.log --single-version-externally-managed install_data
[1.930s] running egg_info
[1.930s] writing ../../build/teleop_twist_keyboard/teleop_twist_keyboard.egg-info/PKG-INFO
[1.931s] writing dependency_links to ../../build/teleop_twist_keyboard/teleop_twist_keyboard.egg-info/dependency_links.txt
[1.931s] writing entry points to ../../build/teleop_twist_keyboard/teleop_twist_keyboard.egg-info/entry_points.txt
[1.931s] writing requirements to ../../build/teleop_twist_keyboard/teleop_twist_keyboard.egg-info/requires.txt
[1.931s] writing top-level names to ../../build/teleop_twist_keyboard/teleop_twist_keyboard.egg-info/top_level.txt
[1.933s] reading manifest file '../../build/teleop_twist_keyboard/teleop_twist_keyboard.egg-info/SOURCES.txt'
[1.933s] adding license file 'LICENSE'
[1.934s] writing manifest file '../../build/teleop_twist_keyboard/teleop_twist_keyboard.egg-info/SOURCES.txt'
[1.934s] running build
[1.934s] running build_py
[1.937s] running install
[1.937s] running install_lib
[1.941s] running install_data
[1.941s] running install_egg_info
[1.942s] removing '/home/k/ros2_ws/install/teleop_twist_keyboard/lib/python3.10/site-packages/teleop_twist_keyboard-2.4.0-py3.10.egg-info' (and everything under it)
[1.942s] Copying ../../build/teleop_twist_keyboard/teleop_twist_keyboard.egg-info to /home/k/ros2_ws/install/teleop_twist_keyboard/lib/python3.10/site-packages/teleop_twist_keyboard-2.4.0-py3.10.egg-info
[1.944s] running install_scripts
[1.959s] Installing teleop_twist_keyboard script to /home/k/ros2_ws/install/teleop_twist_keyboard/lib/teleop_twist_keyboard
[1.959s] writing list of installed files to '/home/k/ros2_ws/build/teleop_twist_keyboard/install.log'
[1.989s] Invoked command in '/home/k/ros2_ws/src/teleop_twist_keyboard' returned '0': PYTHONPATH=/home/k/ros2_ws/build/teleop_twist_keyboard/prefix_override:/usr/lib/python3/dist-packages/colcon_core/task/python/colcon_distutils_commands:/home/k/ros2_ws/install/teleop_twist_keyboard/lib/python3.10/site-packages:${PYTHONPATH} /usr/bin/python3 -W ignore:setup.py install is deprecated setup.py egg_info --egg-base ../../build/teleop_twist_keyboard build --build-base /home/k/ros2_ws/build/teleop_twist_keyboard/build install --record /home/k/ros2_ws/build/teleop_twist_keyboard/install.log --single-version-externally-managed install_data
