running egg_info
creating ../../build/position_pkg/position_pkg.egg-info
writing ../../build/position_pkg/position_pkg.egg-info/PKG-INFO
writing dependency_links to ../../build/position_pkg/position_pkg.egg-info/dependency_links.txt
writing entry points to ../../build/position_pkg/position_pkg.egg-info/entry_points.txt
writing requirements to ../../build/position_pkg/position_pkg.egg-info/requires.txt
writing top-level names to ../../build/position_pkg/position_pkg.egg-info/top_level.txt
writing manifest file '../../build/position_pkg/position_pkg.egg-info/SOURCES.txt'
reading manifest file '../../build/position_pkg/position_pkg.egg-info/SOURCES.txt'
writing manifest file '../../build/position_pkg/position_pkg.egg-info/SOURCES.txt'
running build
running build_py
creating /home/k/ros2_ws/build/position_pkg/build
creating /home/k/ros2_ws/build/position_pkg/build/lib
creating /home/k/ros2_ws/build/position_pkg/build/lib/position_pkg
copying position_pkg/pose_subscriber_node.py -> /home/k/ros2_ws/build/position_pkg/build/lib/position_pkg
copying position_pkg/__init__.py -> /home/k/ros2_ws/build/position_pkg/build/lib/position_pkg
running install
running install_lib
creating /home/k/ros2_ws/install/position_pkg/lib/python3.10/site-packages/position_pkg
copying /home/k/ros2_ws/build/position_pkg/build/lib/position_pkg/pose_subscriber_node.py -> /home/k/ros2_ws/install/position_pkg/lib/python3.10/site-packages/position_pkg
copying /home/k/ros2_ws/build/position_pkg/build/lib/position_pkg/__init__.py -> /home/k/ros2_ws/install/position_pkg/lib/python3.10/site-packages/position_pkg
byte-compiling /home/k/ros2_ws/install/position_pkg/lib/python3.10/site-packages/position_pkg/pose_subscriber_node.py to pose_subscriber_node.cpython-310.pyc
byte-compiling /home/k/ros2_ws/install/position_pkg/lib/python3.10/site-packages/position_pkg/__init__.py to __init__.cpython-310.pyc
running install_data
creating /home/k/ros2_ws/install/position_pkg/share/ament_index
creating /home/k/ros2_ws/install/position_pkg/share/ament_index/resource_index
creating /home/k/ros2_ws/install/position_pkg/share/ament_index/resource_index/packages
copying resource/position_pkg -> /home/k/ros2_ws/install/position_pkg/share/ament_index/resource_index/packages
copying package.xml -> /home/k/ros2_ws/install/position_pkg/share/position_pkg
running install_egg_info
Copying ../../build/position_pkg/position_pkg.egg-info to /home/k/ros2_ws/install/position_pkg/lib/python3.10/site-packages/position_pkg-0.0.0-py3.10.egg-info
running install_scripts
Installing pose_node script to /home/k/ros2_ws/install/position_pkg/lib/position_pkg
writing list of installed files to '/home/k/ros2_ws/build/position_pkg/install.log'
