[0.809s] Invoking command in '/home/k/ros2_ws/src/fixposition_pkg': PYTHONPATH=/home/k/ros2_ws/build/fixposition_pkg/prefix_override:/usr/lib/python3/dist-packages/colcon_core/task/python/colcon_distutils_commands:/home/k/ros2_ws/install/fixposition_pkg/lib/python3.10/site-packages:${PYTHONPATH} /usr/bin/python3 -W ignore:setup.py install is deprecated setup.py egg_info --egg-base ../../build/fixposition_pkg build --build-base /home/k/ros2_ws/build/fixposition_pkg/build install --record /home/k/ros2_ws/build/fixposition_pkg/install.log --single-version-externally-managed install_data
[0.964s] running egg_info
[0.965s] writing ../../build/fixposition_pkg/fixposition_pkg.egg-info/PKG-INFO
[0.965s] writing dependency_links to ../../build/fixposition_pkg/fixposition_pkg.egg-info/dependency_links.txt
[0.965s] writing entry points to ../../build/fixposition_pkg/fixposition_pkg.egg-info/entry_points.txt
[0.965s] writing requirements to ../../build/fixposition_pkg/fixposition_pkg.egg-info/requires.txt
[0.965s] writing top-level names to ../../build/fixposition_pkg/fixposition_pkg.egg-info/top_level.txt
[0.966s] reading manifest file '../../build/fixposition_pkg/fixposition_pkg.egg-info/SOURCES.txt'
[0.966s] writing manifest file '../../build/fixposition_pkg/fixposition_pkg.egg-info/SOURCES.txt'
[0.966s] running build
[0.966s] running build_py
[0.967s] copying fixposition_pkg/imu_subscriber.py -> /home/k/ros2_ws/build/fixposition_pkg/build/lib/fixposition_pkg
[0.967s] running install
[0.967s] running install_lib
[0.967s] copying /home/k/ros2_ws/build/fixposition_pkg/build/lib/fixposition_pkg/imu_subscriber.py -> /home/k/ros2_ws/install/fixposition_pkg/lib/python3.10/site-packages/fixposition_pkg
[0.969s] byte-compiling /home/k/ros2_ws/install/fixposition_pkg/lib/python3.10/site-packages/fixposition_pkg/imu_subscriber.py to imu_subscriber.cpython-310.pyc
[0.969s] running install_data
[0.969s] running install_egg_info
[0.970s] removing '/home/k/ros2_ws/install/fixposition_pkg/lib/python3.10/site-packages/fixposition_pkg-0.0.0-py3.10.egg-info' (and everything under it)
[0.970s] Copying ../../build/fixposition_pkg/fixposition_pkg.egg-info to /home/k/ros2_ws/install/fixposition_pkg/lib/python3.10/site-packages/fixposition_pkg-0.0.0-py3.10.egg-info
[0.970s] running install_scripts
[0.983s] Installing gps_subscriber script to /home/k/ros2_ws/install/fixposition_pkg/lib/fixposition_pkg
[0.983s] Installing imu_subscriber script to /home/k/ros2_ws/install/fixposition_pkg/lib/fixposition_pkg
[0.983s] Installing odometry_subscriber script to /home/k/ros2_ws/install/fixposition_pkg/lib/fixposition_pkg
[0.983s] writing list of installed files to '/home/k/ros2_ws/build/fixposition_pkg/install.log'
[0.997s] Invoked command in '/home/k/ros2_ws/src/fixposition_pkg' returned '0': PYTHONPATH=/home/k/ros2_ws/build/fixposition_pkg/prefix_override:/usr/lib/python3/dist-packages/colcon_core/task/python/colcon_distutils_commands:/home/k/ros2_ws/install/fixposition_pkg/lib/python3.10/site-packages:${PYTHONPATH} /usr/bin/python3 -W ignore:setup.py install is deprecated setup.py egg_info --egg-base ../../build/fixposition_pkg build --build-base /home/k/ros2_ws/build/fixposition_pkg/build install --record /home/k/ros2_ws/build/fixposition_pkg/install.log --single-version-externally-managed install_data
