[1.466s] Invoking command in '/home/k/ros2_ws/src/hardware_pkg': PYTHONPATH=/home/k/ros2_ws/build/hardware_pkg/prefix_override:/usr/lib/python3/dist-packages/colcon_core/task/python/colcon_distutils_commands:/home/k/ros2_ws/install/hardware_pkg/lib/python3.10/site-packages:${PYTHONPATH} /usr/bin/python3 -W ignore:setup.py install is deprecated setup.py egg_info --egg-base ../../build/hardware_pkg build --build-base /home/k/ros2_ws/build/hardware_pkg/build install --record /home/k/ros2_ws/build/hardware_pkg/install.log --single-version-externally-managed install_data
[1.714s] running egg_info
[1.714s] writing ../../build/hardware_pkg/hardware_pkg.egg-info/PKG-INFO
[1.714s] writing dependency_links to ../../build/hardware_pkg/hardware_pkg.egg-info/dependency_links.txt
[1.714s] writing entry points to ../../build/hardware_pkg/hardware_pkg.egg-info/entry_points.txt
[1.714s] writing requirements to ../../build/hardware_pkg/hardware_pkg.egg-info/requires.txt
[1.714s] writing top-level names to ../../build/hardware_pkg/hardware_pkg.egg-info/top_level.txt
[1.715s] reading manifest file '../../build/hardware_pkg/hardware_pkg.egg-info/SOURCES.txt'
[1.716s] writing manifest file '../../build/hardware_pkg/hardware_pkg.egg-info/SOURCES.txt'
[1.716s] running build
[1.716s] running build_py
[1.716s] running install
[1.716s] running install_lib
[1.717s] running install_data
[1.717s] running install_egg_info
[1.718s] removing '/home/k/ros2_ws/install/hardware_pkg/lib/python3.10/site-packages/hardware_pkg-0.0.0-py3.10.egg-info' (and everything under it)
[1.718s] Copying ../../build/hardware_pkg/hardware_pkg.egg-info to /home/k/ros2_ws/install/hardware_pkg/lib/python3.10/site-packages/hardware_pkg-0.0.0-py3.10.egg-info
[1.719s] running install_scripts
[1.733s] Installing control_node script to /home/k/ros2_ws/install/hardware_pkg/lib/hardware_pkg
[1.734s] writing list of installed files to '/home/k/ros2_ws/build/hardware_pkg/install.log'
