running egg_info
creating ../../build/teleop_pkg/teleop_pkg.egg-info
writing ../../build/teleop_pkg/teleop_pkg.egg-info/PKG-INFO
writing dependency_links to ../../build/teleop_pkg/teleop_pkg.egg-info/dependency_links.txt
writing entry points to ../../build/teleop_pkg/teleop_pkg.egg-info/entry_points.txt
writing requirements to ../../build/teleop_pkg/teleop_pkg.egg-info/requires.txt
writing top-level names to ../../build/teleop_pkg/teleop_pkg.egg-info/top_level.txt
writing manifest file '../../build/teleop_pkg/teleop_pkg.egg-info/SOURCES.txt'
reading manifest file '../../build/teleop_pkg/teleop_pkg.egg-info/SOURCES.txt'
writing manifest file '../../build/teleop_pkg/teleop_pkg.egg-info/SOURCES.txt'
running build
running build_py
creating /home/k/ros2_ws/build/teleop_pkg/build
creating /home/k/ros2_ws/build/teleop_pkg/build/lib
creating /home/k/ros2_ws/build/teleop_pkg/build/lib/teleop_pkg
copying teleop_pkg/__init__.py -> /home/k/ros2_ws/build/teleop_pkg/build/lib/teleop_pkg
copying teleop_pkg/teleop_node.py -> /home/k/ros2_ws/build/teleop_pkg/build/lib/teleop_pkg
running install
running install_lib
creating /home/k/ros2_ws/install/teleop_pkg/lib/python3.10/site-packages/teleop_pkg
copying /home/k/ros2_ws/build/teleop_pkg/build/lib/teleop_pkg/__init__.py -> /home/k/ros2_ws/install/teleop_pkg/lib/python3.10/site-packages/teleop_pkg
copying /home/k/ros2_ws/build/teleop_pkg/build/lib/teleop_pkg/teleop_node.py -> /home/k/ros2_ws/install/teleop_pkg/lib/python3.10/site-packages/teleop_pkg
byte-compiling /home/k/ros2_ws/install/teleop_pkg/lib/python3.10/site-packages/teleop_pkg/__init__.py to __init__.cpython-310.pyc
byte-compiling /home/k/ros2_ws/install/teleop_pkg/lib/python3.10/site-packages/teleop_pkg/teleop_node.py to teleop_node.cpython-310.pyc
running install_data
creating /home/k/ros2_ws/install/teleop_pkg/share/ament_index
creating /home/k/ros2_ws/install/teleop_pkg/share/ament_index/resource_index
creating /home/k/ros2_ws/install/teleop_pkg/share/ament_index/resource_index/packages
copying resource/teleop_pkg -> /home/k/ros2_ws/install/teleop_pkg/share/ament_index/resource_index/packages
copying package.xml -> /home/k/ros2_ws/install/teleop_pkg/share/teleop_pkg
running install_egg_info
Copying ../../build/teleop_pkg/teleop_pkg.egg-info to /home/k/ros2_ws/install/teleop_pkg/lib/python3.10/site-packages/teleop_pkg-0.0.0-py3.10.egg-info
running install_scripts
Installing teleop_node script to /home/k/ros2_ws/install/teleop_pkg/lib/teleop_pkg
writing list of installed files to '/home/k/ros2_ws/build/teleop_pkg/install.log'
