[0.675s] Invoking command in '/home/k/ros2_ws/src/teleop_pkg': PYTHONPATH=/home/k/ros2_ws/build/teleop_pkg/prefix_override:/usr/lib/python3/dist-packages/colcon_core/task/python/colcon_distutils_commands:/home/k/ros2_ws/install/teleop_pkg/lib/python3.10/site-packages:${PYTHONPATH} /usr/bin/python3 -W ignore:setup.py install is deprecated setup.py egg_info --egg-base ../../build/teleop_pkg build --build-base /home/k/ros2_ws/build/teleop_pkg/build install --record /home/k/ros2_ws/build/teleop_pkg/install.log --single-version-externally-managed install_data
[0.816s] running egg_info
[0.817s] creating ../../build/teleop_pkg/teleop_pkg.egg-info
[0.817s] writing ../../build/teleop_pkg/teleop_pkg.egg-info/PKG-INFO
[0.817s] writing dependency_links to ../../build/teleop_pkg/teleop_pkg.egg-info/dependency_links.txt
[0.817s] writing entry points to ../../build/teleop_pkg/teleop_pkg.egg-info/entry_points.txt
[0.817s] writing requirements to ../../build/teleop_pkg/teleop_pkg.egg-info/requires.txt
[0.817s] writing top-level names to ../../build/teleop_pkg/teleop_pkg.egg-info/top_level.txt
[0.817s] writing manifest file '../../build/teleop_pkg/teleop_pkg.egg-info/SOURCES.txt'
[0.818s] reading manifest file '../../build/teleop_pkg/teleop_pkg.egg-info/SOURCES.txt'
[0.818s] writing manifest file '../../build/teleop_pkg/teleop_pkg.egg-info/SOURCES.txt'
[0.818s] running build
[0.818s] running build_py
[0.819s] creating /home/k/ros2_ws/build/teleop_pkg/build
[0.819s] creating /home/k/ros2_ws/build/teleop_pkg/build/lib
[0.819s] creating /home/k/ros2_ws/build/teleop_pkg/build/lib/teleop_pkg
[0.819s] copying teleop_pkg/__init__.py -> /home/k/ros2_ws/build/teleop_pkg/build/lib/teleop_pkg
[0.819s] copying teleop_pkg/teleop_node.py -> /home/k/ros2_ws/build/teleop_pkg/build/lib/teleop_pkg
[0.819s] running install
[0.819s] running install_lib
[0.819s] creating /home/k/ros2_ws/install/teleop_pkg/lib/python3.10/site-packages/teleop_pkg
[0.819s] copying /home/k/ros2_ws/build/teleop_pkg/build/lib/teleop_pkg/__init__.py -> /home/k/ros2_ws/install/teleop_pkg/lib/python3.10/site-packages/teleop_pkg
[0.819s] copying /home/k/ros2_ws/build/teleop_pkg/build/lib/teleop_pkg/teleop_node.py -> /home/k/ros2_ws/install/teleop_pkg/lib/python3.10/site-packages/teleop_pkg
[0.820s] byte-compiling /home/k/ros2_ws/install/teleop_pkg/lib/python3.10/site-packages/teleop_pkg/__init__.py to __init__.cpython-310.pyc
[0.820s] byte-compiling /home/k/ros2_ws/install/teleop_pkg/lib/python3.10/site-packages/teleop_pkg/teleop_node.py to teleop_node.cpython-310.pyc
[0.820s] running install_data
[0.821s] creating /home/k/ros2_ws/install/teleop_pkg/share/ament_index
[0.821s] creating /home/k/ros2_ws/install/teleop_pkg/share/ament_index/resource_index
[0.821s] creating /home/k/ros2_ws/install/teleop_pkg/share/ament_index/resource_index/packages
[0.821s] copying resource/teleop_pkg -> /home/k/ros2_ws/install/teleop_pkg/share/ament_index/resource_index/packages
[0.821s] copying package.xml -> /home/k/ros2_ws/install/teleop_pkg/share/teleop_pkg
[0.821s] running install_egg_info
[0.821s] Copying ../../build/teleop_pkg/teleop_pkg.egg-info to /home/k/ros2_ws/install/teleop_pkg/lib/python3.10/site-packages/teleop_pkg-0.0.0-py3.10.egg-info
[0.822s] running install_scripts
[0.833s] Installing teleop_node script to /home/k/ros2_ws/install/teleop_pkg/lib/teleop_pkg
[0.833s] writing list of installed files to '/home/k/ros2_ws/build/teleop_pkg/install.log'
[0.851s] Invoked command in '/home/k/ros2_ws/src/teleop_pkg' returned '0': PYTHONPATH=/home/k/ros2_ws/build/teleop_pkg/prefix_override:/usr/lib/python3/dist-packages/colcon_core/task/python/colcon_distutils_commands:/home/k/ros2_ws/install/teleop_pkg/lib/python3.10/site-packages:${PYTHONPATH} /usr/bin/python3 -W ignore:setup.py install is deprecated setup.py egg_info --egg-base ../../build/teleop_pkg build --build-base /home/k/ros2_ws/build/teleop_pkg/build install --record /home/k/ros2_ws/build/teleop_pkg/install.log --single-version-externally-managed install_data
