[0.557s] Invoking command in '/home/k/ros2_ws/src/fixposition_pkg': PYTHONPATH=/home/k/ros2_ws/build/fixposition_pkg/prefix_override:/usr/lib/python3/dist-packages/colcon_core/task/python/colcon_distutils_commands:/home/k/ros2_ws/install/fixposition_pkg/lib/python3.10/site-packages:${PYTHONPATH} /usr/bin/python3 -W ignore:setup.py install is deprecated setup.py egg_info --egg-base ../../build/fixposition_pkg build --build-base /home/k/ros2_ws/build/fixposition_pkg/build install --record /home/k/ros2_ws/build/fixposition_pkg/install.log --single-version-externally-managed install_data
[0.727s] running egg_info
[0.727s] writing ../../build/fixposition_pkg/fixposition_pkg.egg-info/PKG-INFO
[0.731s] writing dependency_links to ../../build/fixposition_pkg/fixposition_pkg.egg-info/dependency_links.txt
[0.731s] writing entry points to ../../build/fixposition_pkg/fixposition_pkg.egg-info/entry_points.txt
[0.731s] writing requirements to ../../build/fixposition_pkg/fixposition_pkg.egg-info/requires.txt
[0.731s] writing top-level names to ../../build/fixposition_pkg/fixposition_pkg.egg-info/top_level.txt
[0.733s] reading manifest file '../../build/fixposition_pkg/fixposition_pkg.egg-info/SOURCES.txt'
[0.734s] writing manifest file '../../build/fixposition_pkg/fixposition_pkg.egg-info/SOURCES.txt'
[0.734s] running build
[0.734s] running build_py
[0.735s] copying fixposition_pkg/imu_subscriber.py -> /home/k/ros2_ws/build/fixposition_pkg/build/lib/fixposition_pkg
[0.736s] running install
[0.736s] running install_lib
[0.737s] copying /home/k/ros2_ws/build/fixposition_pkg/build/lib/fixposition_pkg/imu_subscriber.py -> /home/k/ros2_ws/install/fixposition_pkg/lib/python3.10/site-packages/fixposition_pkg
[0.738s] byte-compiling /home/k/ros2_ws/install/fixposition_pkg/lib/python3.10/site-packages/fixposition_pkg/imu_subscriber.py to imu_subscriber.cpython-310.pyc
[0.738s] running install_data
[0.739s] copying package.xml -> /home/k/ros2_ws/install/fixposition_pkg/share/fixposition_pkg
[0.739s] running install_egg_info
[0.740s] removing '/home/k/ros2_ws/install/fixposition_pkg/lib/python3.10/site-packages/fixposition_pkg-0.0.0-py3.10.egg-info' (and everything under it)
[0.740s] Copying ../../build/fixposition_pkg/fixposition_pkg.egg-info to /home/k/ros2_ws/install/fixposition_pkg/lib/python3.10/site-packages/fixposition_pkg-0.0.0-py3.10.egg-info
[0.742s] running install_scripts
[0.757s] Installing imu_subscriber script to /home/k/ros2_ws/install/fixposition_pkg/lib/fixposition_pkg
[0.757s] writing list of installed files to '/home/k/ros2_ws/build/fixposition_pkg/install.log'
[0.777s] Invoked command in '/home/k/ros2_ws/src/fixposition_pkg' returned '0': PYTHONPATH=/home/k/ros2_ws/build/fixposition_pkg/prefix_override:/usr/lib/python3/dist-packages/colcon_core/task/python/colcon_distutils_commands:/home/k/ros2_ws/install/fixposition_pkg/lib/python3.10/site-packages:${PYTHONPATH} /usr/bin/python3 -W ignore:setup.py install is deprecated setup.py egg_info --egg-base ../../build/fixposition_pkg build --build-base /home/k/ros2_ws/build/fixposition_pkg/build install --record /home/k/ros2_ws/build/fixposition_pkg/install.log --single-version-externally-managed install_data
