[2.183s] Invoking command in '/home/k/ros2_ws/src/fixposition_pkg': PYTHONPATH=/home/k/ros2_ws/build/fixposition_pkg/prefix_override:/usr/lib/python3/dist-packages/colcon_core/task/python/colcon_distutils_commands:/home/k/ros2_ws/install/fixposition_pkg/lib/python3.10/site-packages:${PYTHONPATH} /usr/bin/python3 -W ignore:setup.py install is deprecated setup.py egg_info --egg-base ../../build/fixposition_pkg build --build-base /home/k/ros2_ws/build/fixposition_pkg/build install --record /home/k/ros2_ws/build/fixposition_pkg/install.log --single-version-externally-managed install_data
[2.406s] running egg_info
[2.407s] writing ../../build/fixposition_pkg/fixposition_pkg.egg-info/PKG-INFO
[2.407s] writing dependency_links to ../../build/fixposition_pkg/fixposition_pkg.egg-info/dependency_links.txt
[2.407s] writing entry points to ../../build/fixposition_pkg/fixposition_pkg.egg-info/entry_points.txt
[2.408s] writing requirements to ../../build/fixposition_pkg/fixposition_pkg.egg-info/requires.txt
[2.408s] writing top-level names to ../../build/fixposition_pkg/fixposition_pkg.egg-info/top_level.txt
[2.409s] reading manifest file '../../build/fixposition_pkg/fixposition_pkg.egg-info/SOURCES.txt'
[2.409s] writing manifest file '../../build/fixposition_pkg/fixposition_pkg.egg-info/SOURCES.txt'
[2.410s] running build
[2.410s] running build_py
[2.410s] running install
[2.410s] running install_lib
[2.411s] running install_data
[2.411s] running install_egg_info
[2.413s] removing '/home/k/ros2_ws/install/fixposition_pkg/lib/python3.10/site-packages/fixposition_pkg-0.0.0-py3.10.egg-info' (and everything under it)
[2.413s] Copying ../../build/fixposition_pkg/fixposition_pkg.egg-info to /home/k/ros2_ws/install/fixposition_pkg/lib/python3.10/site-packages/fixposition_pkg-0.0.0-py3.10.egg-info
[2.414s] running install_scripts
[2.429s] Installing fixposition_node script to /home/k/ros2_ws/install/fixposition_pkg/lib/fixposition_pkg
[2.429s] writing list of installed files to '/home/k/ros2_ws/build/fixposition_pkg/install.log'
[2.459s] Invoked command in '/home/k/ros2_ws/src/fixposition_pkg' returned '0': PYTHONPATH=/home/k/ros2_ws/build/fixposition_pkg/prefix_override:/usr/lib/python3/dist-packages/colcon_core/task/python/colcon_distutils_commands:/home/k/ros2_ws/install/fixposition_pkg/lib/python3.10/site-packages:${PYTHONPATH} /usr/bin/python3 -W ignore:setup.py install is deprecated setup.py egg_info --egg-base ../../build/fixposition_pkg build --build-base /home/k/ros2_ws/build/fixposition_pkg/build install --record /home/k/ros2_ws/build/fixposition_pkg/install.log --single-version-externally-managed install_data
