[3.565s] Invoking command in '/home/k/ros2_ws/src/teleop_twist_keyboard': PYTHONPATH=/home/k/ros2_ws/build/teleop_twist_keyboard/prefix_override:/usr/lib/python3/dist-packages/colcon_core/task/python/colcon_distutils_commands:/home/k/ros2_ws/install/teleop_twist_keyboard/lib/python3.10/site-packages:${PYTHONPATH} /usr/bin/python3 -W ignore:setup.py install is deprecated setup.py egg_info --egg-base ../../build/teleop_twist_keyboard build --build-base /home/k/ros2_ws/build/teleop_twist_keyboard/build install --record /home/k/ros2_ws/build/teleop_twist_keyboard/install.log --single-version-externally-managed install_data
[3.818s] running egg_info
[3.821s] creating ../../build/teleop_twist_keyboard/teleop_twist_keyboard.egg-info
[3.821s] writing ../../build/teleop_twist_keyboard/teleop_twist_keyboard.egg-info/PKG-INFO
[3.821s] writing dependency_links to ../../build/teleop_twist_keyboard/teleop_twist_keyboard.egg-info/dependency_links.txt
[3.821s] writing entry points to ../../build/teleop_twist_keyboard/teleop_twist_keyboard.egg-info/entry_points.txt
[3.821s] writing requirements to ../../build/teleop_twist_keyboard/teleop_twist_keyboard.egg-info/requires.txt
[3.821s] writing top-level names to ../../build/teleop_twist_keyboard/teleop_twist_keyboard.egg-info/top_level.txt
[3.821s] writing manifest file '../../build/teleop_twist_keyboard/teleop_twist_keyboard.egg-info/SOURCES.txt'
[3.822s] reading manifest file '../../build/teleop_twist_keyboard/teleop_twist_keyboard.egg-info/SOURCES.txt'
[3.822s] adding license file 'LICENSE'
[3.823s] writing manifest file '../../build/teleop_twist_keyboard/teleop_twist_keyboard.egg-info/SOURCES.txt'
[3.823s] running build
[3.823s] running build_py
[3.823s] creating /home/k/ros2_ws/build/teleop_twist_keyboard/build
[3.823s] creating /home/k/ros2_ws/build/teleop_twist_keyboard/build/lib
[3.823s] copying teleop_twist_keyboard.py -> /home/k/ros2_ws/build/teleop_twist_keyboard/build/lib
[3.824s] running install
[3.824s] running install_lib
[3.824s] copying /home/k/ros2_ws/build/teleop_twist_keyboard/build/lib/teleop_twist_keyboard.py -> /home/k/ros2_ws/install/teleop_twist_keyboard/lib/python3.10/site-packages
[3.825s] byte-compiling /home/k/ros2_ws/install/teleop_twist_keyboard/lib/python3.10/site-packages/teleop_twist_keyboard.py to teleop_twist_keyboard.cpython-310.pyc
[3.825s] running install_data
[3.827s] creating /home/k/ros2_ws/install/teleop_twist_keyboard/share/ament_index
[3.827s] creating /home/k/ros2_ws/install/teleop_twist_keyboard/share/ament_index/resource_index
[3.827s] creating /home/k/ros2_ws/install/teleop_twist_keyboard/share/ament_index/resource_index/packages
[3.828s] copying resource/teleop_twist_keyboard -> /home/k/ros2_ws/install/teleop_twist_keyboard/share/ament_index/resource_index/packages
[3.828s] copying package.xml -> /home/k/ros2_ws/install/teleop_twist_keyboard/share/teleop_twist_keyboard
[3.828s] running install_egg_info
[3.829s] Copying ../../build/teleop_twist_keyboard/teleop_twist_keyboard.egg-info to /home/k/ros2_ws/install/teleop_twist_keyboard/lib/python3.10/site-packages/teleop_twist_keyboard-2.4.0-py3.10.egg-info
[3.831s] running install_scripts
[3.856s] Installing teleop_twist_keyboard script to /home/k/ros2_ws/install/teleop_twist_keyboard/lib/teleop_twist_keyboard
[3.856s] writing list of installed files to '/home/k/ros2_ws/build/teleop_twist_keyboard/install.log'
[3.902s] Invoked command in '/home/k/ros2_ws/src/teleop_twist_keyboard' returned '0': PYTHONPATH=/home/k/ros2_ws/build/teleop_twist_keyboard/prefix_override:/usr/lib/python3/dist-packages/colcon_core/task/python/colcon_distutils_commands:/home/k/ros2_ws/install/teleop_twist_keyboard/lib/python3.10/site-packages:${PYTHONPATH} /usr/bin/python3 -W ignore:setup.py install is deprecated setup.py egg_info --egg-base ../../build/teleop_twist_keyboard build --build-base /home/k/ros2_ws/build/teleop_twist_keyboard/build install --record /home/k/ros2_ws/build/teleop_twist_keyboard/install.log --single-version-externally-managed install_data
