[2.746s] Invoking command in '/home/k/ros2_ws/src/my_robot_description': PYTHONPATH=/home/k/ros2_ws/build/my_robot_description/prefix_override:/usr/lib/python3/dist-packages/colcon_core/task/python/colcon_distutils_commands:/home/k/ros2_ws/install/my_robot_description/lib/python3.10/site-packages:${PYTHONPATH} /usr/bin/python3 -W ignore:setup.py install is deprecated setup.py egg_info --egg-base ../../build/my_robot_description build --build-base /home/k/ros2_ws/build/my_robot_description/build install --record /home/k/ros2_ws/build/my_robot_description/install.log --single-version-externally-managed install_data
[3.064s] running egg_info
[3.066s] writing ../../build/my_robot_description/my_robot_description.egg-info/PKG-INFO
[3.066s] writing dependency_links to ../../build/my_robot_description/my_robot_description.egg-info/dependency_links.txt
[3.066s] writing entry points to ../../build/my_robot_description/my_robot_description.egg-info/entry_points.txt
[3.066s] writing requirements to ../../build/my_robot_description/my_robot_description.egg-info/requires.txt
[3.066s] writing top-level names to ../../build/my_robot_description/my_robot_description.egg-info/top_level.txt
[3.070s] reading manifest file '../../build/my_robot_description/my_robot_description.egg-info/SOURCES.txt'
[3.071s] writing manifest file '../../build/my_robot_description/my_robot_description.egg-info/SOURCES.txt'
[3.071s] running build
[3.071s] running build_py
[3.071s] running install
[3.071s] running install_lib
[3.072s] running install_data
[3.073s] running install_egg_info
[3.075s] removing '/home/k/ros2_ws/install/my_robot_description/lib/python3.10/site-packages/my_robot_description-0.0.0-py3.10.egg-info' (and everything under it)
[3.075s] Copying ../../build/my_robot_description/my_robot_description.egg-info to /home/k/ros2_ws/install/my_robot_description/lib/python3.10/site-packages/my_robot_description-0.0.0-py3.10.egg-info
[3.076s] running install_scripts
[3.101s] writing list of installed files to '/home/k/ros2_ws/build/my_robot_description/install.log'
[3.146s] Invoked command in '/home/k/ros2_ws/src/my_robot_description' returned '0': PYTHONPATH=/home/k/ros2_ws/build/my_robot_description/prefix_override:/usr/lib/python3/dist-packages/colcon_core/task/python/colcon_distutils_commands:/home/k/ros2_ws/install/my_robot_description/lib/python3.10/site-packages:${PYTHONPATH} /usr/bin/python3 -W ignore:setup.py install is deprecated setup.py egg_info --egg-base ../../build/my_robot_description build --build-base /home/k/ros2_ws/build/my_robot_description/build install --record /home/k/ros2_ws/build/my_robot_description/install.log --single-version-externally-managed install_data
