running egg_info
writing ../../build/hardware_pkg/hardware_pkg.egg-info/PKG-INFO
writing dependency_links to ../../build/hardware_pkg/hardware_pkg.egg-info/dependency_links.txt
writing entry points to ../../build/hardware_pkg/hardware_pkg.egg-info/entry_points.txt
writing requirements to ../../build/hardware_pkg/hardware_pkg.egg-info/requires.txt
writing top-level names to ../../build/hardware_pkg/hardware_pkg.egg-info/top_level.txt
reading manifest file '../../build/hardware_pkg/hardware_pkg.egg-info/SOURCES.txt'
writing manifest file '../../build/hardware_pkg/hardware_pkg.egg-info/SOURCES.txt'
running build
running build_py
copying hardware_pkg/control_node.py -> /home/k/ros2_ws/build/hardware_pkg/build/lib/hardware_pkg
running install
running install_lib
copying /home/k/ros2_ws/build/hardware_pkg/build/lib/hardware_pkg/control_node.py -> /home/k/ros2_ws/install/hardware_pkg/lib/python3.10/site-packages/hardware_pkg
byte-compiling /home/k/ros2_ws/install/hardware_pkg/lib/python3.10/site-packages/hardware_pkg/control_node.py to control_node.cpython-310.pyc
running install_data
running install_egg_info
removing '/home/k/ros2_ws/install/hardware_pkg/lib/python3.10/site-packages/hardware_pkg-0.0.0-py3.10.egg-info' (and everything under it)
Copying ../../build/hardware_pkg/hardware_pkg.egg-info to /home/k/ros2_ws/install/hardware_pkg/lib/python3.10/site-packages/hardware_pkg-0.0.0-py3.10.egg-info
running install_scripts
Installing control_node script to /home/k/ros2_ws/install/hardware_pkg/lib/hardware_pkg
writing list of installed files to '/home/k/ros2_ws/build/hardware_pkg/install.log'
