[0.450s] Invoking command in '/home/k/ros2_ws/src/hardware_pkg': PYTHONPATH=/home/k/ros2_ws/build/hardware_pkg/prefix_override:/usr/lib/python3/dist-packages/colcon_core/task/python/colcon_distutils_commands:/home/k/ros2_ws/install/hardware_pkg/lib/python3.10/site-packages:${PYTHONPATH} /usr/bin/python3 -W ignore:setup.py install is deprecated setup.py egg_info --egg-base ../../build/hardware_pkg build --build-base /home/k/ros2_ws/build/hardware_pkg/build install --record /home/k/ros2_ws/build/hardware_pkg/install.log --single-version-externally-managed install_data
[0.622s] running egg_info
[0.622s] writing ../../build/hardware_pkg/hardware_pkg.egg-info/PKG-INFO
[0.625s] writing dependency_links to ../../build/hardware_pkg/hardware_pkg.egg-info/dependency_links.txt
[0.625s] writing entry points to ../../build/hardware_pkg/hardware_pkg.egg-info/entry_points.txt
[0.625s] writing requirements to ../../build/hardware_pkg/hardware_pkg.egg-info/requires.txt
[0.625s] writing top-level names to ../../build/hardware_pkg/hardware_pkg.egg-info/top_level.txt
[0.627s] reading manifest file '../../build/hardware_pkg/hardware_pkg.egg-info/SOURCES.txt'
[0.630s] writing manifest file '../../build/hardware_pkg/hardware_pkg.egg-info/SOURCES.txt'
[0.630s] running build
[0.630s] running build_py
[0.631s] copying hardware_pkg/control_node.py -> /home/k/ros2_ws/build/hardware_pkg/build/lib/hardware_pkg
[0.633s] running install
[0.633s] running install_lib
[0.633s] copying /home/k/ros2_ws/build/hardware_pkg/build/lib/hardware_pkg/control_node.py -> /home/k/ros2_ws/install/hardware_pkg/lib/python3.10/site-packages/hardware_pkg
[0.634s] byte-compiling /home/k/ros2_ws/install/hardware_pkg/lib/python3.10/site-packages/hardware_pkg/control_node.py to control_node.cpython-310.pyc
[0.634s] running install_data
[0.635s] running install_egg_info
[0.637s] removing '/home/k/ros2_ws/install/hardware_pkg/lib/python3.10/site-packages/hardware_pkg-0.0.0-py3.10.egg-info' (and everything under it)
[0.637s] Copying ../../build/hardware_pkg/hardware_pkg.egg-info to /home/k/ros2_ws/install/hardware_pkg/lib/python3.10/site-packages/hardware_pkg-0.0.0-py3.10.egg-info
[0.639s] running install_scripts
[0.653s] Installing control_node script to /home/k/ros2_ws/install/hardware_pkg/lib/hardware_pkg
[0.654s] writing list of installed files to '/home/k/ros2_ws/build/hardware_pkg/install.log'
[0.672s] Invoked command in '/home/k/ros2_ws/src/hardware_pkg' returned '0': PYTHONPATH=/home/k/ros2_ws/build/hardware_pkg/prefix_override:/usr/lib/python3/dist-packages/colcon_core/task/python/colcon_distutils_commands:/home/k/ros2_ws/install/hardware_pkg/lib/python3.10/site-packages:${PYTHONPATH} /usr/bin/python3 -W ignore:setup.py install is deprecated setup.py egg_info --egg-base ../../build/hardware_pkg build --build-base /home/k/ros2_ws/build/hardware_pkg/build install --record /home/k/ros2_ws/build/hardware_pkg/install.log --single-version-externally-managed install_data
