[1.160s] Invoking command in '/home/k/ros2_ws/src/teleop_pkg': PYTHONPATH=/home/k/ros2_ws/build/teleop_pkg/prefix_override:/usr/lib/python3/dist-packages/colcon_core/task/python/colcon_distutils_commands:/home/k/ros2_ws/install/teleop_pkg/lib/python3.10/site-packages:${PYTHONPATH} /usr/bin/python3 -W ignore:setup.py install is deprecated setup.py egg_info --egg-base ../../build/teleop_pkg build --build-base /home/k/ros2_ws/build/teleop_pkg/build install --record /home/k/ros2_ws/build/teleop_pkg/install.log --single-version-externally-managed install_data
[1.342s] running egg_info
[1.342s] writing ../../build/teleop_pkg/teleop_pkg.egg-info/PKG-INFO
[1.342s] writing dependency_links to ../../build/teleop_pkg/teleop_pkg.egg-info/dependency_links.txt
[1.342s] writing entry points to ../../build/teleop_pkg/teleop_pkg.egg-info/entry_points.txt
[1.342s] writing requirements to ../../build/teleop_pkg/teleop_pkg.egg-info/requires.txt
[1.342s] writing top-level names to ../../build/teleop_pkg/teleop_pkg.egg-info/top_level.txt
[1.344s] reading manifest file '../../build/teleop_pkg/teleop_pkg.egg-info/SOURCES.txt'
[1.344s] writing manifest file '../../build/teleop_pkg/teleop_pkg.egg-info/SOURCES.txt'
[1.344s] running build
[1.344s] running build_py
[1.345s] copying teleop_pkg/teleop_node.py -> /home/k/ros2_ws/build/teleop_pkg/build/lib/teleop_pkg
[1.345s] running install
[1.350s] running install_lib
[1.350s] copying /home/k/ros2_ws/build/teleop_pkg/build/lib/teleop_pkg/teleop_node.py -> /home/k/ros2_ws/install/teleop_pkg/lib/python3.10/site-packages/teleop_pkg
[1.350s] byte-compiling /home/k/ros2_ws/install/teleop_pkg/lib/python3.10/site-packages/teleop_pkg/teleop_node.py to teleop_node.cpython-310.pyc
[1.350s] running install_data
[1.350s] running install_egg_info
[1.350s] removing '/home/k/ros2_ws/install/teleop_pkg/lib/python3.10/site-packages/teleop_pkg-0.0.0-py3.10.egg-info' (and everything under it)
[1.350s] Copying ../../build/teleop_pkg/teleop_pkg.egg-info to /home/k/ros2_ws/install/teleop_pkg/lib/python3.10/site-packages/teleop_pkg-0.0.0-py3.10.egg-info
[1.350s] running install_scripts
[1.365s] Installing teleop_node script to /home/k/ros2_ws/install/teleop_pkg/lib/teleop_pkg
[1.365s] writing list of installed files to '/home/k/ros2_ws/build/teleop_pkg/install.log'
[1.393s] Invoked command in '/home/k/ros2_ws/src/teleop_pkg' returned '0': PYTHONPATH=/home/k/ros2_ws/build/teleop_pkg/prefix_override:/usr/lib/python3/dist-packages/colcon_core/task/python/colcon_distutils_commands:/home/k/ros2_ws/install/teleop_pkg/lib/python3.10/site-packages:${PYTHONPATH} /usr/bin/python3 -W ignore:setup.py install is deprecated setup.py egg_info --egg-base ../../build/teleop_pkg build --build-base /home/k/ros2_ws/build/teleop_pkg/build install --record /home/k/ros2_ws/build/teleop_pkg/install.log --single-version-externally-managed install_data
