[0.129s] DEBUG:colcon:Command line arguments: ['/usr/bin/colcon', 'build']
[0.129s] DEBUG:colcon:Parsed command line arguments: Namespace(log_base=None, log_level=None, verb_name='build', build_base='build', install_base='install', merge_install=False, symlink_install=False, test_result_base=None, continue_on_error=False, executor='parallel', parallel_workers=10, event_handlers=None, ignore_user_meta=False, metas=['./colcon.meta'], base_paths=['.'], packages_ignore=None, packages_ignore_regex=None, paths=None, packages_up_to=None, packages_up_to_regex=None, packages_above=None, packages_above_and_dependencies=None, packages_above_depth=None, packages_select_by_dep=None, packages_skip_by_dep=None, packages_skip_up_to=None, packages_select_build_failed=False, packages_skip_build_finished=False, packages_select_test_failures=False, packages_skip_test_passed=False, packages_select=None, packages_skip=None, packages_select_regex=None, packages_skip_regex=None, packages_start=None, packages_end=None, allow_overriding=[], cmake_args=None, cmake_target=None, cmake_target_skip_unavailable=False, cmake_clean_cache=False, cmake_clean_first=False, cmake_force_configure=False, ament_cmake_args=None, catkin_cmake_args=None, catkin_skip_building_tests=False, mixin_files=None, mixin=None, verb_parser=<colcon_mixin.mixin.mixin_argument.MixinArgumentDecorator object at 0x7b007e327340>, verb_extension=<colcon_core.verb.build.BuildVerb object at 0x7b007e326dd0>, main=<bound method BuildVerb.main of <colcon_core.verb.build.BuildVerb object at 0x7b007e326dd0>>, mixin_verb=('build',))
[0.342s] Level 1:colcon.colcon_core.package_discovery:discover_packages(colcon_meta) check parameters
[0.342s] Level 1:colcon.colcon_core.package_discovery:discover_packages(recursive) check parameters
[0.342s] Level 1:colcon.colcon_core.package_discovery:discover_packages(ignore) check parameters
[0.342s] Level 1:colcon.colcon_core.package_discovery:discover_packages(path) check parameters
[0.342s] Level 1:colcon.colcon_core.package_discovery:discover_packages(colcon_meta) discover
[0.342s] Level 1:colcon.colcon_core.package_discovery:discover_packages(recursive) discover
[0.342s] INFO:colcon.colcon_core.package_discovery:Crawling recursively for packages in '/home/k/ros2_ws'
[0.343s] Level 1:colcon.colcon_core.package_identification:_identify(.) by extensions ['ignore', 'ignore_ament_install']
[0.343s] Level 1:colcon.colcon_core.package_identification:_identify(.) by extension 'ignore'
[0.343s] Level 1:colcon.colcon_core.package_identification:_identify(.) by extension 'ignore_ament_install'
[0.343s] Level 1:colcon.colcon_core.package_identification:_identify(.) by extensions ['colcon_pkg']
[0.343s] Level 1:colcon.colcon_core.package_identification:_identify(.) by extension 'colcon_pkg'
[0.343s] Level 1:colcon.colcon_core.package_identification:_identify(.) by extensions ['colcon_meta']
[0.343s] Level 1:colcon.colcon_core.package_identification:_identify(.) by extension 'colcon_meta'
[0.343s] Level 1:colcon.colcon_core.package_identification:_identify(.) by extensions ['ros']
[0.343s] Level 1:colcon.colcon_core.package_identification:_identify(.) by extension 'ros'
[0.359s] Level 1:colcon.colcon_core.package_identification:_identify(.) by extensions ['cmake', 'python']
[0.359s] Level 1:colcon.colcon_core.package_identification:_identify(.) by extension 'cmake'
[0.359s] Level 1:colcon.colcon_core.package_identification:_identify(.) by extension 'python'
[0.359s] Level 1:colcon.colcon_core.package_identification:_identify(.) by extensions ['python_setup_py']
[0.359s] Level 1:colcon.colcon_core.package_identification:_identify(.) by extension 'python_setup_py'
[0.360s] Level 1:colcon.colcon_core.package_identification:_identify(build) by extensions ['ignore', 'ignore_ament_install']
[0.360s] Level 1:colcon.colcon_core.package_identification:_identify(build) by extension 'ignore'
[0.360s] Level 1:colcon.colcon_core.package_identification:_identify(build) ignored
[0.360s] Level 1:colcon.colcon_core.package_identification:_identify(install) by extensions ['ignore', 'ignore_ament_install']
[0.360s] Level 1:colcon.colcon_core.package_identification:_identify(install) by extension 'ignore'
[0.360s] Level 1:colcon.colcon_core.package_identification:_identify(install) ignored
[0.360s] Level 1:colcon.colcon_core.package_identification:_identify(log) by extensions ['ignore', 'ignore_ament_install']
[0.360s] Level 1:colcon.colcon_core.package_identification:_identify(log) by extension 'ignore'
[0.360s] Level 1:colcon.colcon_core.package_identification:_identify(log) ignored
[0.360s] Level 1:colcon.colcon_core.package_identification:_identify(src) by extensions ['ignore', 'ignore_ament_install']
[0.360s] Level 1:colcon.colcon_core.package_identification:_identify(src) by extension 'ignore'
[0.360s] Level 1:colcon.colcon_core.package_identification:_identify(src) by extension 'ignore_ament_install'
[0.360s] Level 1:colcon.colcon_core.package_identification:_identify(src) by extensions ['colcon_pkg']
[0.360s] Level 1:colcon.colcon_core.package_identification:_identify(src) by extension 'colcon_pkg'
[0.361s] Level 1:colcon.colcon_core.package_identification:_identify(src) by extensions ['colcon_meta']
[0.361s] Level 1:colcon.colcon_core.package_identification:_identify(src) by extension 'colcon_meta'
[0.361s] Level 1:colcon.colcon_core.package_identification:_identify(src) by extensions ['ros']
[0.361s] Level 1:colcon.colcon_core.package_identification:_identify(src) by extension 'ros'
[0.361s] Level 1:colcon.colcon_core.package_identification:_identify(src) by extensions ['cmake', 'python']
[0.361s] Level 1:colcon.colcon_core.package_identification:_identify(src) by extension 'cmake'
[0.361s] Level 1:colcon.colcon_core.package_identification:_identify(src) by extension 'python'
[0.361s] Level 1:colcon.colcon_core.package_identification:_identify(src) by extensions ['python_setup_py']
[0.361s] Level 1:colcon.colcon_core.package_identification:_identify(src) by extension 'python_setup_py'
[0.361s] Level 1:colcon.colcon_core.package_identification:_identify(src/ROS-TCP-Endpoint-main-ros2) by extensions ['ignore', 'ignore_ament_install']
[0.361s] Level 1:colcon.colcon_core.package_identification:_identify(src/ROS-TCP-Endpoint-main-ros2) by extension 'ignore'
[0.361s] Level 1:colcon.colcon_core.package_identification:_identify(src/ROS-TCP-Endpoint-main-ros2) by extension 'ignore_ament_install'
[0.361s] Level 1:colcon.colcon_core.package_identification:_identify(src/ROS-TCP-Endpoint-main-ros2) by extensions ['colcon_pkg']
[0.361s] Level 1:colcon.colcon_core.package_identification:_identify(src/ROS-TCP-Endpoint-main-ros2) by extension 'colcon_pkg'
[0.361s] Level 1:colcon.colcon_core.package_identification:_identify(src/ROS-TCP-Endpoint-main-ros2) by extensions ['colcon_meta']
[0.361s] Level 1:colcon.colcon_core.package_identification:_identify(src/ROS-TCP-Endpoint-main-ros2) by extension 'colcon_meta'
[0.361s] Level 1:colcon.colcon_core.package_identification:_identify(src/ROS-TCP-Endpoint-main-ros2) by extensions ['ros']
[0.361s] Level 1:colcon.colcon_core.package_identification:_identify(src/ROS-TCP-Endpoint-main-ros2) by extension 'ros'
[0.364s] DEBUG:colcon.colcon_core.package_identification:Package 'src/ROS-TCP-Endpoint-main-ros2' with type 'ros.ament_python' and name 'ros_tcp_endpoint'
[0.364s] Level 1:colcon.colcon_core.package_identification:_identify(src/camera_subscriber) by extensions ['ignore', 'ignore_ament_install']
[0.364s] Level 1:colcon.colcon_core.package_identification:_identify(src/camera_subscriber) by extension 'ignore'
[0.364s] Level 1:colcon.colcon_core.package_identification:_identify(src/camera_subscriber) by extension 'ignore_ament_install'
[0.364s] Level 1:colcon.colcon_core.package_identification:_identify(src/camera_subscriber) by extensions ['colcon_pkg']
[0.364s] Level 1:colcon.colcon_core.package_identification:_identify(src/camera_subscriber) by extension 'colcon_pkg'
[0.364s] Level 1:colcon.colcon_core.package_identification:_identify(src/camera_subscriber) by extensions ['colcon_meta']
[0.364s] Level 1:colcon.colcon_core.package_identification:_identify(src/camera_subscriber) by extension 'colcon_meta'
[0.364s] Level 1:colcon.colcon_core.package_identification:_identify(src/camera_subscriber) by extensions ['ros']
[0.364s] Level 1:colcon.colcon_core.package_identification:_identify(src/camera_subscriber) by extension 'ros'
[0.365s] DEBUG:colcon.colcon_core.package_identification:Package 'src/camera_subscriber' with type 'ros.ament_python' and name 'camera_subscriber'
[0.365s] Level 1:colcon.colcon_core.package_identification:_identify(src/hardware_pkg) by extensions ['ignore', 'ignore_ament_install']
[0.365s] Level 1:colcon.colcon_core.package_identification:_identify(src/hardware_pkg) by extension 'ignore'
[0.365s] Level 1:colcon.colcon_core.package_identification:_identify(src/hardware_pkg) by extension 'ignore_ament_install'
[0.365s] Level 1:colcon.colcon_core.package_identification:_identify(src/hardware_pkg) by extensions ['colcon_pkg']
[0.365s] Level 1:colcon.colcon_core.package_identification:_identify(src/hardware_pkg) by extension 'colcon_pkg'
[0.365s] Level 1:colcon.colcon_core.package_identification:_identify(src/hardware_pkg) by extensions ['colcon_meta']
[0.365s] Level 1:colcon.colcon_core.package_identification:_identify(src/hardware_pkg) by extension 'colcon_meta'
[0.366s] Level 1:colcon.colcon_core.package_identification:_identify(src/hardware_pkg) by extensions ['ros']
[0.366s] Level 1:colcon.colcon_core.package_identification:_identify(src/hardware_pkg) by extension 'ros'
[0.376s] DEBUG:colcon.colcon_core.package_identification:Failed to parse potential ROS package manifest in'src/hardware_pkg': Error(s) in package 'src/hardware_pkg/package.xml':
The manifest contains invalid XML:
mismatched tag: line 8, column 25
[0.376s] Level 1:colcon.colcon_core.package_identification:_identify(src/hardware_pkg) by extensions ['cmake', 'python']
[0.376s] Level 1:colcon.colcon_core.package_identification:_identify(src/hardware_pkg) by extension 'cmake'
[0.376s] Level 1:colcon.colcon_core.package_identification:_identify(src/hardware_pkg) by extension 'python'
[0.377s] DEBUG:colcon.colcon_core.package_identification:Python package in 'src/hardware_pkg' passes arguments to the setup() function which requires a different identification extension than 'python'
[0.377s] Level 1:colcon.colcon_core.package_identification:_identify(src/hardware_pkg) by extensions ['python_setup_py']
[0.377s] Level 1:colcon.colcon_core.package_identification:_identify(src/hardware_pkg) by extension 'python_setup_py'
[0.698s] DEBUG:colcon.colcon_core.package_identification:Package 'src/hardware_pkg' with type 'python' and name 'hardware_pkg'
[0.698s] Level 1:colcon.colcon_core.package_identification:_identify(src/lidar_subscriber) by extensions ['ignore', 'ignore_ament_install']
[0.699s] Level 1:colcon.colcon_core.package_identification:_identify(src/lidar_subscriber) by extension 'ignore'
[0.699s] Level 1:colcon.colcon_core.package_identification:_identify(src/lidar_subscriber) by extension 'ignore_ament_install'
[0.699s] Level 1:colcon.colcon_core.package_identification:_identify(src/lidar_subscriber) by extensions ['colcon_pkg']
[0.699s] Level 1:colcon.colcon_core.package_identification:_identify(src/lidar_subscriber) by extension 'colcon_pkg'
[0.699s] Level 1:colcon.colcon_core.package_identification:_identify(src/lidar_subscriber) by extensions ['colcon_meta']
[0.699s] Level 1:colcon.colcon_core.package_identification:_identify(src/lidar_subscriber) by extension 'colcon_meta'
[0.699s] Level 1:colcon.colcon_core.package_identification:_identify(src/lidar_subscriber) by extensions ['ros']
[0.699s] Level 1:colcon.colcon_core.package_identification:_identify(src/lidar_subscriber) by extension 'ros'
[0.700s] DEBUG:colcon.colcon_core.package_identification:Package 'src/lidar_subscriber' with type 'ros.ament_python' and name 'lidar_subscriber'
[0.700s] Level 1:colcon.colcon_core.package_identification:_identify(src/my_robot_description) by extensions ['ignore', 'ignore_ament_install']
[0.700s] Level 1:colcon.colcon_core.package_identification:_identify(src/my_robot_description) by extension 'ignore'
[0.700s] Level 1:colcon.colcon_core.package_identification:_identify(src/my_robot_description) by extension 'ignore_ament_install'
[0.700s] Level 1:colcon.colcon_core.package_identification:_identify(src/my_robot_description) by extensions ['colcon_pkg']
[0.700s] Level 1:colcon.colcon_core.package_identification:_identify(src/my_robot_description) by extension 'colcon_pkg'
[0.700s] Level 1:colcon.colcon_core.package_identification:_identify(src/my_robot_description) by extensions ['colcon_meta']
[0.700s] Level 1:colcon.colcon_core.package_identification:_identify(src/my_robot_description) by extension 'colcon_meta'
[0.700s] Level 1:colcon.colcon_core.package_identification:_identify(src/my_robot_description) by extensions ['ros']
[0.700s] Level 1:colcon.colcon_core.package_identification:_identify(src/my_robot_description) by extension 'ros'
[0.701s] DEBUG:colcon.colcon_core.package_identification:Package 'src/my_robot_description' with type 'ros.ament_python' and name 'my_robot_description'
[0.701s] Level 1:colcon.colcon_core.package_identification:_identify(src/position_pkg) by extensions ['ignore', 'ignore_ament_install']
[0.701s] Level 1:colcon.colcon_core.package_identification:_identify(src/position_pkg) by extension 'ignore'
[0.701s] Level 1:colcon.colcon_core.package_identification:_identify(src/position_pkg) by extension 'ignore_ament_install'
[0.701s] Level 1:colcon.colcon_core.package_identification:_identify(src/position_pkg) by extensions ['colcon_pkg']
[0.701s] Level 1:colcon.colcon_core.package_identification:_identify(src/position_pkg) by extension 'colcon_pkg'
[0.701s] Level 1:colcon.colcon_core.package_identification:_identify(src/position_pkg) by extensions ['colcon_meta']
[0.701s] Level 1:colcon.colcon_core.package_identification:_identify(src/position_pkg) by extension 'colcon_meta'
[0.701s] Level 1:colcon.colcon_core.package_identification:_identify(src/position_pkg) by extensions ['ros']
[0.701s] Level 1:colcon.colcon_core.package_identification:_identify(src/position_pkg) by extension 'ros'
[0.702s] DEBUG:colcon.colcon_core.package_identification:Package 'src/position_pkg' with type 'ros.ament_python' and name 'position_pkg'
[0.702s] Level 1:colcon.colcon_core.package_identification:_identify(src/teleop_pkg) by extensions ['ignore', 'ignore_ament_install']
[0.702s] Level 1:colcon.colcon_core.package_identification:_identify(src/teleop_pkg) by extension 'ignore'
[0.702s] Level 1:colcon.colcon_core.package_identification:_identify(src/teleop_pkg) ignored
[0.702s] Level 1:colcon.colcon_core.package_discovery:discover_packages(recursive) using defaults
[0.702s] Level 1:colcon.colcon_core.package_discovery:discover_packages(ignore) discover
[0.702s] Level 1:colcon.colcon_core.package_discovery:discover_packages(ignore) using defaults
[0.702s] Level 1:colcon.colcon_core.package_discovery:discover_packages(path) discover
[0.702s] Level 1:colcon.colcon_core.package_discovery:discover_packages(path) using defaults
[0.726s] Level 1:colcon.colcon_core.package_discovery:discover_packages(prefix_path) check parameters
[0.726s] Level 1:colcon.colcon_core.package_discovery:discover_packages(prefix_path) discover
[0.729s] DEBUG:colcon.colcon_installed_package_information.package_discovery:Found 7 installed packages in /home/k/ros2_ws/install
[0.730s] DEBUG:colcon.colcon_installed_package_information.package_discovery:Found 300 installed packages in /opt/ros/humble
[0.732s] Level 1:colcon.colcon_core.package_discovery:discover_packages(prefix_path) using defaults
[0.778s] Level 5:colcon.colcon_core.verb:set package 'camera_subscriber' build argument 'cmake_args' from command line to 'None'
[0.778s] Level 5:colcon.colcon_core.verb:set package 'camera_subscriber' build argument 'cmake_target' from command line to 'None'
[0.778s] Level 5:colcon.colcon_core.verb:set package 'camera_subscriber' build argument 'cmake_target_skip_unavailable' from command line to 'False'
[0.778s] Level 5:colcon.colcon_core.verb:set package 'camera_subscriber' build argument 'cmake_clean_cache' from command line to 'False'
[0.778s] Level 5:colcon.colcon_core.verb:set package 'camera_subscriber' build argument 'cmake_clean_first' from command line to 'False'
[0.778s] Level 5:colcon.colcon_core.verb:set package 'camera_subscriber' build argument 'cmake_force_configure' from command line to 'False'
[0.778s] Level 5:colcon.colcon_core.verb:set package 'camera_subscriber' build argument 'ament_cmake_args' from command line to 'None'
[0.778s] Level 5:colcon.colcon_core.verb:set package 'camera_subscriber' build argument 'catkin_cmake_args' from command line to 'None'
[0.778s] Level 5:colcon.colcon_core.verb:set package 'camera_subscriber' build argument 'catkin_skip_building_tests' from command line to 'False'
[0.778s] DEBUG:colcon.colcon_core.verb:Building package 'camera_subscriber' with the following arguments: {'ament_cmake_args': None, 'build_base': '/home/k/ros2_ws/build/camera_subscriber', 'catkin_cmake_args': None, 'catkin_skip_building_tests': False, 'cmake_args': None, 'cmake_clean_cache': False, 'cmake_clean_first': False, 'cmake_force_configure': False, 'cmake_target': None, 'cmake_target_skip_unavailable': False, 'install_base': '/home/k/ros2_ws/install/camera_subscriber', 'merge_install': False, 'path': '/home/k/ros2_ws/src/camera_subscriber', 'symlink_install': False, 'test_result_base': None}
[0.779s] Level 5:colcon.colcon_core.verb:set package 'hardware_pkg' build argument 'cmake_args' from command line to 'None'
[0.779s] Level 5:colcon.colcon_core.verb:set package 'hardware_pkg' build argument 'cmake_target' from command line to 'None'
[0.779s] Level 5:colcon.colcon_core.verb:set package 'hardware_pkg' build argument 'cmake_target_skip_unavailable' from command line to 'False'
[0.779s] Level 5:colcon.colcon_core.verb:set package 'hardware_pkg' build argument 'cmake_clean_cache' from command line to 'False'
[0.779s] Level 5:colcon.colcon_core.verb:set package 'hardware_pkg' build argument 'cmake_clean_first' from command line to 'False'
[0.779s] Level 5:colcon.colcon_core.verb:set package 'hardware_pkg' build argument 'cmake_force_configure' from command line to 'False'
[0.779s] Level 5:colcon.colcon_core.verb:set package 'hardware_pkg' build argument 'ament_cmake_args' from command line to 'None'
[0.779s] Level 5:colcon.colcon_core.verb:set package 'hardware_pkg' build argument 'catkin_cmake_args' from command line to 'None'
[0.779s] Level 5:colcon.colcon_core.verb:set package 'hardware_pkg' build argument 'catkin_skip_building_tests' from command line to 'False'
[0.779s] DEBUG:colcon.colcon_core.verb:Building package 'hardware_pkg' with the following arguments: {'ament_cmake_args': None, 'build_base': '/home/k/ros2_ws/build/hardware_pkg', 'catkin_cmake_args': None, 'catkin_skip_building_tests': False, 'cmake_args': None, 'cmake_clean_cache': False, 'cmake_clean_first': False, 'cmake_force_configure': False, 'cmake_target': None, 'cmake_target_skip_unavailable': False, 'install_base': '/home/k/ros2_ws/install/hardware_pkg', 'merge_install': False, 'path': '/home/k/ros2_ws/src/hardware_pkg', 'symlink_install': False, 'test_result_base': None}
[0.780s] Level 5:colcon.colcon_core.verb:set package 'lidar_subscriber' build argument 'cmake_args' from command line to 'None'
[0.780s] Level 5:colcon.colcon_core.verb:set package 'lidar_subscriber' build argument 'cmake_target' from command line to 'None'
[0.780s] Level 5:colcon.colcon_core.verb:set package 'lidar_subscriber' build argument 'cmake_target_skip_unavailable' from command line to 'False'
[0.780s] Level 5:colcon.colcon_core.verb:set package 'lidar_subscriber' build argument 'cmake_clean_cache' from command line to 'False'
[0.780s] Level 5:colcon.colcon_core.verb:set package 'lidar_subscriber' build argument 'cmake_clean_first' from command line to 'False'
[0.780s] Level 5:colcon.colcon_core.verb:set package 'lidar_subscriber' build argument 'cmake_force_configure' from command line to 'False'
[0.780s] Level 5:colcon.colcon_core.verb:set package 'lidar_subscriber' build argument 'ament_cmake_args' from command line to 'None'
[0.780s] Level 5:colcon.colcon_core.verb:set package 'lidar_subscriber' build argument 'catkin_cmake_args' from command line to 'None'
[0.780s] Level 5:colcon.colcon_core.verb:set package 'lidar_subscriber' build argument 'catkin_skip_building_tests' from command line to 'False'
[0.780s] DEBUG:colcon.colcon_core.verb:Building package 'lidar_subscriber' with the following arguments: {'ament_cmake_args': None, 'build_base': '/home/k/ros2_ws/build/lidar_subscriber', 'catkin_cmake_args': None, 'catkin_skip_building_tests': False, 'cmake_args': None, 'cmake_clean_cache': False, 'cmake_clean_first': False, 'cmake_force_configure': False, 'cmake_target': None, 'cmake_target_skip_unavailable': False, 'install_base': '/home/k/ros2_ws/install/lidar_subscriber', 'merge_install': False, 'path': '/home/k/ros2_ws/src/lidar_subscriber', 'symlink_install': False, 'test_result_base': None}
[0.781s] Level 5:colcon.colcon_core.verb:set package 'my_robot_description' build argument 'cmake_args' from command line to 'None'
[0.781s] Level 5:colcon.colcon_core.verb:set package 'my_robot_description' build argument 'cmake_target' from command line to 'None'
[0.781s] Level 5:colcon.colcon_core.verb:set package 'my_robot_description' build argument 'cmake_target_skip_unavailable' from command line to 'False'
[0.781s] Level 5:colcon.colcon_core.verb:set package 'my_robot_description' build argument 'cmake_clean_cache' from command line to 'False'
[0.781s] Level 5:colcon.colcon_core.verb:set package 'my_robot_description' build argument 'cmake_clean_first' from command line to 'False'
[0.781s] Level 5:colcon.colcon_core.verb:set package 'my_robot_description' build argument 'cmake_force_configure' from command line to 'False'
[0.781s] Level 5:colcon.colcon_core.verb:set package 'my_robot_description' build argument 'ament_cmake_args' from command line to 'None'
[0.781s] Level 5:colcon.colcon_core.verb:set package 'my_robot_description' build argument 'catkin_cmake_args' from command line to 'None'
[0.781s] Level 5:colcon.colcon_core.verb:set package 'my_robot_description' build argument 'catkin_skip_building_tests' from command line to 'False'
[0.781s] DEBUG:colcon.colcon_core.verb:Building package 'my_robot_description' with the following arguments: {'ament_cmake_args': None, 'build_base': '/home/k/ros2_ws/build/my_robot_description', 'catkin_cmake_args': None, 'catkin_skip_building_tests': False, 'cmake_args': None, 'cmake_clean_cache': False, 'cmake_clean_first': False, 'cmake_force_configure': False, 'cmake_target': None, 'cmake_target_skip_unavailable': False, 'install_base': '/home/k/ros2_ws/install/my_robot_description', 'merge_install': False, 'path': '/home/k/ros2_ws/src/my_robot_description', 'symlink_install': False, 'test_result_base': None}
[0.781s] Level 5:colcon.colcon_core.verb:set package 'position_pkg' build argument 'cmake_args' from command line to 'None'
[0.781s] Level 5:colcon.colcon_core.verb:set package 'position_pkg' build argument 'cmake_target' from command line to 'None'
[0.781s] Level 5:colcon.colcon_core.verb:set package 'position_pkg' build argument 'cmake_target_skip_unavailable' from command line to 'False'
[0.781s] Level 5:colcon.colcon_core.verb:set package 'position_pkg' build argument 'cmake_clean_cache' from command line to 'False'
[0.781s] Level 5:colcon.colcon_core.verb:set package 'position_pkg' build argument 'cmake_clean_first' from command line to 'False'
[0.781s] Level 5:colcon.colcon_core.verb:set package 'position_pkg' build argument 'cmake_force_configure' from command line to 'False'
[0.781s] Level 5:colcon.colcon_core.verb:set package 'position_pkg' build argument 'ament_cmake_args' from command line to 'None'
[0.781s] Level 5:colcon.colcon_core.verb:set package 'position_pkg' build argument 'catkin_cmake_args' from command line to 'None'
[0.782s] Level 5:colcon.colcon_core.verb:set package 'position_pkg' build argument 'catkin_skip_building_tests' from command line to 'False'
[0.782s] DEBUG:colcon.colcon_core.verb:Building package 'position_pkg' with the following arguments: {'ament_cmake_args': None, 'build_base': '/home/k/ros2_ws/build/position_pkg', 'catkin_cmake_args': None, 'catkin_skip_building_tests': False, 'cmake_args': None, 'cmake_clean_cache': False, 'cmake_clean_first': False, 'cmake_force_configure': False, 'cmake_target': None, 'cmake_target_skip_unavailable': False, 'install_base': '/home/k/ros2_ws/install/position_pkg', 'merge_install': False, 'path': '/home/k/ros2_ws/src/position_pkg', 'symlink_install': False, 'test_result_base': None}
[0.782s] Level 5:colcon.colcon_core.verb:set package 'ros_tcp_endpoint' build argument 'cmake_args' from command line to 'None'
[0.782s] Level 5:colcon.colcon_core.verb:set package 'ros_tcp_endpoint' build argument 'cmake_target' from command line to 'None'
[0.782s] Level 5:colcon.colcon_core.verb:set package 'ros_tcp_endpoint' build argument 'cmake_target_skip_unavailable' from command line to 'False'
[0.782s] Level 5:colcon.colcon_core.verb:set package 'ros_tcp_endpoint' build argument 'cmake_clean_cache' from command line to 'False'
[0.782s] Level 5:colcon.colcon_core.verb:set package 'ros_tcp_endpoint' build argument 'cmake_clean_first' from command line to 'False'
[0.782s] Level 5:colcon.colcon_core.verb:set package 'ros_tcp_endpoint' build argument 'cmake_force_configure' from command line to 'False'
[0.782s] Level 5:colcon.colcon_core.verb:set package 'ros_tcp_endpoint' build argument 'ament_cmake_args' from command line to 'None'
[0.782s] Level 5:colcon.colcon_core.verb:set package 'ros_tcp_endpoint' build argument 'catkin_cmake_args' from command line to 'None'
[0.782s] Level 5:colcon.colcon_core.verb:set package 'ros_tcp_endpoint' build argument 'catkin_skip_building_tests' from command line to 'False'
[0.782s] DEBUG:colcon.colcon_core.verb:Building package 'ros_tcp_endpoint' with the following arguments: {'ament_cmake_args': None, 'build_base': '/home/k/ros2_ws/build/ros_tcp_endpoint', 'catkin_cmake_args': None, 'catkin_skip_building_tests': False, 'cmake_args': None, 'cmake_clean_cache': False, 'cmake_clean_first': False, 'cmake_force_configure': False, 'cmake_target': None, 'cmake_target_skip_unavailable': False, 'install_base': '/home/k/ros2_ws/install/ros_tcp_endpoint', 'merge_install': False, 'path': '/home/k/ros2_ws/src/ROS-TCP-Endpoint-main-ros2', 'symlink_install': False, 'test_result_base': None}
[0.782s] INFO:colcon.colcon_core.executor:Executing jobs using 'parallel' executor
[0.784s] DEBUG:colcon.colcon_parallel_executor.executor.parallel:run_until_complete
[0.785s] INFO:colcon.colcon_ros.task.ament_python.build:Building ROS package in '/home/k/ros2_ws/src/camera_subscriber' with build type 'ament_python'
[0.785s] Level 1:colcon.colcon_core.shell:create_environment_hook('camera_subscriber', 'ament_prefix_path')
[0.788s] INFO:colcon.colcon_core.plugin_system:Skipping extension 'colcon_core.shell.bat': Not used on non-Windows systems
[0.788s] INFO:colcon.colcon_core.shell:Creating environment hook '/home/k/ros2_ws/install/camera_subscriber/share/camera_subscriber/hook/ament_prefix_path.ps1'
[0.789s] INFO:colcon.colcon_core.shell:Creating environment descriptor '/home/k/ros2_ws/install/camera_subscriber/share/camera_subscriber/hook/ament_prefix_path.dsv'
[0.790s] INFO:colcon.colcon_core.shell:Creating environment hook '/home/k/ros2_ws/install/camera_subscriber/share/camera_subscriber/hook/ament_prefix_path.sh'
[0.791s] INFO:colcon.colcon_core.shell:Skip shell extension 'powershell' for command environment: Not usable outside of PowerShell
[0.791s] DEBUG:colcon.colcon_core.shell:Skip shell extension 'dsv' for command environment
[0.794s] INFO:colcon.colcon_core.task.python.build:Building Python package in '/home/k/ros2_ws/src/hardware_pkg'
[0.795s] INFO:colcon.colcon_core.shell:Skip shell extension 'powershell' for command environment: Not usable outside of PowerShell
[0.795s] DEBUG:colcon.colcon_core.shell:Skip shell extension 'dsv' for command environment
[0.799s] INFO:colcon.colcon_ros.task.ament_python.build:Building ROS package in '/home/k/ros2_ws/src/lidar_subscriber' with build type 'ament_python'
[0.799s] Level 1:colcon.colcon_core.shell:create_environment_hook('lidar_subscriber', 'ament_prefix_path')
[0.799s] INFO:colcon.colcon_core.shell:Creating environment hook '/home/k/ros2_ws/install/lidar_subscriber/share/lidar_subscriber/hook/ament_prefix_path.ps1'
[0.801s] INFO:colcon.colcon_core.shell:Creating environment descriptor '/home/k/ros2_ws/install/lidar_subscriber/share/lidar_subscriber/hook/ament_prefix_path.dsv'
[0.801s] INFO:colcon.colcon_core.shell:Creating environment hook '/home/k/ros2_ws/install/lidar_subscriber/share/lidar_subscriber/hook/ament_prefix_path.sh'
[0.803s] INFO:colcon.colcon_core.shell:Skip shell extension 'powershell' for command environment: Not usable outside of PowerShell
[0.803s] DEBUG:colcon.colcon_core.shell:Skip shell extension 'dsv' for command environment
[0.808s] INFO:colcon.colcon_ros.task.ament_python.build:Building ROS package in '/home/k/ros2_ws/src/my_robot_description' with build type 'ament_python'
[0.808s] Level 1:colcon.colcon_core.shell:create_environment_hook('my_robot_description', 'ament_prefix_path')
[0.808s] INFO:colcon.colcon_core.shell:Creating environment hook '/home/k/ros2_ws/install/my_robot_description/share/my_robot_description/hook/ament_prefix_path.ps1'
[0.809s] INFO:colcon.colcon_core.shell:Creating environment descriptor '/home/k/ros2_ws/install/my_robot_description/share/my_robot_description/hook/ament_prefix_path.dsv'
[0.810s] INFO:colcon.colcon_core.shell:Creating environment hook '/home/k/ros2_ws/install/my_robot_description/share/my_robot_description/hook/ament_prefix_path.sh'
[0.812s] INFO:colcon.colcon_core.shell:Skip shell extension 'powershell' for command environment: Not usable outside of PowerShell
[0.812s] DEBUG:colcon.colcon_core.shell:Skip shell extension 'dsv' for command environment
[0.818s] INFO:colcon.colcon_ros.task.ament_python.build:Building ROS package in '/home/k/ros2_ws/src/position_pkg' with build type 'ament_python'
[0.819s] Level 1:colcon.colcon_core.shell:create_environment_hook('position_pkg', 'ament_prefix_path')
[0.819s] INFO:colcon.colcon_core.shell:Creating environment hook '/home/k/ros2_ws/install/position_pkg/share/position_pkg/hook/ament_prefix_path.ps1'
[0.820s] INFO:colcon.colcon_core.shell:Creating environment descriptor '/home/k/ros2_ws/install/position_pkg/share/position_pkg/hook/ament_prefix_path.dsv'
[0.821s] INFO:colcon.colcon_core.shell:Creating environment hook '/home/k/ros2_ws/install/position_pkg/share/position_pkg/hook/ament_prefix_path.sh'
[0.822s] INFO:colcon.colcon_core.shell:Skip shell extension 'powershell' for command environment: Not usable outside of PowerShell
[0.822s] DEBUG:colcon.colcon_core.shell:Skip shell extension 'dsv' for command environment
[0.827s] INFO:colcon.colcon_ros.task.ament_python.build:Building ROS package in '/home/k/ros2_ws/src/ROS-TCP-Endpoint-main-ros2' with build type 'ament_python'
[0.827s] Level 1:colcon.colcon_core.shell:create_environment_hook('ros_tcp_endpoint', 'ament_prefix_path')
[0.828s] INFO:colcon.colcon_core.shell:Creating environment hook '/home/k/ros2_ws/install/ros_tcp_endpoint/share/ros_tcp_endpoint/hook/ament_prefix_path.ps1'
[0.829s] INFO:colcon.colcon_core.shell:Creating environment descriptor '/home/k/ros2_ws/install/ros_tcp_endpoint/share/ros_tcp_endpoint/hook/ament_prefix_path.dsv'
[0.831s] INFO:colcon.colcon_core.shell:Creating environment hook '/home/k/ros2_ws/install/ros_tcp_endpoint/share/ros_tcp_endpoint/hook/ament_prefix_path.sh'
[0.832s] INFO:colcon.colcon_core.shell:Skip shell extension 'powershell' for command environment: Not usable outside of PowerShell
[0.832s] DEBUG:colcon.colcon_core.shell:Skip shell extension 'dsv' for command environment
[1.170s] INFO:colcon.colcon_core.task.python.build:Building Python package in '/home/k/ros2_ws/src/camera_subscriber'
[1.171s] INFO:colcon.colcon_core.shell:Skip shell extension 'powershell' for command environment: Not usable outside of PowerShell
[1.171s] DEBUG:colcon.colcon_core.shell:Skip shell extension 'dsv' for command environment
[1.842s] INFO:colcon.colcon_core.task.python.build:Building Python package in '/home/k/ros2_ws/src/lidar_subscriber'
[1.843s] INFO:colcon.colcon_core.shell:Skip shell extension 'powershell' for command environment: Not usable outside of PowerShell
[1.843s] DEBUG:colcon.colcon_core.shell:Skip shell extension 'dsv' for command environment
[2.177s] INFO:colcon.colcon_core.task.python.build:Building Python package in '/home/k/ros2_ws/src/my_robot_description'
[2.177s] INFO:colcon.colcon_core.shell:Skip shell extension 'powershell' for command environment: Not usable outside of PowerShell
[2.178s] DEBUG:colcon.colcon_core.shell:Skip shell extension 'dsv' for command environment
[2.503s] INFO:colcon.colcon_core.task.python.build:Building Python package in '/home/k/ros2_ws/src/position_pkg'
[2.504s] INFO:colcon.colcon_core.shell:Skip shell extension 'powershell' for command environment: Not usable outside of PowerShell
[2.504s] DEBUG:colcon.colcon_core.shell:Skip shell extension 'dsv' for command environment
[2.822s] INFO:colcon.colcon_core.task.python.build:Building Python package in '/home/k/ros2_ws/src/ROS-TCP-Endpoint-main-ros2'
[2.822s] INFO:colcon.colcon_core.shell:Skip shell extension 'powershell' for command environment: Not usable outside of PowerShell
[2.822s] DEBUG:colcon.colcon_core.shell:Skip shell extension 'dsv' for command environment
[2.833s] DEBUG:colcon.colcon_core.event_handler.log_command:Invoking command in '/home/k/ros2_ws/src/hardware_pkg': PYTHONPATH=/home/k/ros2_ws/build/hardware_pkg/prefix_override:/usr/lib/python3/dist-packages/colcon_core/task/python/colcon_distutils_commands:/home/k/ros2_ws/install/hardware_pkg/lib/python3.10/site-packages:${PYTHONPATH} /usr/bin/python3 -W ignore:setup.py install is deprecated setup.py egg_info --egg-base ../../build/hardware_pkg build --build-base /home/k/ros2_ws/build/hardware_pkg/build install --record /home/k/ros2_ws/build/hardware_pkg/install.log --single-version-externally-managed install_data
[3.271s] DEBUG:colcon.colcon_core.event_handler.log_command:Invoked command in '/home/k/ros2_ws/src/hardware_pkg' returned '0': PYTHONPATH=/home/k/ros2_ws/build/hardware_pkg/prefix_override:/usr/lib/python3/dist-packages/colcon_core/task/python/colcon_distutils_commands:/home/k/ros2_ws/install/hardware_pkg/lib/python3.10/site-packages:${PYTHONPATH} /usr/bin/python3 -W ignore:setup.py install is deprecated setup.py egg_info --egg-base ../../build/hardware_pkg build --build-base /home/k/ros2_ws/build/hardware_pkg/build install --record /home/k/ros2_ws/build/hardware_pkg/install.log --single-version-externally-managed install_data
[3.274s] Level 1:colcon.colcon_core.environment:checking '/home/k/ros2_ws/install/hardware_pkg' for CMake module files
[3.275s] Level 1:colcon.colcon_core.environment:checking '/home/k/ros2_ws/install/hardware_pkg' for CMake config files
[3.276s] Level 1:colcon.colcon_core.environment:checking '/home/k/ros2_ws/install/hardware_pkg/lib'
[3.276s] Level 1:colcon.colcon_core.environment:checking '/home/k/ros2_ws/install/hardware_pkg/bin'
[3.276s] Level 1:colcon.colcon_core.environment:checking '/home/k/ros2_ws/install/hardware_pkg/lib/pkgconfig/hardware_pkg.pc'
[3.277s] Level 1:colcon.colcon_core.environment:checking '/home/k/ros2_ws/install/hardware_pkg/lib/python3.10/site-packages'
[3.278s] Level 1:colcon.colcon_core.shell:create_environment_hook('hardware_pkg', 'pythonpath')
[3.281s] INFO:colcon.colcon_core.shell:Creating environment hook '/home/k/ros2_ws/install/hardware_pkg/share/hardware_pkg/hook/pythonpath.ps1'
[3.282s] INFO:colcon.colcon_core.shell:Creating environment descriptor '/home/k/ros2_ws/install/hardware_pkg/share/hardware_pkg/hook/pythonpath.dsv'
[3.283s] INFO:colcon.colcon_core.shell:Creating environment hook '/home/k/ros2_ws/install/hardware_pkg/share/hardware_pkg/hook/pythonpath.sh'
[3.284s] Level 1:colcon.colcon_core.environment:checking '/home/k/ros2_ws/install/hardware_pkg/bin'
[3.284s] Level 1:colcon.colcon_core.environment:create_environment_scripts_only(hardware_pkg)
[3.284s] INFO:colcon.colcon_core.shell:Creating package script '/home/k/ros2_ws/install/hardware_pkg/share/hardware_pkg/package.ps1'
[3.285s] INFO:colcon.colcon_core.shell:Creating package descriptor '/home/k/ros2_ws/install/hardware_pkg/share/hardware_pkg/package.dsv'
[3.286s] INFO:colcon.colcon_core.shell:Creating package script '/home/k/ros2_ws/install/hardware_pkg/share/hardware_pkg/package.sh'
[3.287s] INFO:colcon.colcon_core.shell:Creating package script '/home/k/ros2_ws/install/hardware_pkg/share/hardware_pkg/package.bash'
[3.288s] INFO:colcon.colcon_core.shell:Creating package script '/home/k/ros2_ws/install/hardware_pkg/share/hardware_pkg/package.zsh'
[3.289s] Level 1:colcon.colcon_core.environment:create_file_with_runtime_dependencies(/home/k/ros2_ws/install/hardware_pkg/share/colcon-core/packages/hardware_pkg)
[3.332s] DEBUG:colcon.colcon_core.event_handler.log_command:Invoking command in '/home/k/ros2_ws/src/ROS-TCP-Endpoint-main-ros2': PYTHONPATH=/home/k/ros2_ws/build/ros_tcp_endpoint/prefix_override:/usr/lib/python3/dist-packages/colcon_core/task/python/colcon_distutils_commands:/home/k/ros2_ws/install/ros_tcp_endpoint/lib/python3.10/site-packages:${PYTHONPATH} /usr/bin/python3 -W ignore:setup.py install is deprecated setup.py egg_info --egg-base ../../build/ros_tcp_endpoint build --build-base /home/k/ros2_ws/build/ros_tcp_endpoint/build install --record /home/k/ros2_ws/build/ros_tcp_endpoint/install.log --install-scripts $base/lib/ros_tcp_endpoint --single-version-externally-managed install_data
[3.334s] DEBUG:colcon.colcon_core.event_handler.log_command:Invoking command in '/home/k/ros2_ws/src/my_robot_description': PYTHONPATH=/home/k/ros2_ws/build/my_robot_description/prefix_override:/usr/lib/python3/dist-packages/colcon_core/task/python/colcon_distutils_commands:/home/k/ros2_ws/install/my_robot_description/lib/python3.10/site-packages:${PYTHONPATH} /usr/bin/python3 -W ignore:setup.py install is deprecated setup.py egg_info --egg-base ../../build/my_robot_description build --build-base /home/k/ros2_ws/build/my_robot_description/build install --record /home/k/ros2_ws/build/my_robot_description/install.log --single-version-externally-managed install_data
[3.342s] DEBUG:colcon.colcon_core.event_handler.log_command:Invoking command in '/home/k/ros2_ws/src/camera_subscriber': PYTHONPATH=/home/k/ros2_ws/build/camera_subscriber/prefix_override:/usr/lib/python3/dist-packages/colcon_core/task/python/colcon_distutils_commands:/home/k/ros2_ws/install/camera_subscriber/lib/python3.10/site-packages:${PYTHONPATH} /usr/bin/python3 -W ignore:setup.py install is deprecated setup.py egg_info --egg-base ../../build/camera_subscriber build --build-base /home/k/ros2_ws/build/camera_subscriber/build install --record /home/k/ros2_ws/build/camera_subscriber/install.log --single-version-externally-managed install_data
[3.343s] DEBUG:colcon.colcon_core.event_handler.log_command:Invoking command in '/home/k/ros2_ws/src/position_pkg': PYTHONPATH=/home/k/ros2_ws/build/position_pkg/prefix_override:/usr/lib/python3/dist-packages/colcon_core/task/python/colcon_distutils_commands:/home/k/ros2_ws/install/position_pkg/lib/python3.10/site-packages:${PYTHONPATH} /usr/bin/python3 -W ignore:setup.py install is deprecated setup.py egg_info --egg-base ../../build/position_pkg build --build-base /home/k/ros2_ws/build/position_pkg/build install --record /home/k/ros2_ws/build/position_pkg/install.log --single-version-externally-managed install_data
[3.378s] DEBUG:colcon.colcon_core.event_handler.log_command:Invoking command in '/home/k/ros2_ws/src/lidar_subscriber': PYTHONPATH=/home/k/ros2_ws/build/lidar_subscriber/prefix_override:/usr/lib/python3/dist-packages/colcon_core/task/python/colcon_distutils_commands:/home/k/ros2_ws/install/lidar_subscriber/lib/python3.10/site-packages:${PYTHONPATH} /usr/bin/python3 -W ignore:setup.py install is deprecated setup.py egg_info --egg-base ../../build/lidar_subscriber build --build-base /home/k/ros2_ws/build/lidar_subscriber/build install --record /home/k/ros2_ws/build/lidar_subscriber/install.log --single-version-externally-managed install_data
[3.718s] Level 1:colcon.colcon_core.environment:checking '/home/k/ros2_ws/install/ros_tcp_endpoint' for CMake module files
[3.719s] DEBUG:colcon.colcon_core.event_handler.log_command:Invoked command in '/home/k/ros2_ws/src/ROS-TCP-Endpoint-main-ros2' returned '0': PYTHONPATH=/home/k/ros2_ws/build/ros_tcp_endpoint/prefix_override:/usr/lib/python3/dist-packages/colcon_core/task/python/colcon_distutils_commands:/home/k/ros2_ws/install/ros_tcp_endpoint/lib/python3.10/site-packages:${PYTHONPATH} /usr/bin/python3 -W ignore:setup.py install is deprecated setup.py egg_info --egg-base ../../build/ros_tcp_endpoint build --build-base /home/k/ros2_ws/build/ros_tcp_endpoint/build install --record /home/k/ros2_ws/build/ros_tcp_endpoint/install.log --install-scripts $base/lib/ros_tcp_endpoint --single-version-externally-managed install_data
[3.720s] Level 1:colcon.colcon_core.environment:checking '/home/k/ros2_ws/install/ros_tcp_endpoint' for CMake config files
[3.721s] Level 1:colcon.colcon_core.environment:checking '/home/k/ros2_ws/install/ros_tcp_endpoint/lib'
[3.721s] Level 1:colcon.colcon_core.environment:checking '/home/k/ros2_ws/install/ros_tcp_endpoint/bin'
[3.721s] Level 1:colcon.colcon_core.environment:checking '/home/k/ros2_ws/install/ros_tcp_endpoint/lib/pkgconfig/ros_tcp_endpoint.pc'
[3.722s] Level 1:colcon.colcon_core.environment:checking '/home/k/ros2_ws/install/ros_tcp_endpoint/lib/python3.10/site-packages'
[3.723s] Level 1:colcon.colcon_core.shell:create_environment_hook('ros_tcp_endpoint', 'pythonpath')
[3.723s] INFO:colcon.colcon_core.shell:Creating environment hook '/home/k/ros2_ws/install/ros_tcp_endpoint/share/ros_tcp_endpoint/hook/pythonpath.ps1'
[3.724s] INFO:colcon.colcon_core.shell:Creating environment descriptor '/home/k/ros2_ws/install/ros_tcp_endpoint/share/ros_tcp_endpoint/hook/pythonpath.dsv'
[3.725s] INFO:colcon.colcon_core.shell:Creating environment hook '/home/k/ros2_ws/install/ros_tcp_endpoint/share/ros_tcp_endpoint/hook/pythonpath.sh'
[3.726s] Level 1:colcon.colcon_core.environment:checking '/home/k/ros2_ws/install/ros_tcp_endpoint/bin'
[3.726s] Level 1:colcon.colcon_core.environment:create_environment_scripts_only(ros_tcp_endpoint)
[3.726s] INFO:colcon.colcon_core.shell:Creating package script '/home/k/ros2_ws/install/ros_tcp_endpoint/share/ros_tcp_endpoint/package.ps1'
[3.727s] INFO:colcon.colcon_core.shell:Creating package descriptor '/home/k/ros2_ws/install/ros_tcp_endpoint/share/ros_tcp_endpoint/package.dsv'
[3.728s] INFO:colcon.colcon_core.shell:Creating package script '/home/k/ros2_ws/install/ros_tcp_endpoint/share/ros_tcp_endpoint/package.sh'
[3.728s] INFO:colcon.colcon_core.shell:Creating package script '/home/k/ros2_ws/install/ros_tcp_endpoint/share/ros_tcp_endpoint/package.bash'
[3.729s] INFO:colcon.colcon_core.shell:Creating package script '/home/k/ros2_ws/install/ros_tcp_endpoint/share/ros_tcp_endpoint/package.zsh'
[3.730s] Level 1:colcon.colcon_core.environment:create_file_with_runtime_dependencies(/home/k/ros2_ws/install/ros_tcp_endpoint/share/colcon-core/packages/ros_tcp_endpoint)
[3.731s] Level 1:colcon.colcon_core.environment:checking '/home/k/ros2_ws/install/position_pkg' for CMake module files
[3.732s] Level 1:colcon.colcon_core.environment:checking '/home/k/ros2_ws/install/position_pkg' for CMake config files
[3.732s] DEBUG:colcon.colcon_core.event_handler.log_command:Invoked command in '/home/k/ros2_ws/src/position_pkg' returned '0': PYTHONPATH=/home/k/ros2_ws/build/position_pkg/prefix_override:/usr/lib/python3/dist-packages/colcon_core/task/python/colcon_distutils_commands:/home/k/ros2_ws/install/position_pkg/lib/python3.10/site-packages:${PYTHONPATH} /usr/bin/python3 -W ignore:setup.py install is deprecated setup.py egg_info --egg-base ../../build/position_pkg build --build-base /home/k/ros2_ws/build/position_pkg/build install --record /home/k/ros2_ws/build/position_pkg/install.log --single-version-externally-managed install_data
[3.733s] Level 1:colcon.colcon_core.environment:checking '/home/k/ros2_ws/install/position_pkg/lib'
[3.734s] Level 1:colcon.colcon_core.environment:checking '/home/k/ros2_ws/install/position_pkg/bin'
[3.734s] Level 1:colcon.colcon_core.environment:checking '/home/k/ros2_ws/install/position_pkg/lib/pkgconfig/position_pkg.pc'
[3.734s] Level 1:colcon.colcon_core.environment:checking '/home/k/ros2_ws/install/position_pkg/lib/python3.10/site-packages'
[3.734s] Level 1:colcon.colcon_core.shell:create_environment_hook('position_pkg', 'pythonpath')
[3.734s] INFO:colcon.colcon_core.shell:Creating environment hook '/home/k/ros2_ws/install/position_pkg/share/position_pkg/hook/pythonpath.ps1'
[3.735s] INFO:colcon.colcon_core.shell:Creating environment descriptor '/home/k/ros2_ws/install/position_pkg/share/position_pkg/hook/pythonpath.dsv'
[3.735s] INFO:colcon.colcon_core.shell:Creating environment hook '/home/k/ros2_ws/install/position_pkg/share/position_pkg/hook/pythonpath.sh'
[3.736s] Level 1:colcon.colcon_core.environment:checking '/home/k/ros2_ws/install/position_pkg/bin'
[3.736s] Level 1:colcon.colcon_core.environment:create_environment_scripts_only(position_pkg)
[3.737s] INFO:colcon.colcon_core.shell:Creating package script '/home/k/ros2_ws/install/position_pkg/share/position_pkg/package.ps1'
[3.737s] INFO:colcon.colcon_core.shell:Creating package descriptor '/home/k/ros2_ws/install/position_pkg/share/position_pkg/package.dsv'
[3.738s] INFO:colcon.colcon_core.shell:Creating package script '/home/k/ros2_ws/install/position_pkg/share/position_pkg/package.sh'
[3.738s] INFO:colcon.colcon_core.shell:Creating package script '/home/k/ros2_ws/install/position_pkg/share/position_pkg/package.bash'
[3.739s] INFO:colcon.colcon_core.shell:Creating package script '/home/k/ros2_ws/install/position_pkg/share/position_pkg/package.zsh'
[3.739s] Level 1:colcon.colcon_core.environment:create_file_with_runtime_dependencies(/home/k/ros2_ws/install/position_pkg/share/colcon-core/packages/position_pkg)
[3.741s] Level 1:colcon.colcon_core.environment:checking '/home/k/ros2_ws/install/camera_subscriber' for CMake module files
[3.742s] DEBUG:colcon.colcon_core.event_handler.log_command:Invoked command in '/home/k/ros2_ws/src/camera_subscriber' returned '0': PYTHONPATH=/home/k/ros2_ws/build/camera_subscriber/prefix_override:/usr/lib/python3/dist-packages/colcon_core/task/python/colcon_distutils_commands:/home/k/ros2_ws/install/camera_subscriber/lib/python3.10/site-packages:${PYTHONPATH} /usr/bin/python3 -W ignore:setup.py install is deprecated setup.py egg_info --egg-base ../../build/camera_subscriber build --build-base /home/k/ros2_ws/build/camera_subscriber/build install --record /home/k/ros2_ws/build/camera_subscriber/install.log --single-version-externally-managed install_data
[3.742s] Level 1:colcon.colcon_core.environment:checking '/home/k/ros2_ws/install/camera_subscriber' for CMake config files
[3.743s] Level 1:colcon.colcon_core.environment:checking '/home/k/ros2_ws/install/camera_subscriber/lib'
[3.743s] Level 1:colcon.colcon_core.environment:checking '/home/k/ros2_ws/install/camera_subscriber/bin'
[3.743s] Level 1:colcon.colcon_core.environment:checking '/home/k/ros2_ws/install/camera_subscriber/lib/pkgconfig/camera_subscriber.pc'
[3.743s] Level 1:colcon.colcon_core.environment:checking '/home/k/ros2_ws/install/camera_subscriber/lib/python3.10/site-packages'
[3.743s] Level 1:colcon.colcon_core.shell:create_environment_hook('camera_subscriber', 'pythonpath')
[3.743s] INFO:colcon.colcon_core.shell:Creating environment hook '/home/k/ros2_ws/install/camera_subscriber/share/camera_subscriber/hook/pythonpath.ps1'
[3.744s] INFO:colcon.colcon_core.shell:Creating environment descriptor '/home/k/ros2_ws/install/camera_subscriber/share/camera_subscriber/hook/pythonpath.dsv'
[3.744s] INFO:colcon.colcon_core.shell:Creating environment hook '/home/k/ros2_ws/install/camera_subscriber/share/camera_subscriber/hook/pythonpath.sh'
[3.745s] Level 1:colcon.colcon_core.environment:checking '/home/k/ros2_ws/install/camera_subscriber/bin'
[3.745s] Level 1:colcon.colcon_core.environment:create_environment_scripts_only(camera_subscriber)
[3.746s] INFO:colcon.colcon_core.shell:Creating package script '/home/k/ros2_ws/install/camera_subscriber/share/camera_subscriber/package.ps1'
[3.746s] INFO:colcon.colcon_core.shell:Creating package descriptor '/home/k/ros2_ws/install/camera_subscriber/share/camera_subscriber/package.dsv'
[3.747s] INFO:colcon.colcon_core.shell:Creating package script '/home/k/ros2_ws/install/camera_subscriber/share/camera_subscriber/package.sh'
[3.749s] INFO:colcon.colcon_core.shell:Creating package script '/home/k/ros2_ws/install/camera_subscriber/share/camera_subscriber/package.bash'
[3.750s] INFO:colcon.colcon_core.shell:Creating package script '/home/k/ros2_ws/install/camera_subscriber/share/camera_subscriber/package.zsh'
[3.750s] Level 1:colcon.colcon_core.environment:create_file_with_runtime_dependencies(/home/k/ros2_ws/install/camera_subscriber/share/colcon-core/packages/camera_subscriber)
[3.751s] Level 1:colcon.colcon_core.environment:checking '/home/k/ros2_ws/install/my_robot_description' for CMake module files
[3.752s] DEBUG:colcon.colcon_core.event_handler.log_command:Invoked command in '/home/k/ros2_ws/src/my_robot_description' returned '0': PYTHONPATH=/home/k/ros2_ws/build/my_robot_description/prefix_override:/usr/lib/python3/dist-packages/colcon_core/task/python/colcon_distutils_commands:/home/k/ros2_ws/install/my_robot_description/lib/python3.10/site-packages:${PYTHONPATH} /usr/bin/python3 -W ignore:setup.py install is deprecated setup.py egg_info --egg-base ../../build/my_robot_description build --build-base /home/k/ros2_ws/build/my_robot_description/build install --record /home/k/ros2_ws/build/my_robot_description/install.log --single-version-externally-managed install_data
[3.753s] Level 1:colcon.colcon_core.environment:checking '/home/k/ros2_ws/install/my_robot_description' for CMake config files
[3.753s] Level 1:colcon.colcon_core.environment:checking '/home/k/ros2_ws/install/my_robot_description/lib'
[3.753s] Level 1:colcon.colcon_core.environment:checking '/home/k/ros2_ws/install/my_robot_description/bin'
[3.753s] Level 1:colcon.colcon_core.environment:checking '/home/k/ros2_ws/install/my_robot_description/lib/pkgconfig/my_robot_description.pc'
[3.754s] Level 1:colcon.colcon_core.environment:checking '/home/k/ros2_ws/install/my_robot_description/lib/python3.10/site-packages'
[3.754s] Level 1:colcon.colcon_core.shell:create_environment_hook('my_robot_description', 'pythonpath')
[3.754s] INFO:colcon.colcon_core.shell:Creating environment hook '/home/k/ros2_ws/install/my_robot_description/share/my_robot_description/hook/pythonpath.ps1'
[3.754s] INFO:colcon.colcon_core.shell:Creating environment descriptor '/home/k/ros2_ws/install/my_robot_description/share/my_robot_description/hook/pythonpath.dsv'
[3.755s] INFO:colcon.colcon_core.shell:Creating environment hook '/home/k/ros2_ws/install/my_robot_description/share/my_robot_description/hook/pythonpath.sh'
[3.756s] Level 1:colcon.colcon_core.environment:checking '/home/k/ros2_ws/install/my_robot_description/bin'
[3.756s] Level 1:colcon.colcon_core.environment:create_environment_scripts_only(my_robot_description)
[3.756s] INFO:colcon.colcon_core.shell:Creating package script '/home/k/ros2_ws/install/my_robot_description/share/my_robot_description/package.ps1'
[3.757s] INFO:colcon.colcon_core.shell:Creating package descriptor '/home/k/ros2_ws/install/my_robot_description/share/my_robot_description/package.dsv'
[3.757s] INFO:colcon.colcon_core.shell:Creating package script '/home/k/ros2_ws/install/my_robot_description/share/my_robot_description/package.sh'
[3.758s] INFO:colcon.colcon_core.shell:Creating package script '/home/k/ros2_ws/install/my_robot_description/share/my_robot_description/package.bash'
[3.758s] INFO:colcon.colcon_core.shell:Creating package script '/home/k/ros2_ws/install/my_robot_description/share/my_robot_description/package.zsh'
[3.758s] Level 1:colcon.colcon_core.environment:create_file_with_runtime_dependencies(/home/k/ros2_ws/install/my_robot_description/share/colcon-core/packages/my_robot_description)
[3.773s] Level 1:colcon.colcon_core.environment:checking '/home/k/ros2_ws/install/lidar_subscriber' for CMake module files
[3.774s] DEBUG:colcon.colcon_core.event_handler.log_command:Invoked command in '/home/k/ros2_ws/src/lidar_subscriber' returned '0': PYTHONPATH=/home/k/ros2_ws/build/lidar_subscriber/prefix_override:/usr/lib/python3/dist-packages/colcon_core/task/python/colcon_distutils_commands:/home/k/ros2_ws/install/lidar_subscriber/lib/python3.10/site-packages:${PYTHONPATH} /usr/bin/python3 -W ignore:setup.py install is deprecated setup.py egg_info --egg-base ../../build/lidar_subscriber build --build-base /home/k/ros2_ws/build/lidar_subscriber/build install --record /home/k/ros2_ws/build/lidar_subscriber/install.log --single-version-externally-managed install_data
[3.774s] Level 1:colcon.colcon_core.environment:checking '/home/k/ros2_ws/install/lidar_subscriber' for CMake config files
[3.775s] Level 1:colcon.colcon_core.environment:checking '/home/k/ros2_ws/install/lidar_subscriber/lib'
[3.775s] Level 1:colcon.colcon_core.environment:checking '/home/k/ros2_ws/install/lidar_subscriber/bin'
[3.775s] Level 1:colcon.colcon_core.environment:checking '/home/k/ros2_ws/install/lidar_subscriber/lib/pkgconfig/lidar_subscriber.pc'
[3.775s] Level 1:colcon.colcon_core.environment:checking '/home/k/ros2_ws/install/lidar_subscriber/lib/python3.10/site-packages'
[3.775s] Level 1:colcon.colcon_core.shell:create_environment_hook('lidar_subscriber', 'pythonpath')
[3.775s] INFO:colcon.colcon_core.shell:Creating environment hook '/home/k/ros2_ws/install/lidar_subscriber/share/lidar_subscriber/hook/pythonpath.ps1'
[3.776s] INFO:colcon.colcon_core.shell:Creating environment descriptor '/home/k/ros2_ws/install/lidar_subscriber/share/lidar_subscriber/hook/pythonpath.dsv'
[3.777s] INFO:colcon.colcon_core.shell:Creating environment hook '/home/k/ros2_ws/install/lidar_subscriber/share/lidar_subscriber/hook/pythonpath.sh'
[3.777s] Level 1:colcon.colcon_core.environment:checking '/home/k/ros2_ws/install/lidar_subscriber/bin'
[3.778s] Level 1:colcon.colcon_core.environment:create_environment_scripts_only(lidar_subscriber)
[3.778s] INFO:colcon.colcon_core.shell:Creating package script '/home/k/ros2_ws/install/lidar_subscriber/share/lidar_subscriber/package.ps1'
[3.778s] INFO:colcon.colcon_core.shell:Creating package descriptor '/home/k/ros2_ws/install/lidar_subscriber/share/lidar_subscriber/package.dsv'
[3.779s] INFO:colcon.colcon_core.shell:Creating package script '/home/k/ros2_ws/install/lidar_subscriber/share/lidar_subscriber/package.sh'
[3.780s] INFO:colcon.colcon_core.shell:Creating package script '/home/k/ros2_ws/install/lidar_subscriber/share/lidar_subscriber/package.bash'
[3.780s] INFO:colcon.colcon_core.shell:Creating package script '/home/k/ros2_ws/install/lidar_subscriber/share/lidar_subscriber/package.zsh'
[3.781s] Level 1:colcon.colcon_core.environment:create_file_with_runtime_dependencies(/home/k/ros2_ws/install/lidar_subscriber/share/colcon-core/packages/lidar_subscriber)
[3.781s] DEBUG:colcon.colcon_parallel_executor.executor.parallel:closing loop
[3.782s] DEBUG:colcon.colcon_parallel_executor.executor.parallel:loop closed
[3.782s] DEBUG:colcon.colcon_parallel_executor.executor.parallel:run_until_complete finished with '0'
[3.782s] DEBUG:colcon.colcon_core.event_reactor:joining thread
[3.791s] INFO:colcon.colcon_core.plugin_system:Skipping extension 'colcon_notification.desktop_notification.terminal_notifier': Not used on non-Darwin systems
[3.792s] INFO:colcon.colcon_core.plugin_system:Skipping extension 'colcon_notification.desktop_notification.win32': Not used on non-Windows systems
[3.792s] INFO:colcon.colcon_notification.desktop_notification:Sending desktop notification using 'notify2'
[3.807s] DEBUG:colcon.colcon_core.event_reactor:joined thread
[3.808s] INFO:colcon.colcon_core.shell:Creating prefix script '/home/k/ros2_ws/install/local_setup.ps1'
[3.809s] INFO:colcon.colcon_core.shell:Creating prefix util module '/home/k/ros2_ws/install/_local_setup_util_ps1.py'
[3.810s] INFO:colcon.colcon_core.shell:Creating prefix chain script '/home/k/ros2_ws/install/setup.ps1'
[3.812s] INFO:colcon.colcon_core.shell:Creating prefix script '/home/k/ros2_ws/install/local_setup.sh'
[3.813s] INFO:colcon.colcon_core.shell:Creating prefix util module '/home/k/ros2_ws/install/_local_setup_util_sh.py'
[3.815s] INFO:colcon.colcon_core.shell:Creating prefix chain script '/home/k/ros2_ws/install/setup.sh'
[3.822s] INFO:colcon.colcon_core.shell:Creating prefix script '/home/k/ros2_ws/install/local_setup.bash'
[3.822s] INFO:colcon.colcon_core.shell:Creating prefix chain script '/home/k/ros2_ws/install/setup.bash'
[3.823s] INFO:colcon.colcon_core.shell:Creating prefix script '/home/k/ros2_ws/install/local_setup.zsh'
[3.824s] INFO:colcon.colcon_core.shell:Creating prefix chain script '/home/k/ros2_ws/install/setup.zsh'
