[1.757s] Invoking command in '/home/k/ros2_ws/src/position_pkg': PYTHONPATH=/home/k/ros2_ws/build/position_pkg/prefix_override:/usr/lib/python3/dist-packages/colcon_core/task/python/colcon_distutils_commands:/home/k/ros2_ws/install/position_pkg/lib/python3.10/site-packages:${PYTHONPATH} /usr/bin/python3 -W ignore:setup.py install is deprecated setup.py egg_info --egg-base ../../build/position_pkg build --build-base /home/k/ros2_ws/build/position_pkg/build install --record /home/k/ros2_ws/build/position_pkg/install.log --single-version-externally-managed install_data
[1.946s] running egg_info
[1.946s] writing ../../build/position_pkg/position_pkg.egg-info/PKG-INFO
[1.948s] writing dependency_links to ../../build/position_pkg/position_pkg.egg-info/dependency_links.txt
[1.948s] writing entry points to ../../build/position_pkg/position_pkg.egg-info/entry_points.txt
[1.948s] writing requirements to ../../build/position_pkg/position_pkg.egg-info/requires.txt
[1.948s] writing top-level names to ../../build/position_pkg/position_pkg.egg-info/top_level.txt
[1.950s] reading manifest file '../../build/position_pkg/position_pkg.egg-info/SOURCES.txt'
[1.951s] writing manifest file '../../build/position_pkg/position_pkg.egg-info/SOURCES.txt'
[1.951s] running build
[1.951s] running build_py
[1.954s] running install
[1.954s] running install_lib
[1.956s] running install_data
[1.956s] running install_egg_info
[1.958s] removing '/home/k/ros2_ws/install/position_pkg/lib/python3.10/site-packages/position_pkg-0.0.0-py3.10.egg-info' (and everything under it)
[1.958s] Copying ../../build/position_pkg/position_pkg.egg-info to /home/k/ros2_ws/install/position_pkg/lib/python3.10/site-packages/position_pkg-0.0.0-py3.10.egg-info
[1.959s] running install_scripts
[1.977s] Installing pose_node script to /home/k/ros2_ws/install/position_pkg/lib/position_pkg
[1.978s] writing list of installed files to '/home/k/ros2_ws/build/position_pkg/install.log'
[2.017s] Invoked command in '/home/k/ros2_ws/src/position_pkg' returned '0': PYTHONPATH=/home/k/ros2_ws/build/position_pkg/prefix_override:/usr/lib/python3/dist-packages/colcon_core/task/python/colcon_distutils_commands:/home/k/ros2_ws/install/position_pkg/lib/python3.10/site-packages:${PYTHONPATH} /usr/bin/python3 -W ignore:setup.py install is deprecated setup.py egg_info --egg-base ../../build/position_pkg build --build-base /home/k/ros2_ws/build/position_pkg/build install --record /home/k/ros2_ws/build/position_pkg/install.log --single-version-externally-managed install_data
