[2.801s] Invoking command in '/home/k/ros2_ws/src/hardware_pkg': PYTHONPATH=/home/k/ros2_ws/build/hardware_pkg/prefix_override:/usr/lib/python3/dist-packages/colcon_core/task/python/colcon_distutils_commands:/home/k/ros2_ws/install/hardware_pkg/lib/python3.10/site-packages:${PYTHONPATH} /usr/bin/python3 -W ignore:setup.py install is deprecated setup.py egg_info --egg-base ../../build/hardware_pkg build --build-base /home/k/ros2_ws/build/hardware_pkg/build install --record /home/k/ros2_ws/build/hardware_pkg/install.log --single-version-externally-managed install_data
[3.368s] running egg_info
[3.369s] writing ../../build/hardware_pkg/hardware_pkg.egg-info/PKG-INFO
[3.369s] writing dependency_links to ../../build/hardware_pkg/hardware_pkg.egg-info/dependency_links.txt
[3.371s] writing entry points to ../../build/hardware_pkg/hardware_pkg.egg-info/entry_points.txt
[3.371s] writing requirements to ../../build/hardware_pkg/hardware_pkg.egg-info/requires.txt
[3.371s] writing top-level names to ../../build/hardware_pkg/hardware_pkg.egg-info/top_level.txt
[3.373s] reading manifest file '../../build/hardware_pkg/hardware_pkg.egg-info/SOURCES.txt'
[3.374s] writing manifest file '../../build/hardware_pkg/hardware_pkg.egg-info/SOURCES.txt'
[3.374s] running build
[3.375s] running build_py
[3.375s] running install
[3.375s] running install_lib
[3.384s] running install_data
[3.384s] running install_egg_info
[3.385s] removing '/home/k/ros2_ws/install/hardware_pkg/lib/python3.10/site-packages/hardware_pkg-0.0.0-py3.10.egg-info' (and everything under it)
[3.385s] Copying ../../build/hardware_pkg/hardware_pkg.egg-info to /home/k/ros2_ws/install/hardware_pkg/lib/python3.10/site-packages/hardware_pkg-0.0.0-py3.10.egg-info
[3.385s] running install_scripts
[3.422s] Installing control_node script to /home/k/ros2_ws/install/hardware_pkg/lib/hardware_pkg
[3.423s] writing list of installed files to '/home/k/ros2_ws/build/hardware_pkg/install.log'
[3.482s] Invoked command in '/home/k/ros2_ws/src/hardware_pkg' returned '0': PYTHONPATH=/home/k/ros2_ws/build/hardware_pkg/prefix_override:/usr/lib/python3/dist-packages/colcon_core/task/python/colcon_distutils_commands:/home/k/ros2_ws/install/hardware_pkg/lib/python3.10/site-packages:${PYTHONPATH} /usr/bin/python3 -W ignore:setup.py install is deprecated setup.py egg_info --egg-base ../../build/hardware_pkg build --build-base /home/k/ros2_ws/build/hardware_pkg/build install --record /home/k/ros2_ws/build/hardware_pkg/install.log --single-version-externally-managed install_data
