[0.317s] DEBUG:colcon:Command line arguments: ['/usr/bin/colcon', 'build']
[0.317s] DEBUG:colcon:Parsed command line arguments: Namespace(log_base=None, log_level=None, verb_name='build', build_base='build', install_base='install', merge_install=False, symlink_install=False, test_result_base=None, continue_on_error=False, executor='parallel', parallel_workers=10, event_handlers=None, ignore_user_meta=False, metas=['./colcon.meta'], base_paths=['.'], packages_ignore=None, packages_ignore_regex=None, paths=None, packages_up_to=None, packages_up_to_regex=None, packages_above=None, packages_above_and_dependencies=None, packages_above_depth=None, packages_select_by_dep=None, packages_skip_by_dep=None, packages_skip_up_to=None, packages_select_build_failed=False, packages_skip_build_finished=False, packages_select_test_failures=False, packages_skip_test_passed=False, packages_select=None, packages_skip=None, packages_select_regex=None, packages_skip_regex=None, packages_start=None, packages_end=None, allow_overriding=[], cmake_args=None, cmake_target=None, cmake_target_skip_unavailable=False, cmake_clean_cache=False, cmake_clean_first=False, cmake_force_configure=False, ament_cmake_args=None, catkin_cmake_args=None, catkin_skip_building_tests=False, mixin_files=None, mixin=None, verb_parser=<colcon_mixin.mixin.mixin_argument.MixinArgumentDecorator object at 0x7cf952b2f4f0>, verb_extension=<colcon_core.verb.build.BuildVerb object at 0x7cf952b2ef80>, main=<bound method BuildVerb.main of <colcon_core.verb.build.BuildVerb object at 0x7cf952b2ef80>>, mixin_verb=('build',))
[0.600s] Level 1:colcon.colcon_core.package_discovery:discover_packages(colcon_meta) check parameters
[0.601s] Level 1:colcon.colcon_core.package_discovery:discover_packages(recursive) check parameters
[0.601s] Level 1:colcon.colcon_core.package_discovery:discover_packages(ignore) check parameters
[0.601s] Level 1:colcon.colcon_core.package_discovery:discover_packages(path) check parameters
[0.601s] Level 1:colcon.colcon_core.package_discovery:discover_packages(colcon_meta) discover
[0.601s] Level 1:colcon.colcon_core.package_discovery:discover_packages(recursive) discover
[0.601s] INFO:colcon.colcon_core.package_discovery:Crawling recursively for packages in '/home/k/ros2_ws'
[0.601s] Level 1:colcon.colcon_core.package_identification:_identify(.) by extensions ['ignore', 'ignore_ament_install']
[0.601s] Level 1:colcon.colcon_core.package_identification:_identify(.) by extension 'ignore'
[0.601s] Level 1:colcon.colcon_core.package_identification:_identify(.) by extension 'ignore_ament_install'
[0.601s] Level 1:colcon.colcon_core.package_identification:_identify(.) by extensions ['colcon_pkg']
[0.601s] Level 1:colcon.colcon_core.package_identification:_identify(.) by extension 'colcon_pkg'
[0.601s] Level 1:colcon.colcon_core.package_identification:_identify(.) by extensions ['colcon_meta']
[0.601s] Level 1:colcon.colcon_core.package_identification:_identify(.) by extension 'colcon_meta'
[0.601s] Level 1:colcon.colcon_core.package_identification:_identify(.) by extensions ['ros']
[0.601s] Level 1:colcon.colcon_core.package_identification:_identify(.) by extension 'ros'
[0.613s] Level 1:colcon.colcon_core.package_identification:_identify(.) by extensions ['cmake', 'python']
[0.613s] Level 1:colcon.colcon_core.package_identification:_identify(.) by extension 'cmake'
[0.613s] Level 1:colcon.colcon_core.package_identification:_identify(.) by extension 'python'
[0.613s] Level 1:colcon.colcon_core.package_identification:_identify(.) by extensions ['python_setup_py']
[0.613s] Level 1:colcon.colcon_core.package_identification:_identify(.) by extension 'python_setup_py'
[0.613s] Level 1:colcon.colcon_core.package_identification:_identify(build) by extensions ['ignore', 'ignore_ament_install']
[0.613s] Level 1:colcon.colcon_core.package_identification:_identify(build) by extension 'ignore'
[0.613s] Level 1:colcon.colcon_core.package_identification:_identify(build) ignored
[0.613s] Level 1:colcon.colcon_core.package_identification:_identify(install) by extensions ['ignore', 'ignore_ament_install']
[0.613s] Level 1:colcon.colcon_core.package_identification:_identify(install) by extension 'ignore'
[0.613s] Level 1:colcon.colcon_core.package_identification:_identify(install) ignored
[0.614s] Level 1:colcon.colcon_core.package_identification:_identify(log) by extensions ['ignore', 'ignore_ament_install']
[0.614s] Level 1:colcon.colcon_core.package_identification:_identify(log) by extension 'ignore'
[0.614s] Level 1:colcon.colcon_core.package_identification:_identify(log) ignored
[0.614s] Level 1:colcon.colcon_core.package_identification:_identify(src) by extensions ['ignore', 'ignore_ament_install']
[0.614s] Level 1:colcon.colcon_core.package_identification:_identify(src) by extension 'ignore'
[0.614s] Level 1:colcon.colcon_core.package_identification:_identify(src) by extension 'ignore_ament_install'
[0.614s] Level 1:colcon.colcon_core.package_identification:_identify(src) by extensions ['colcon_pkg']
[0.614s] Level 1:colcon.colcon_core.package_identification:_identify(src) by extension 'colcon_pkg'
[0.614s] Level 1:colcon.colcon_core.package_identification:_identify(src) by extensions ['colcon_meta']
[0.614s] Level 1:colcon.colcon_core.package_identification:_identify(src) by extension 'colcon_meta'
[0.614s] Level 1:colcon.colcon_core.package_identification:_identify(src) by extensions ['ros']
[0.614s] Level 1:colcon.colcon_core.package_identification:_identify(src) by extension 'ros'
[0.614s] Level 1:colcon.colcon_core.package_identification:_identify(src) by extensions ['cmake', 'python']
[0.614s] Level 1:colcon.colcon_core.package_identification:_identify(src) by extension 'cmake'
[0.614s] Level 1:colcon.colcon_core.package_identification:_identify(src) by extension 'python'
[0.614s] Level 1:colcon.colcon_core.package_identification:_identify(src) by extensions ['python_setup_py']
[0.614s] Level 1:colcon.colcon_core.package_identification:_identify(src) by extension 'python_setup_py'
[0.614s] Level 1:colcon.colcon_core.package_identification:_identify(src/ROS-TCP-Endpoint-main-ros2) by extensions ['ignore', 'ignore_ament_install']
[0.614s] Level 1:colcon.colcon_core.package_identification:_identify(src/ROS-TCP-Endpoint-main-ros2) by extension 'ignore'
[0.614s] Level 1:colcon.colcon_core.package_identification:_identify(src/ROS-TCP-Endpoint-main-ros2) by extension 'ignore_ament_install'
[0.614s] Level 1:colcon.colcon_core.package_identification:_identify(src/ROS-TCP-Endpoint-main-ros2) by extensions ['colcon_pkg']
[0.614s] Level 1:colcon.colcon_core.package_identification:_identify(src/ROS-TCP-Endpoint-main-ros2) by extension 'colcon_pkg'
[0.614s] Level 1:colcon.colcon_core.package_identification:_identify(src/ROS-TCP-Endpoint-main-ros2) by extensions ['colcon_meta']
[0.614s] Level 1:colcon.colcon_core.package_identification:_identify(src/ROS-TCP-Endpoint-main-ros2) by extension 'colcon_meta'
[0.614s] Level 1:colcon.colcon_core.package_identification:_identify(src/ROS-TCP-Endpoint-main-ros2) by extensions ['ros']
[0.614s] Level 1:colcon.colcon_core.package_identification:_identify(src/ROS-TCP-Endpoint-main-ros2) by extension 'ros'
[0.618s] DEBUG:colcon.colcon_core.package_identification:Package 'src/ROS-TCP-Endpoint-main-ros2' with type 'ros.ament_python' and name 'ros_tcp_endpoint'
[0.618s] Level 1:colcon.colcon_core.package_identification:_identify(src/camera_subscriber) by extensions ['ignore', 'ignore_ament_install']
[0.618s] Level 1:colcon.colcon_core.package_identification:_identify(src/camera_subscriber) by extension 'ignore'
[0.618s] Level 1:colcon.colcon_core.package_identification:_identify(src/camera_subscriber) by extension 'ignore_ament_install'
[0.618s] Level 1:colcon.colcon_core.package_identification:_identify(src/camera_subscriber) by extensions ['colcon_pkg']
[0.618s] Level 1:colcon.colcon_core.package_identification:_identify(src/camera_subscriber) by extension 'colcon_pkg'
[0.618s] Level 1:colcon.colcon_core.package_identification:_identify(src/camera_subscriber) by extensions ['colcon_meta']
[0.618s] Level 1:colcon.colcon_core.package_identification:_identify(src/camera_subscriber) by extension 'colcon_meta'
[0.618s] Level 1:colcon.colcon_core.package_identification:_identify(src/camera_subscriber) by extensions ['ros']
[0.618s] Level 1:colcon.colcon_core.package_identification:_identify(src/camera_subscriber) by extension 'ros'
[0.619s] DEBUG:colcon.colcon_core.package_identification:Package 'src/camera_subscriber' with type 'ros.ament_python' and name 'camera_subscriber'
[0.619s] Level 1:colcon.colcon_core.package_identification:_identify(src/hardware_pkg) by extensions ['ignore', 'ignore_ament_install']
[0.619s] Level 1:colcon.colcon_core.package_identification:_identify(src/hardware_pkg) by extension 'ignore'
[0.619s] Level 1:colcon.colcon_core.package_identification:_identify(src/hardware_pkg) by extension 'ignore_ament_install'
[0.619s] Level 1:colcon.colcon_core.package_identification:_identify(src/hardware_pkg) by extensions ['colcon_pkg']
[0.619s] Level 1:colcon.colcon_core.package_identification:_identify(src/hardware_pkg) by extension 'colcon_pkg'
[0.619s] Level 1:colcon.colcon_core.package_identification:_identify(src/hardware_pkg) by extensions ['colcon_meta']
[0.619s] Level 1:colcon.colcon_core.package_identification:_identify(src/hardware_pkg) by extension 'colcon_meta'
[0.620s] Level 1:colcon.colcon_core.package_identification:_identify(src/hardware_pkg) by extensions ['ros']
[0.620s] Level 1:colcon.colcon_core.package_identification:_identify(src/hardware_pkg) by extension 'ros'
[0.629s] DEBUG:colcon.colcon_core.package_identification:Failed to parse potential ROS package manifest in'src/hardware_pkg': Error(s) in package 'src/hardware_pkg/package.xml':
The manifest contains invalid XML:
mismatched tag: line 8, column 25
[0.629s] Level 1:colcon.colcon_core.package_identification:_identify(src/hardware_pkg) by extensions ['cmake', 'python']
[0.629s] Level 1:colcon.colcon_core.package_identification:_identify(src/hardware_pkg) by extension 'cmake'
[0.629s] Level 1:colcon.colcon_core.package_identification:_identify(src/hardware_pkg) by extension 'python'
[0.630s] DEBUG:colcon.colcon_core.package_identification:Python package in 'src/hardware_pkg' passes arguments to the setup() function which requires a different identification extension than 'python'
[0.630s] Level 1:colcon.colcon_core.package_identification:_identify(src/hardware_pkg) by extensions ['python_setup_py']
[0.630s] Level 1:colcon.colcon_core.package_identification:_identify(src/hardware_pkg) by extension 'python_setup_py'
[0.868s] DEBUG:colcon.colcon_core.package_identification:Package 'src/hardware_pkg' with type 'python' and name 'hardware_pkg'
[0.868s] Level 1:colcon.colcon_core.package_identification:_identify(src/lidar_subscriber) by extensions ['ignore', 'ignore_ament_install']
[0.868s] Level 1:colcon.colcon_core.package_identification:_identify(src/lidar_subscriber) by extension 'ignore'
[0.868s] Level 1:colcon.colcon_core.package_identification:_identify(src/lidar_subscriber) by extension 'ignore_ament_install'
[0.868s] Level 1:colcon.colcon_core.package_identification:_identify(src/lidar_subscriber) by extensions ['colcon_pkg']
[0.868s] Level 1:colcon.colcon_core.package_identification:_identify(src/lidar_subscriber) by extension 'colcon_pkg'
[0.868s] Level 1:colcon.colcon_core.package_identification:_identify(src/lidar_subscriber) by extensions ['colcon_meta']
[0.868s] Level 1:colcon.colcon_core.package_identification:_identify(src/lidar_subscriber) by extension 'colcon_meta'
[0.868s] Level 1:colcon.colcon_core.package_identification:_identify(src/lidar_subscriber) by extensions ['ros']
[0.868s] Level 1:colcon.colcon_core.package_identification:_identify(src/lidar_subscriber) by extension 'ros'
[0.870s] DEBUG:colcon.colcon_core.package_identification:Package 'src/lidar_subscriber' with type 'ros.ament_python' and name 'lidar_subscriber'
[0.870s] Level 1:colcon.colcon_core.package_identification:_identify(src/my_robot_description) by extensions ['ignore', 'ignore_ament_install']
[0.870s] Level 1:colcon.colcon_core.package_identification:_identify(src/my_robot_description) by extension 'ignore'
[0.870s] Level 1:colcon.colcon_core.package_identification:_identify(src/my_robot_description) by extension 'ignore_ament_install'
[0.870s] Level 1:colcon.colcon_core.package_identification:_identify(src/my_robot_description) by extensions ['colcon_pkg']
[0.870s] Level 1:colcon.colcon_core.package_identification:_identify(src/my_robot_description) by extension 'colcon_pkg'
[0.870s] Level 1:colcon.colcon_core.package_identification:_identify(src/my_robot_description) by extensions ['colcon_meta']
[0.870s] Level 1:colcon.colcon_core.package_identification:_identify(src/my_robot_description) by extension 'colcon_meta'
[0.870s] Level 1:colcon.colcon_core.package_identification:_identify(src/my_robot_description) by extensions ['ros']
[0.870s] Level 1:colcon.colcon_core.package_identification:_identify(src/my_robot_description) by extension 'ros'
[0.871s] DEBUG:colcon.colcon_core.package_identification:Package 'src/my_robot_description' with type 'ros.ament_python' and name 'my_robot_description'
[0.871s] Level 1:colcon.colcon_core.package_identification:_identify(src/position_pkg) by extensions ['ignore', 'ignore_ament_install']
[0.871s] Level 1:colcon.colcon_core.package_identification:_identify(src/position_pkg) by extension 'ignore'
[0.871s] Level 1:colcon.colcon_core.package_identification:_identify(src/position_pkg) by extension 'ignore_ament_install'
[0.871s] Level 1:colcon.colcon_core.package_identification:_identify(src/position_pkg) by extensions ['colcon_pkg']
[0.871s] Level 1:colcon.colcon_core.package_identification:_identify(src/position_pkg) by extension 'colcon_pkg'
[0.871s] Level 1:colcon.colcon_core.package_identification:_identify(src/position_pkg) by extensions ['colcon_meta']
[0.871s] Level 1:colcon.colcon_core.package_identification:_identify(src/position_pkg) by extension 'colcon_meta'
[0.871s] Level 1:colcon.colcon_core.package_identification:_identify(src/position_pkg) by extensions ['ros']
[0.871s] Level 1:colcon.colcon_core.package_identification:_identify(src/position_pkg) by extension 'ros'
[0.872s] DEBUG:colcon.colcon_core.package_identification:Package 'src/position_pkg' with type 'ros.ament_python' and name 'position_pkg'
[0.872s] Level 1:colcon.colcon_core.package_identification:_identify(src/teleop_pkg) by extensions ['ignore', 'ignore_ament_install']
[0.872s] Level 1:colcon.colcon_core.package_identification:_identify(src/teleop_pkg) by extension 'ignore'
[0.872s] Level 1:colcon.colcon_core.package_identification:_identify(src/teleop_pkg) ignored
[0.872s] Level 1:colcon.colcon_core.package_discovery:discover_packages(recursive) using defaults
[0.872s] Level 1:colcon.colcon_core.package_discovery:discover_packages(ignore) discover
[0.873s] Level 1:colcon.colcon_core.package_discovery:discover_packages(ignore) using defaults
[0.873s] Level 1:colcon.colcon_core.package_discovery:discover_packages(path) discover
[0.873s] Level 1:colcon.colcon_core.package_discovery:discover_packages(path) using defaults
[0.912s] Level 1:colcon.colcon_core.package_discovery:discover_packages(prefix_path) check parameters
[0.912s] Level 1:colcon.colcon_core.package_discovery:discover_packages(prefix_path) discover
[0.915s] DEBUG:colcon.colcon_installed_package_information.package_discovery:Found 7 installed packages in /home/k/ros2_ws/install
[0.916s] DEBUG:colcon.colcon_installed_package_information.package_discovery:Found 300 installed packages in /opt/ros/humble
[0.917s] Level 1:colcon.colcon_core.package_discovery:discover_packages(prefix_path) using defaults
[0.953s] Level 5:colcon.colcon_core.verb:set package 'camera_subscriber' build argument 'cmake_args' from command line to 'None'
[0.953s] Level 5:colcon.colcon_core.verb:set package 'camera_subscriber' build argument 'cmake_target' from command line to 'None'
[0.953s] Level 5:colcon.colcon_core.verb:set package 'camera_subscriber' build argument 'cmake_target_skip_unavailable' from command line to 'False'
[0.953s] Level 5:colcon.colcon_core.verb:set package 'camera_subscriber' build argument 'cmake_clean_cache' from command line to 'False'
[0.953s] Level 5:colcon.colcon_core.verb:set package 'camera_subscriber' build argument 'cmake_clean_first' from command line to 'False'
[0.953s] Level 5:colcon.colcon_core.verb:set package 'camera_subscriber' build argument 'cmake_force_configure' from command line to 'False'
[0.953s] Level 5:colcon.colcon_core.verb:set package 'camera_subscriber' build argument 'ament_cmake_args' from command line to 'None'
[0.953s] Level 5:colcon.colcon_core.verb:set package 'camera_subscriber' build argument 'catkin_cmake_args' from command line to 'None'
[0.953s] Level 5:colcon.colcon_core.verb:set package 'camera_subscriber' build argument 'catkin_skip_building_tests' from command line to 'False'
[0.953s] DEBUG:colcon.colcon_core.verb:Building package 'camera_subscriber' with the following arguments: {'ament_cmake_args': None, 'build_base': '/home/k/ros2_ws/build/camera_subscriber', 'catkin_cmake_args': None, 'catkin_skip_building_tests': False, 'cmake_args': None, 'cmake_clean_cache': False, 'cmake_clean_first': False, 'cmake_force_configure': False, 'cmake_target': None, 'cmake_target_skip_unavailable': False, 'install_base': '/home/k/ros2_ws/install/camera_subscriber', 'merge_install': False, 'path': '/home/k/ros2_ws/src/camera_subscriber', 'symlink_install': False, 'test_result_base': None}
[0.954s] Level 5:colcon.colcon_core.verb:set package 'hardware_pkg' build argument 'cmake_args' from command line to 'None'
[0.954s] Level 5:colcon.colcon_core.verb:set package 'hardware_pkg' build argument 'cmake_target' from command line to 'None'
[0.954s] Level 5:colcon.colcon_core.verb:set package 'hardware_pkg' build argument 'cmake_target_skip_unavailable' from command line to 'False'
[0.954s] Level 5:colcon.colcon_core.verb:set package 'hardware_pkg' build argument 'cmake_clean_cache' from command line to 'False'
[0.954s] Level 5:colcon.colcon_core.verb:set package 'hardware_pkg' build argument 'cmake_clean_first' from command line to 'False'
[0.954s] Level 5:colcon.colcon_core.verb:set package 'hardware_pkg' build argument 'cmake_force_configure' from command line to 'False'
[0.954s] Level 5:colcon.colcon_core.verb:set package 'hardware_pkg' build argument 'ament_cmake_args' from command line to 'None'
[0.954s] Level 5:colcon.colcon_core.verb:set package 'hardware_pkg' build argument 'catkin_cmake_args' from command line to 'None'
[0.954s] Level 5:colcon.colcon_core.verb:set package 'hardware_pkg' build argument 'catkin_skip_building_tests' from command line to 'False'
[0.954s] DEBUG:colcon.colcon_core.verb:Building package 'hardware_pkg' with the following arguments: {'ament_cmake_args': None, 'build_base': '/home/k/ros2_ws/build/hardware_pkg', 'catkin_cmake_args': None, 'catkin_skip_building_tests': False, 'cmake_args': None, 'cmake_clean_cache': False, 'cmake_clean_first': False, 'cmake_force_configure': False, 'cmake_target': None, 'cmake_target_skip_unavailable': False, 'install_base': '/home/k/ros2_ws/install/hardware_pkg', 'merge_install': False, 'path': '/home/k/ros2_ws/src/hardware_pkg', 'symlink_install': False, 'test_result_base': None}
[0.954s] Level 5:colcon.colcon_core.verb:set package 'lidar_subscriber' build argument 'cmake_args' from command line to 'None'
[0.954s] Level 5:colcon.colcon_core.verb:set package 'lidar_subscriber' build argument 'cmake_target' from command line to 'None'
[0.954s] Level 5:colcon.colcon_core.verb:set package 'lidar_subscriber' build argument 'cmake_target_skip_unavailable' from command line to 'False'
[0.954s] Level 5:colcon.colcon_core.verb:set package 'lidar_subscriber' build argument 'cmake_clean_cache' from command line to 'False'
[0.954s] Level 5:colcon.colcon_core.verb:set package 'lidar_subscriber' build argument 'cmake_clean_first' from command line to 'False'
[0.954s] Level 5:colcon.colcon_core.verb:set package 'lidar_subscriber' build argument 'cmake_force_configure' from command line to 'False'
[0.954s] Level 5:colcon.colcon_core.verb:set package 'lidar_subscriber' build argument 'ament_cmake_args' from command line to 'None'
[0.954s] Level 5:colcon.colcon_core.verb:set package 'lidar_subscriber' build argument 'catkin_cmake_args' from command line to 'None'
[0.954s] Level 5:colcon.colcon_core.verb:set package 'lidar_subscriber' build argument 'catkin_skip_building_tests' from command line to 'False'
[0.954s] DEBUG:colcon.colcon_core.verb:Building package 'lidar_subscriber' with the following arguments: {'ament_cmake_args': None, 'build_base': '/home/k/ros2_ws/build/lidar_subscriber', 'catkin_cmake_args': None, 'catkin_skip_building_tests': False, 'cmake_args': None, 'cmake_clean_cache': False, 'cmake_clean_first': False, 'cmake_force_configure': False, 'cmake_target': None, 'cmake_target_skip_unavailable': False, 'install_base': '/home/k/ros2_ws/install/lidar_subscriber', 'merge_install': False, 'path': '/home/k/ros2_ws/src/lidar_subscriber', 'symlink_install': False, 'test_result_base': None}
[0.955s] Level 5:colcon.colcon_core.verb:set package 'my_robot_description' build argument 'cmake_args' from command line to 'None'
[0.955s] Level 5:colcon.colcon_core.verb:set package 'my_robot_description' build argument 'cmake_target' from command line to 'None'
[0.955s] Level 5:colcon.colcon_core.verb:set package 'my_robot_description' build argument 'cmake_target_skip_unavailable' from command line to 'False'
[0.955s] Level 5:colcon.colcon_core.verb:set package 'my_robot_description' build argument 'cmake_clean_cache' from command line to 'False'
[0.955s] Level 5:colcon.colcon_core.verb:set package 'my_robot_description' build argument 'cmake_clean_first' from command line to 'False'
[0.955s] Level 5:colcon.colcon_core.verb:set package 'my_robot_description' build argument 'cmake_force_configure' from command line to 'False'
[0.955s] Level 5:colcon.colcon_core.verb:set package 'my_robot_description' build argument 'ament_cmake_args' from command line to 'None'
[0.955s] Level 5:colcon.colcon_core.verb:set package 'my_robot_description' build argument 'catkin_cmake_args' from command line to 'None'
[0.955s] Level 5:colcon.colcon_core.verb:set package 'my_robot_description' build argument 'catkin_skip_building_tests' from command line to 'False'
[0.955s] DEBUG:colcon.colcon_core.verb:Building package 'my_robot_description' with the following arguments: {'ament_cmake_args': None, 'build_base': '/home/k/ros2_ws/build/my_robot_description', 'catkin_cmake_args': None, 'catkin_skip_building_tests': False, 'cmake_args': None, 'cmake_clean_cache': False, 'cmake_clean_first': False, 'cmake_force_configure': False, 'cmake_target': None, 'cmake_target_skip_unavailable': False, 'install_base': '/home/k/ros2_ws/install/my_robot_description', 'merge_install': False, 'path': '/home/k/ros2_ws/src/my_robot_description', 'symlink_install': False, 'test_result_base': None}
[0.955s] Level 5:colcon.colcon_core.verb:set package 'position_pkg' build argument 'cmake_args' from command line to 'None'
[0.955s] Level 5:colcon.colcon_core.verb:set package 'position_pkg' build argument 'cmake_target' from command line to 'None'
[0.955s] Level 5:colcon.colcon_core.verb:set package 'position_pkg' build argument 'cmake_target_skip_unavailable' from command line to 'False'
[0.955s] Level 5:colcon.colcon_core.verb:set package 'position_pkg' build argument 'cmake_clean_cache' from command line to 'False'
[0.955s] Level 5:colcon.colcon_core.verb:set package 'position_pkg' build argument 'cmake_clean_first' from command line to 'False'
[0.955s] Level 5:colcon.colcon_core.verb:set package 'position_pkg' build argument 'cmake_force_configure' from command line to 'False'
[0.955s] Level 5:colcon.colcon_core.verb:set package 'position_pkg' build argument 'ament_cmake_args' from command line to 'None'
[0.955s] Level 5:colcon.colcon_core.verb:set package 'position_pkg' build argument 'catkin_cmake_args' from command line to 'None'
[0.955s] Level 5:colcon.colcon_core.verb:set package 'position_pkg' build argument 'catkin_skip_building_tests' from command line to 'False'
[0.955s] DEBUG:colcon.colcon_core.verb:Building package 'position_pkg' with the following arguments: {'ament_cmake_args': None, 'build_base': '/home/k/ros2_ws/build/position_pkg', 'catkin_cmake_args': None, 'catkin_skip_building_tests': False, 'cmake_args': None, 'cmake_clean_cache': False, 'cmake_clean_first': False, 'cmake_force_configure': False, 'cmake_target': None, 'cmake_target_skip_unavailable': False, 'install_base': '/home/k/ros2_ws/install/position_pkg', 'merge_install': False, 'path': '/home/k/ros2_ws/src/position_pkg', 'symlink_install': False, 'test_result_base': None}
[0.955s] Level 5:colcon.colcon_core.verb:set package 'ros_tcp_endpoint' build argument 'cmake_args' from command line to 'None'
[0.955s] Level 5:colcon.colcon_core.verb:set package 'ros_tcp_endpoint' build argument 'cmake_target' from command line to 'None'
[0.955s] Level 5:colcon.colcon_core.verb:set package 'ros_tcp_endpoint' build argument 'cmake_target_skip_unavailable' from command line to 'False'
[0.955s] Level 5:colcon.colcon_core.verb:set package 'ros_tcp_endpoint' build argument 'cmake_clean_cache' from command line to 'False'
[0.955s] Level 5:colcon.colcon_core.verb:set package 'ros_tcp_endpoint' build argument 'cmake_clean_first' from command line to 'False'
[0.955s] Level 5:colcon.colcon_core.verb:set package 'ros_tcp_endpoint' build argument 'cmake_force_configure' from command line to 'False'
[0.955s] Level 5:colcon.colcon_core.verb:set package 'ros_tcp_endpoint' build argument 'ament_cmake_args' from command line to 'None'
[0.955s] Level 5:colcon.colcon_core.verb:set package 'ros_tcp_endpoint' build argument 'catkin_cmake_args' from command line to 'None'
[0.955s] Level 5:colcon.colcon_core.verb:set package 'ros_tcp_endpoint' build argument 'catkin_skip_building_tests' from command line to 'False'
[0.955s] DEBUG:colcon.colcon_core.verb:Building package 'ros_tcp_endpoint' with the following arguments: {'ament_cmake_args': None, 'build_base': '/home/k/ros2_ws/build/ros_tcp_endpoint', 'catkin_cmake_args': None, 'catkin_skip_building_tests': False, 'cmake_args': None, 'cmake_clean_cache': False, 'cmake_clean_first': False, 'cmake_force_configure': False, 'cmake_target': None, 'cmake_target_skip_unavailable': False, 'install_base': '/home/k/ros2_ws/install/ros_tcp_endpoint', 'merge_install': False, 'path': '/home/k/ros2_ws/src/ROS-TCP-Endpoint-main-ros2', 'symlink_install': False, 'test_result_base': None}
[0.955s] INFO:colcon.colcon_core.executor:Executing jobs using 'parallel' executor
[0.957s] DEBUG:colcon.colcon_parallel_executor.executor.parallel:run_until_complete
[0.957s] INFO:colcon.colcon_ros.task.ament_python.build:Building ROS package in '/home/k/ros2_ws/src/camera_subscriber' with build type 'ament_python'
[0.957s] Level 1:colcon.colcon_core.shell:create_environment_hook('camera_subscriber', 'ament_prefix_path')
[0.963s] INFO:colcon.colcon_core.plugin_system:Skipping extension 'colcon_core.shell.bat': Not used on non-Windows systems
[0.963s] INFO:colcon.colcon_core.shell:Creating environment hook '/home/k/ros2_ws/install/camera_subscriber/share/camera_subscriber/hook/ament_prefix_path.ps1'
[0.964s] INFO:colcon.colcon_core.shell:Creating environment descriptor '/home/k/ros2_ws/install/camera_subscriber/share/camera_subscriber/hook/ament_prefix_path.dsv'
[0.965s] INFO:colcon.colcon_core.shell:Creating environment hook '/home/k/ros2_ws/install/camera_subscriber/share/camera_subscriber/hook/ament_prefix_path.sh'
[0.966s] INFO:colcon.colcon_core.shell:Skip shell extension 'powershell' for command environment: Not usable outside of PowerShell
[0.966s] DEBUG:colcon.colcon_core.shell:Skip shell extension 'dsv' for command environment
[0.969s] INFO:colcon.colcon_core.task.python.build:Building Python package in '/home/k/ros2_ws/src/hardware_pkg'
[0.969s] INFO:colcon.colcon_core.shell:Skip shell extension 'powershell' for command environment: Not usable outside of PowerShell
[0.970s] DEBUG:colcon.colcon_core.shell:Skip shell extension 'dsv' for command environment
[0.972s] INFO:colcon.colcon_ros.task.ament_python.build:Building ROS package in '/home/k/ros2_ws/src/lidar_subscriber' with build type 'ament_python'
[0.972s] Level 1:colcon.colcon_core.shell:create_environment_hook('lidar_subscriber', 'ament_prefix_path')
[0.973s] INFO:colcon.colcon_core.shell:Creating environment hook '/home/k/ros2_ws/install/lidar_subscriber/share/lidar_subscriber/hook/ament_prefix_path.ps1'
[0.973s] INFO:colcon.colcon_core.shell:Creating environment descriptor '/home/k/ros2_ws/install/lidar_subscriber/share/lidar_subscriber/hook/ament_prefix_path.dsv'
[0.973s] INFO:colcon.colcon_core.shell:Creating environment hook '/home/k/ros2_ws/install/lidar_subscriber/share/lidar_subscriber/hook/ament_prefix_path.sh'
[0.974s] INFO:colcon.colcon_core.shell:Skip shell extension 'powershell' for command environment: Not usable outside of PowerShell
[0.974s] DEBUG:colcon.colcon_core.shell:Skip shell extension 'dsv' for command environment
[0.977s] INFO:colcon.colcon_ros.task.ament_python.build:Building ROS package in '/home/k/ros2_ws/src/my_robot_description' with build type 'ament_python'
[0.977s] Level 1:colcon.colcon_core.shell:create_environment_hook('my_robot_description', 'ament_prefix_path')
[0.977s] INFO:colcon.colcon_core.shell:Creating environment hook '/home/k/ros2_ws/install/my_robot_description/share/my_robot_description/hook/ament_prefix_path.ps1'
[0.978s] INFO:colcon.colcon_core.shell:Creating environment descriptor '/home/k/ros2_ws/install/my_robot_description/share/my_robot_description/hook/ament_prefix_path.dsv'
[0.978s] INFO:colcon.colcon_core.shell:Creating environment hook '/home/k/ros2_ws/install/my_robot_description/share/my_robot_description/hook/ament_prefix_path.sh'
[0.979s] INFO:colcon.colcon_core.shell:Skip shell extension 'powershell' for command environment: Not usable outside of PowerShell
[0.979s] DEBUG:colcon.colcon_core.shell:Skip shell extension 'dsv' for command environment
[0.981s] INFO:colcon.colcon_ros.task.ament_python.build:Building ROS package in '/home/k/ros2_ws/src/position_pkg' with build type 'ament_python'
[0.981s] Level 1:colcon.colcon_core.shell:create_environment_hook('position_pkg', 'ament_prefix_path')
[0.982s] INFO:colcon.colcon_core.shell:Creating environment hook '/home/k/ros2_ws/install/position_pkg/share/position_pkg/hook/ament_prefix_path.ps1'
[0.982s] INFO:colcon.colcon_core.shell:Creating environment descriptor '/home/k/ros2_ws/install/position_pkg/share/position_pkg/hook/ament_prefix_path.dsv'
[0.982s] INFO:colcon.colcon_core.shell:Creating environment hook '/home/k/ros2_ws/install/position_pkg/share/position_pkg/hook/ament_prefix_path.sh'
[0.983s] INFO:colcon.colcon_core.shell:Skip shell extension 'powershell' for command environment: Not usable outside of PowerShell
[0.983s] DEBUG:colcon.colcon_core.shell:Skip shell extension 'dsv' for command environment
[0.985s] INFO:colcon.colcon_ros.task.ament_python.build:Building ROS package in '/home/k/ros2_ws/src/ROS-TCP-Endpoint-main-ros2' with build type 'ament_python'
[0.985s] Level 1:colcon.colcon_core.shell:create_environment_hook('ros_tcp_endpoint', 'ament_prefix_path')
[0.986s] INFO:colcon.colcon_core.shell:Creating environment hook '/home/k/ros2_ws/install/ros_tcp_endpoint/share/ros_tcp_endpoint/hook/ament_prefix_path.ps1'
[0.986s] INFO:colcon.colcon_core.shell:Creating environment descriptor '/home/k/ros2_ws/install/ros_tcp_endpoint/share/ros_tcp_endpoint/hook/ament_prefix_path.dsv'
[0.986s] INFO:colcon.colcon_core.shell:Creating environment hook '/home/k/ros2_ws/install/ros_tcp_endpoint/share/ros_tcp_endpoint/hook/ament_prefix_path.sh'
[0.987s] INFO:colcon.colcon_core.shell:Skip shell extension 'powershell' for command environment: Not usable outside of PowerShell
[0.987s] DEBUG:colcon.colcon_core.shell:Skip shell extension 'dsv' for command environment
[1.209s] INFO:colcon.colcon_core.task.python.build:Building Python package in '/home/k/ros2_ws/src/camera_subscriber'
[1.209s] INFO:colcon.colcon_core.shell:Skip shell extension 'powershell' for command environment: Not usable outside of PowerShell
[1.209s] DEBUG:colcon.colcon_core.shell:Skip shell extension 'dsv' for command environment
[1.629s] INFO:colcon.colcon_core.task.python.build:Building Python package in '/home/k/ros2_ws/src/lidar_subscriber'
[1.629s] INFO:colcon.colcon_core.shell:Skip shell extension 'powershell' for command environment: Not usable outside of PowerShell
[1.629s] DEBUG:colcon.colcon_core.shell:Skip shell extension 'dsv' for command environment
[1.882s] INFO:colcon.colcon_core.task.python.build:Building Python package in '/home/k/ros2_ws/src/my_robot_description'
[1.882s] INFO:colcon.colcon_core.shell:Skip shell extension 'powershell' for command environment: Not usable outside of PowerShell
[1.883s] DEBUG:colcon.colcon_core.shell:Skip shell extension 'dsv' for command environment
[2.113s] INFO:colcon.colcon_core.task.python.build:Building Python package in '/home/k/ros2_ws/src/position_pkg'
[2.114s] INFO:colcon.colcon_core.shell:Skip shell extension 'powershell' for command environment: Not usable outside of PowerShell
[2.114s] DEBUG:colcon.colcon_core.shell:Skip shell extension 'dsv' for command environment
[2.295s] INFO:colcon.colcon_core.task.python.build:Building Python package in '/home/k/ros2_ws/src/ROS-TCP-Endpoint-main-ros2'
[2.295s] INFO:colcon.colcon_core.shell:Skip shell extension 'powershell' for command environment: Not usable outside of PowerShell
[2.295s] DEBUG:colcon.colcon_core.shell:Skip shell extension 'dsv' for command environment
[2.300s] DEBUG:colcon.colcon_core.event_handler.log_command:Invoking command in '/home/k/ros2_ws/src/hardware_pkg': PYTHONPATH=/home/k/ros2_ws/build/hardware_pkg/prefix_override:/usr/lib/python3/dist-packages/colcon_core/task/python/colcon_distutils_commands:/home/k/ros2_ws/install/hardware_pkg/lib/python3.10/site-packages:${PYTHONPATH} /usr/bin/python3 -W ignore:setup.py install is deprecated setup.py egg_info --egg-base ../../build/hardware_pkg build --build-base /home/k/ros2_ws/build/hardware_pkg/build install --record /home/k/ros2_ws/build/hardware_pkg/install.log --single-version-externally-managed install_data
[2.740s] DEBUG:colcon.colcon_core.event_handler.log_command:Invoked command in '/home/k/ros2_ws/src/hardware_pkg' returned '0': PYTHONPATH=/home/k/ros2_ws/build/hardware_pkg/prefix_override:/usr/lib/python3/dist-packages/colcon_core/task/python/colcon_distutils_commands:/home/k/ros2_ws/install/hardware_pkg/lib/python3.10/site-packages:${PYTHONPATH} /usr/bin/python3 -W ignore:setup.py install is deprecated setup.py egg_info --egg-base ../../build/hardware_pkg build --build-base /home/k/ros2_ws/build/hardware_pkg/build install --record /home/k/ros2_ws/build/hardware_pkg/install.log --single-version-externally-managed install_data
[2.757s] Level 1:colcon.colcon_core.environment:checking '/home/k/ros2_ws/install/hardware_pkg' for CMake module files
[2.757s] Level 1:colcon.colcon_core.environment:checking '/home/k/ros2_ws/install/hardware_pkg' for CMake config files
[2.757s] Level 1:colcon.colcon_core.environment:checking '/home/k/ros2_ws/install/hardware_pkg/lib'
[2.758s] Level 1:colcon.colcon_core.environment:checking '/home/k/ros2_ws/install/hardware_pkg/bin'
[2.758s] Level 1:colcon.colcon_core.environment:checking '/home/k/ros2_ws/install/hardware_pkg/lib/pkgconfig/hardware_pkg.pc'
[2.758s] Level 1:colcon.colcon_core.environment:checking '/home/k/ros2_ws/install/hardware_pkg/lib/python3.10/site-packages'
[2.758s] Level 1:colcon.colcon_core.shell:create_environment_hook('hardware_pkg', 'pythonpath')
[2.758s] INFO:colcon.colcon_core.shell:Creating environment hook '/home/k/ros2_ws/install/hardware_pkg/share/hardware_pkg/hook/pythonpath.ps1'
[2.759s] INFO:colcon.colcon_core.shell:Creating environment descriptor '/home/k/ros2_ws/install/hardware_pkg/share/hardware_pkg/hook/pythonpath.dsv'
[2.759s] INFO:colcon.colcon_core.shell:Creating environment hook '/home/k/ros2_ws/install/hardware_pkg/share/hardware_pkg/hook/pythonpath.sh'
[2.760s] Level 1:colcon.colcon_core.environment:checking '/home/k/ros2_ws/install/hardware_pkg/bin'
[2.760s] Level 1:colcon.colcon_core.environment:create_environment_scripts_only(hardware_pkg)
[2.761s] INFO:colcon.colcon_core.shell:Creating package script '/home/k/ros2_ws/install/hardware_pkg/share/hardware_pkg/package.ps1'
[2.766s] INFO:colcon.colcon_core.shell:Creating package descriptor '/home/k/ros2_ws/install/hardware_pkg/share/hardware_pkg/package.dsv'
[2.767s] INFO:colcon.colcon_core.shell:Creating package script '/home/k/ros2_ws/install/hardware_pkg/share/hardware_pkg/package.sh'
[2.769s] INFO:colcon.colcon_core.shell:Creating package script '/home/k/ros2_ws/install/hardware_pkg/share/hardware_pkg/package.bash'
[2.770s] INFO:colcon.colcon_core.shell:Creating package script '/home/k/ros2_ws/install/hardware_pkg/share/hardware_pkg/package.zsh'
[2.771s] Level 1:colcon.colcon_core.environment:create_file_with_runtime_dependencies(/home/k/ros2_ws/install/hardware_pkg/share/colcon-core/packages/hardware_pkg)
[2.776s] DEBUG:colcon.colcon_core.event_handler.log_command:Invoking command in '/home/k/ros2_ws/src/position_pkg': PYTHONPATH=/home/k/ros2_ws/build/position_pkg/prefix_override:/usr/lib/python3/dist-packages/colcon_core/task/python/colcon_distutils_commands:/home/k/ros2_ws/install/position_pkg/lib/python3.10/site-packages:${PYTHONPATH} /usr/bin/python3 -W ignore:setup.py install is deprecated setup.py egg_info --egg-base ../../build/position_pkg build --build-base /home/k/ros2_ws/build/position_pkg/build install --record /home/k/ros2_ws/build/position_pkg/install.log --single-version-externally-managed install_data
[2.789s] DEBUG:colcon.colcon_core.event_handler.log_command:Invoking command in '/home/k/ros2_ws/src/camera_subscriber': PYTHONPATH=/home/k/ros2_ws/build/camera_subscriber/prefix_override:/usr/lib/python3/dist-packages/colcon_core/task/python/colcon_distutils_commands:/home/k/ros2_ws/install/camera_subscriber/lib/python3.10/site-packages:${PYTHONPATH} /usr/bin/python3 -W ignore:setup.py install is deprecated setup.py egg_info --egg-base ../../build/camera_subscriber build --build-base /home/k/ros2_ws/build/camera_subscriber/build install --record /home/k/ros2_ws/build/camera_subscriber/install.log --single-version-externally-managed install_data
[2.794s] DEBUG:colcon.colcon_core.event_handler.log_command:Invoking command in '/home/k/ros2_ws/src/lidar_subscriber': PYTHONPATH=/home/k/ros2_ws/build/lidar_subscriber/prefix_override:/usr/lib/python3/dist-packages/colcon_core/task/python/colcon_distutils_commands:/home/k/ros2_ws/install/lidar_subscriber/lib/python3.10/site-packages:${PYTHONPATH} /usr/bin/python3 -W ignore:setup.py install is deprecated setup.py egg_info --egg-base ../../build/lidar_subscriber build --build-base /home/k/ros2_ws/build/lidar_subscriber/build install --record /home/k/ros2_ws/build/lidar_subscriber/install.log --single-version-externally-managed install_data
[2.803s] DEBUG:colcon.colcon_core.event_handler.log_command:Invoking command in '/home/k/ros2_ws/src/my_robot_description': PYTHONPATH=/home/k/ros2_ws/build/my_robot_description/prefix_override:/usr/lib/python3/dist-packages/colcon_core/task/python/colcon_distutils_commands:/home/k/ros2_ws/install/my_robot_description/lib/python3.10/site-packages:${PYTHONPATH} /usr/bin/python3 -W ignore:setup.py install is deprecated setup.py egg_info --egg-base ../../build/my_robot_description build --build-base /home/k/ros2_ws/build/my_robot_description/build install --record /home/k/ros2_ws/build/my_robot_description/install.log --single-version-externally-managed install_data
[2.805s] DEBUG:colcon.colcon_core.event_handler.log_command:Invoking command in '/home/k/ros2_ws/src/ROS-TCP-Endpoint-main-ros2': PYTHONPATH=/home/k/ros2_ws/build/ros_tcp_endpoint/prefix_override:/usr/lib/python3/dist-packages/colcon_core/task/python/colcon_distutils_commands:/home/k/ros2_ws/install/ros_tcp_endpoint/lib/python3.10/site-packages:${PYTHONPATH} /usr/bin/python3 -W ignore:setup.py install is deprecated setup.py egg_info --egg-base ../../build/ros_tcp_endpoint build --build-base /home/k/ros2_ws/build/ros_tcp_endpoint/build install --record /home/k/ros2_ws/build/ros_tcp_endpoint/install.log --install-scripts $base/lib/ros_tcp_endpoint --single-version-externally-managed install_data
[3.037s] Level 1:colcon.colcon_core.environment:checking '/home/k/ros2_ws/install/camera_subscriber' for CMake module files
[3.037s] Level 1:colcon.colcon_core.environment:checking '/home/k/ros2_ws/install/camera_subscriber' for CMake config files
[3.038s] DEBUG:colcon.colcon_core.event_handler.log_command:Invoked command in '/home/k/ros2_ws/src/camera_subscriber' returned '0': PYTHONPATH=/home/k/ros2_ws/build/camera_subscriber/prefix_override:/usr/lib/python3/dist-packages/colcon_core/task/python/colcon_distutils_commands:/home/k/ros2_ws/install/camera_subscriber/lib/python3.10/site-packages:${PYTHONPATH} /usr/bin/python3 -W ignore:setup.py install is deprecated setup.py egg_info --egg-base ../../build/camera_subscriber build --build-base /home/k/ros2_ws/build/camera_subscriber/build install --record /home/k/ros2_ws/build/camera_subscriber/install.log --single-version-externally-managed install_data
[3.038s] Level 1:colcon.colcon_core.environment:checking '/home/k/ros2_ws/install/camera_subscriber/lib'
[3.038s] Level 1:colcon.colcon_core.environment:checking '/home/k/ros2_ws/install/camera_subscriber/bin'
[3.038s] Level 1:colcon.colcon_core.environment:checking '/home/k/ros2_ws/install/camera_subscriber/lib/pkgconfig/camera_subscriber.pc'
[3.039s] Level 1:colcon.colcon_core.environment:checking '/home/k/ros2_ws/install/camera_subscriber/lib/python3.10/site-packages'
[3.039s] Level 1:colcon.colcon_core.shell:create_environment_hook('camera_subscriber', 'pythonpath')
[3.039s] INFO:colcon.colcon_core.shell:Creating environment hook '/home/k/ros2_ws/install/camera_subscriber/share/camera_subscriber/hook/pythonpath.ps1'
[3.039s] INFO:colcon.colcon_core.shell:Creating environment descriptor '/home/k/ros2_ws/install/camera_subscriber/share/camera_subscriber/hook/pythonpath.dsv'
[3.040s] INFO:colcon.colcon_core.shell:Creating environment hook '/home/k/ros2_ws/install/camera_subscriber/share/camera_subscriber/hook/pythonpath.sh'
[3.040s] Level 1:colcon.colcon_core.environment:checking '/home/k/ros2_ws/install/camera_subscriber/bin'
[3.040s] Level 1:colcon.colcon_core.environment:create_environment_scripts_only(camera_subscriber)
[3.041s] INFO:colcon.colcon_core.shell:Creating package script '/home/k/ros2_ws/install/camera_subscriber/share/camera_subscriber/package.ps1'
[3.041s] INFO:colcon.colcon_core.shell:Creating package descriptor '/home/k/ros2_ws/install/camera_subscriber/share/camera_subscriber/package.dsv'
[3.042s] INFO:colcon.colcon_core.shell:Creating package script '/home/k/ros2_ws/install/camera_subscriber/share/camera_subscriber/package.sh'
[3.042s] INFO:colcon.colcon_core.shell:Creating package script '/home/k/ros2_ws/install/camera_subscriber/share/camera_subscriber/package.bash'
[3.043s] INFO:colcon.colcon_core.shell:Creating package script '/home/k/ros2_ws/install/camera_subscriber/share/camera_subscriber/package.zsh'
[3.043s] Level 1:colcon.colcon_core.environment:create_file_with_runtime_dependencies(/home/k/ros2_ws/install/camera_subscriber/share/colcon-core/packages/camera_subscriber)
[3.046s] Level 1:colcon.colcon_core.environment:checking '/home/k/ros2_ws/install/position_pkg' for CMake module files
[3.046s] Level 1:colcon.colcon_core.environment:checking '/home/k/ros2_ws/install/position_pkg' for CMake config files
[3.047s] Level 1:colcon.colcon_core.environment:checking '/home/k/ros2_ws/install/position_pkg/lib'
[3.047s] Level 1:colcon.colcon_core.environment:checking '/home/k/ros2_ws/install/position_pkg/bin'
[3.047s] Level 1:colcon.colcon_core.environment:checking '/home/k/ros2_ws/install/position_pkg/lib/pkgconfig/position_pkg.pc'
[3.047s] DEBUG:colcon.colcon_core.event_handler.log_command:Invoked command in '/home/k/ros2_ws/src/position_pkg' returned '0': PYTHONPATH=/home/k/ros2_ws/build/position_pkg/prefix_override:/usr/lib/python3/dist-packages/colcon_core/task/python/colcon_distutils_commands:/home/k/ros2_ws/install/position_pkg/lib/python3.10/site-packages:${PYTHONPATH} /usr/bin/python3 -W ignore:setup.py install is deprecated setup.py egg_info --egg-base ../../build/position_pkg build --build-base /home/k/ros2_ws/build/position_pkg/build install --record /home/k/ros2_ws/build/position_pkg/install.log --single-version-externally-managed install_data
[3.047s] Level 1:colcon.colcon_core.environment:checking '/home/k/ros2_ws/install/position_pkg/lib/python3.10/site-packages'
[3.047s] Level 1:colcon.colcon_core.shell:create_environment_hook('position_pkg', 'pythonpath')
[3.048s] INFO:colcon.colcon_core.shell:Creating environment hook '/home/k/ros2_ws/install/position_pkg/share/position_pkg/hook/pythonpath.ps1'
[3.048s] INFO:colcon.colcon_core.shell:Creating environment descriptor '/home/k/ros2_ws/install/position_pkg/share/position_pkg/hook/pythonpath.dsv'
[3.049s] INFO:colcon.colcon_core.shell:Creating environment hook '/home/k/ros2_ws/install/position_pkg/share/position_pkg/hook/pythonpath.sh'
[3.049s] Level 1:colcon.colcon_core.environment:checking '/home/k/ros2_ws/install/position_pkg/bin'
[3.049s] Level 1:colcon.colcon_core.environment:create_environment_scripts_only(position_pkg)
[3.050s] INFO:colcon.colcon_core.shell:Creating package script '/home/k/ros2_ws/install/position_pkg/share/position_pkg/package.ps1'
[3.050s] INFO:colcon.colcon_core.shell:Creating package descriptor '/home/k/ros2_ws/install/position_pkg/share/position_pkg/package.dsv'
[3.050s] INFO:colcon.colcon_core.shell:Creating package script '/home/k/ros2_ws/install/position_pkg/share/position_pkg/package.sh'
[3.051s] INFO:colcon.colcon_core.shell:Creating package script '/home/k/ros2_ws/install/position_pkg/share/position_pkg/package.bash'
[3.051s] INFO:colcon.colcon_core.shell:Creating package script '/home/k/ros2_ws/install/position_pkg/share/position_pkg/package.zsh'
[3.051s] Level 1:colcon.colcon_core.environment:create_file_with_runtime_dependencies(/home/k/ros2_ws/install/position_pkg/share/colcon-core/packages/position_pkg)
[3.061s] Level 1:colcon.colcon_core.environment:checking '/home/k/ros2_ws/install/ros_tcp_endpoint' for CMake module files
[3.061s] DEBUG:colcon.colcon_core.event_handler.log_command:Invoked command in '/home/k/ros2_ws/src/ROS-TCP-Endpoint-main-ros2' returned '0': PYTHONPATH=/home/k/ros2_ws/build/ros_tcp_endpoint/prefix_override:/usr/lib/python3/dist-packages/colcon_core/task/python/colcon_distutils_commands:/home/k/ros2_ws/install/ros_tcp_endpoint/lib/python3.10/site-packages:${PYTHONPATH} /usr/bin/python3 -W ignore:setup.py install is deprecated setup.py egg_info --egg-base ../../build/ros_tcp_endpoint build --build-base /home/k/ros2_ws/build/ros_tcp_endpoint/build install --record /home/k/ros2_ws/build/ros_tcp_endpoint/install.log --install-scripts $base/lib/ros_tcp_endpoint --single-version-externally-managed install_data
[3.061s] Level 1:colcon.colcon_core.environment:checking '/home/k/ros2_ws/install/ros_tcp_endpoint' for CMake config files
[3.062s] Level 1:colcon.colcon_core.environment:checking '/home/k/ros2_ws/install/ros_tcp_endpoint/lib'
[3.062s] Level 1:colcon.colcon_core.environment:checking '/home/k/ros2_ws/install/ros_tcp_endpoint/bin'
[3.062s] Level 1:colcon.colcon_core.environment:checking '/home/k/ros2_ws/install/ros_tcp_endpoint/lib/pkgconfig/ros_tcp_endpoint.pc'
[3.062s] Level 1:colcon.colcon_core.environment:checking '/home/k/ros2_ws/install/ros_tcp_endpoint/lib/python3.10/site-packages'
[3.062s] Level 1:colcon.colcon_core.shell:create_environment_hook('ros_tcp_endpoint', 'pythonpath')
[3.062s] INFO:colcon.colcon_core.shell:Creating environment hook '/home/k/ros2_ws/install/ros_tcp_endpoint/share/ros_tcp_endpoint/hook/pythonpath.ps1'
[3.062s] INFO:colcon.colcon_core.shell:Creating environment descriptor '/home/k/ros2_ws/install/ros_tcp_endpoint/share/ros_tcp_endpoint/hook/pythonpath.dsv'
[3.063s] INFO:colcon.colcon_core.shell:Creating environment hook '/home/k/ros2_ws/install/ros_tcp_endpoint/share/ros_tcp_endpoint/hook/pythonpath.sh'
[3.063s] Level 1:colcon.colcon_core.environment:checking '/home/k/ros2_ws/install/ros_tcp_endpoint/bin'
[3.063s] Level 1:colcon.colcon_core.environment:create_environment_scripts_only(ros_tcp_endpoint)
[3.064s] INFO:colcon.colcon_core.shell:Creating package script '/home/k/ros2_ws/install/ros_tcp_endpoint/share/ros_tcp_endpoint/package.ps1'
[3.064s] INFO:colcon.colcon_core.shell:Creating package descriptor '/home/k/ros2_ws/install/ros_tcp_endpoint/share/ros_tcp_endpoint/package.dsv'
[3.064s] INFO:colcon.colcon_core.shell:Creating package script '/home/k/ros2_ws/install/ros_tcp_endpoint/share/ros_tcp_endpoint/package.sh'
[3.065s] INFO:colcon.colcon_core.shell:Creating package script '/home/k/ros2_ws/install/ros_tcp_endpoint/share/ros_tcp_endpoint/package.bash'
[3.065s] INFO:colcon.colcon_core.shell:Creating package script '/home/k/ros2_ws/install/ros_tcp_endpoint/share/ros_tcp_endpoint/package.zsh'
[3.065s] Level 1:colcon.colcon_core.environment:create_file_with_runtime_dependencies(/home/k/ros2_ws/install/ros_tcp_endpoint/share/colcon-core/packages/ros_tcp_endpoint)
[3.066s] Level 1:colcon.colcon_core.environment:checking '/home/k/ros2_ws/install/my_robot_description' for CMake module files
[3.066s] Level 1:colcon.colcon_core.environment:checking '/home/k/ros2_ws/install/my_robot_description' for CMake config files
[3.067s] Level 1:colcon.colcon_core.environment:checking '/home/k/ros2_ws/install/my_robot_description/lib'
[3.067s] Level 1:colcon.colcon_core.environment:checking '/home/k/ros2_ws/install/my_robot_description/bin'
[3.067s] Level 1:colcon.colcon_core.environment:checking '/home/k/ros2_ws/install/my_robot_description/lib/pkgconfig/my_robot_description.pc'
[3.067s] Level 1:colcon.colcon_core.environment:checking '/home/k/ros2_ws/install/my_robot_description/lib/python3.10/site-packages'
[3.067s] Level 1:colcon.colcon_core.shell:create_environment_hook('my_robot_description', 'pythonpath')
[3.067s] INFO:colcon.colcon_core.shell:Creating environment hook '/home/k/ros2_ws/install/my_robot_description/share/my_robot_description/hook/pythonpath.ps1'
[3.067s] INFO:colcon.colcon_core.shell:Creating environment descriptor '/home/k/ros2_ws/install/my_robot_description/share/my_robot_description/hook/pythonpath.dsv'
[3.067s] DEBUG:colcon.colcon_core.event_handler.log_command:Invoked command in '/home/k/ros2_ws/src/my_robot_description' returned '0': PYTHONPATH=/home/k/ros2_ws/build/my_robot_description/prefix_override:/usr/lib/python3/dist-packages/colcon_core/task/python/colcon_distutils_commands:/home/k/ros2_ws/install/my_robot_description/lib/python3.10/site-packages:${PYTHONPATH} /usr/bin/python3 -W ignore:setup.py install is deprecated setup.py egg_info --egg-base ../../build/my_robot_description build --build-base /home/k/ros2_ws/build/my_robot_description/build install --record /home/k/ros2_ws/build/my_robot_description/install.log --single-version-externally-managed install_data
[3.068s] INFO:colcon.colcon_core.shell:Creating environment hook '/home/k/ros2_ws/install/my_robot_description/share/my_robot_description/hook/pythonpath.sh'
[3.068s] Level 1:colcon.colcon_core.environment:checking '/home/k/ros2_ws/install/my_robot_description/bin'
[3.068s] Level 1:colcon.colcon_core.environment:create_environment_scripts_only(my_robot_description)
[3.068s] INFO:colcon.colcon_core.shell:Creating package script '/home/k/ros2_ws/install/my_robot_description/share/my_robot_description/package.ps1'
[3.069s] INFO:colcon.colcon_core.shell:Creating package descriptor '/home/k/ros2_ws/install/my_robot_description/share/my_robot_description/package.dsv'
[3.069s] INFO:colcon.colcon_core.shell:Creating package script '/home/k/ros2_ws/install/my_robot_description/share/my_robot_description/package.sh'
[3.069s] INFO:colcon.colcon_core.shell:Creating package script '/home/k/ros2_ws/install/my_robot_description/share/my_robot_description/package.bash'
[3.070s] INFO:colcon.colcon_core.shell:Creating package script '/home/k/ros2_ws/install/my_robot_description/share/my_robot_description/package.zsh'
[3.070s] Level 1:colcon.colcon_core.environment:create_file_with_runtime_dependencies(/home/k/ros2_ws/install/my_robot_description/share/colcon-core/packages/my_robot_description)
[3.071s] Level 1:colcon.colcon_core.environment:checking '/home/k/ros2_ws/install/lidar_subscriber' for CMake module files
[3.071s] DEBUG:colcon.colcon_core.event_handler.log_command:Invoked command in '/home/k/ros2_ws/src/lidar_subscriber' returned '0': PYTHONPATH=/home/k/ros2_ws/build/lidar_subscriber/prefix_override:/usr/lib/python3/dist-packages/colcon_core/task/python/colcon_distutils_commands:/home/k/ros2_ws/install/lidar_subscriber/lib/python3.10/site-packages:${PYTHONPATH} /usr/bin/python3 -W ignore:setup.py install is deprecated setup.py egg_info --egg-base ../../build/lidar_subscriber build --build-base /home/k/ros2_ws/build/lidar_subscriber/build install --record /home/k/ros2_ws/build/lidar_subscriber/install.log --single-version-externally-managed install_data
[3.072s] Level 1:colcon.colcon_core.environment:checking '/home/k/ros2_ws/install/lidar_subscriber' for CMake config files
[3.072s] Level 1:colcon.colcon_core.environment:checking '/home/k/ros2_ws/install/lidar_subscriber/lib'
[3.072s] Level 1:colcon.colcon_core.environment:checking '/home/k/ros2_ws/install/lidar_subscriber/bin'
[3.072s] Level 1:colcon.colcon_core.environment:checking '/home/k/ros2_ws/install/lidar_subscriber/lib/pkgconfig/lidar_subscriber.pc'
[3.072s] Level 1:colcon.colcon_core.environment:checking '/home/k/ros2_ws/install/lidar_subscriber/lib/python3.10/site-packages'
[3.072s] Level 1:colcon.colcon_core.shell:create_environment_hook('lidar_subscriber', 'pythonpath')
[3.072s] INFO:colcon.colcon_core.shell:Creating environment hook '/home/k/ros2_ws/install/lidar_subscriber/share/lidar_subscriber/hook/pythonpath.ps1'
[3.073s] INFO:colcon.colcon_core.shell:Creating environment descriptor '/home/k/ros2_ws/install/lidar_subscriber/share/lidar_subscriber/hook/pythonpath.dsv'
[3.073s] INFO:colcon.colcon_core.shell:Creating environment hook '/home/k/ros2_ws/install/lidar_subscriber/share/lidar_subscriber/hook/pythonpath.sh'
[3.073s] Level 1:colcon.colcon_core.environment:checking '/home/k/ros2_ws/install/lidar_subscriber/bin'
[3.073s] Level 1:colcon.colcon_core.environment:create_environment_scripts_only(lidar_subscriber)
[3.074s] INFO:colcon.colcon_core.shell:Creating package script '/home/k/ros2_ws/install/lidar_subscriber/share/lidar_subscriber/package.ps1'
[3.074s] INFO:colcon.colcon_core.shell:Creating package descriptor '/home/k/ros2_ws/install/lidar_subscriber/share/lidar_subscriber/package.dsv'
[3.074s] INFO:colcon.colcon_core.shell:Creating package script '/home/k/ros2_ws/install/lidar_subscriber/share/lidar_subscriber/package.sh'
[3.075s] INFO:colcon.colcon_core.shell:Creating package script '/home/k/ros2_ws/install/lidar_subscriber/share/lidar_subscriber/package.bash'
[3.075s] INFO:colcon.colcon_core.shell:Creating package script '/home/k/ros2_ws/install/lidar_subscriber/share/lidar_subscriber/package.zsh'
[3.075s] Level 1:colcon.colcon_core.environment:create_file_with_runtime_dependencies(/home/k/ros2_ws/install/lidar_subscriber/share/colcon-core/packages/lidar_subscriber)
[3.076s] DEBUG:colcon.colcon_parallel_executor.executor.parallel:closing loop
[3.076s] DEBUG:colcon.colcon_parallel_executor.executor.parallel:loop closed
[3.076s] DEBUG:colcon.colcon_parallel_executor.executor.parallel:run_until_complete finished with '0'
[3.076s] DEBUG:colcon.colcon_core.event_reactor:joining thread
[3.083s] INFO:colcon.colcon_core.plugin_system:Skipping extension 'colcon_notification.desktop_notification.terminal_notifier': Not used on non-Darwin systems
[3.083s] INFO:colcon.colcon_core.plugin_system:Skipping extension 'colcon_notification.desktop_notification.win32': Not used on non-Windows systems
[3.083s] INFO:colcon.colcon_notification.desktop_notification:Sending desktop notification using 'notify2'
[3.098s] DEBUG:colcon.colcon_core.event_reactor:joined thread
[3.098s] INFO:colcon.colcon_core.shell:Creating prefix script '/home/k/ros2_ws/install/local_setup.ps1'
[3.099s] INFO:colcon.colcon_core.shell:Creating prefix util module '/home/k/ros2_ws/install/_local_setup_util_ps1.py'
[3.101s] INFO:colcon.colcon_core.shell:Creating prefix chain script '/home/k/ros2_ws/install/setup.ps1'
[3.102s] INFO:colcon.colcon_core.shell:Creating prefix script '/home/k/ros2_ws/install/local_setup.sh'
[3.103s] INFO:colcon.colcon_core.shell:Creating prefix util module '/home/k/ros2_ws/install/_local_setup_util_sh.py'
[3.103s] INFO:colcon.colcon_core.shell:Creating prefix chain script '/home/k/ros2_ws/install/setup.sh'
[3.104s] INFO:colcon.colcon_core.shell:Creating prefix script '/home/k/ros2_ws/install/local_setup.bash'
[3.105s] INFO:colcon.colcon_core.shell:Creating prefix chain script '/home/k/ros2_ws/install/setup.bash'
[3.106s] INFO:colcon.colcon_core.shell:Creating prefix script '/home/k/ros2_ws/install/local_setup.zsh'
[3.107s] INFO:colcon.colcon_core.shell:Creating prefix chain script '/home/k/ros2_ws/install/setup.zsh'
