[1.672s] Invoking command in '/home/k/ros2_ws/src/fixposition_pkg': PYTHONPATH=/home/k/ros2_ws/build/fixposition_pkg/prefix_override:/usr/lib/python3/dist-packages/colcon_core/task/python/colcon_distutils_commands:/home/k/ros2_ws/install/fixposition_pkg/lib/python3.10/site-packages:${PYTHONPATH} /usr/bin/python3 -W ignore:setup.py install is deprecated setup.py egg_info --egg-base ../../build/fixposition_pkg build --build-base /home/k/ros2_ws/build/fixposition_pkg/build install --record /home/k/ros2_ws/build/fixposition_pkg/install.log --single-version-externally-managed install_data
[1.877s] running egg_info
[1.878s] writing ../../build/fixposition_pkg/fixposition_pkg.egg-info/PKG-INFO
[1.878s] writing dependency_links to ../../build/fixposition_pkg/fixposition_pkg.egg-info/dependency_links.txt
[1.878s] writing entry points to ../../build/fixposition_pkg/fixposition_pkg.egg-info/entry_points.txt
[1.878s] writing requirements to ../../build/fixposition_pkg/fixposition_pkg.egg-info/requires.txt
[1.879s] writing top-level names to ../../build/fixposition_pkg/fixposition_pkg.egg-info/top_level.txt
[1.880s] reading manifest file '../../build/fixposition_pkg/fixposition_pkg.egg-info/SOURCES.txt'
[1.880s] writing manifest file '../../build/fixposition_pkg/fixposition_pkg.egg-info/SOURCES.txt'
[1.880s] running build
[1.880s] running build_py
[1.880s] copying fixposition_pkg/fixposition_node.py -> /home/k/ros2_ws/build/fixposition_pkg/build/lib/fixposition_pkg
[1.880s] copying fixposition_pkg/__init__.py -> /home/k/ros2_ws/build/fixposition_pkg/build/lib/fixposition_pkg
[1.881s] running install
[1.881s] running install_lib
[1.881s] copying /home/k/ros2_ws/build/fixposition_pkg/build/lib/fixposition_pkg/fixposition_node.py -> /home/k/ros2_ws/install/fixposition_pkg/lib/python3.10/site-packages/fixposition_pkg
[1.881s] copying /home/k/ros2_ws/build/fixposition_pkg/build/lib/fixposition_pkg/__init__.py -> /home/k/ros2_ws/install/fixposition_pkg/lib/python3.10/site-packages/fixposition_pkg
[1.882s] byte-compiling /home/k/ros2_ws/install/fixposition_pkg/lib/python3.10/site-packages/fixposition_pkg/fixposition_node.py to fixposition_node.cpython-310.pyc
[1.882s] byte-compiling /home/k/ros2_ws/install/fixposition_pkg/lib/python3.10/site-packages/fixposition_pkg/__init__.py to __init__.cpython-310.pyc
[1.882s] running install_data
[1.882s] copying resource/fixposition_pkg -> /home/k/ros2_ws/install/fixposition_pkg/share/ament_index/resource_index/packages
[1.882s] copying package.xml -> /home/k/ros2_ws/install/fixposition_pkg/share/fixposition_pkg
[1.882s] running install_egg_info
[1.883s] removing '/home/k/ros2_ws/install/fixposition_pkg/lib/python3.10/site-packages/fixposition_pkg-0.0.0-py3.10.egg-info' (and everything under it)
[1.884s] Copying ../../build/fixposition_pkg/fixposition_pkg.egg-info to /home/k/ros2_ws/install/fixposition_pkg/lib/python3.10/site-packages/fixposition_pkg-0.0.0-py3.10.egg-info
[1.884s] running install_scripts
[1.906s] writing list of installed files to '/home/k/ros2_ws/build/fixposition_pkg/install.log'
[1.940s] Invoked command in '/home/k/ros2_ws/src/fixposition_pkg' returned '0': PYTHONPATH=/home/k/ros2_ws/build/fixposition_pkg/prefix_override:/usr/lib/python3/dist-packages/colcon_core/task/python/colcon_distutils_commands:/home/k/ros2_ws/install/fixposition_pkg/lib/python3.10/site-packages:${PYTHONPATH} /usr/bin/python3 -W ignore:setup.py install is deprecated setup.py egg_info --egg-base ../../build/fixposition_pkg build --build-base /home/k/ros2_ws/build/fixposition_pkg/build install --record /home/k/ros2_ws/build/fixposition_pkg/install.log --single-version-externally-managed install_data
