[0.394s] Invoking command in '/home/k/ros2_ws/src/hardware_pkg': PYTHONPATH=/home/k/ros2_ws/build/hardware_pkg/prefix_override:/usr/lib/python3/dist-packages/colcon_core/task/python/colcon_distutils_commands:/home/k/ros2_ws/install/hardware_pkg/lib/python3.10/site-packages:${PYTHONPATH} /usr/bin/python3 -W ignore:setup.py install is deprecated setup.py egg_info --egg-base ../../build/hardware_pkg build --build-base /home/k/ros2_ws/build/hardware_pkg/build install --record /home/k/ros2_ws/build/hardware_pkg/install.log --single-version-externally-managed install_data
[0.528s] running egg_info
[0.528s] creating ../../build/hardware_pkg/hardware_pkg.egg-info
[0.528s] writing ../../build/hardware_pkg/hardware_pkg.egg-info/PKG-INFO
[0.528s] writing dependency_links to ../../build/hardware_pkg/hardware_pkg.egg-info/dependency_links.txt
[0.528s] writing entry points to ../../build/hardware_pkg/hardware_pkg.egg-info/entry_points.txt
[0.528s] writing requirements to ../../build/hardware_pkg/hardware_pkg.egg-info/requires.txt
[0.528s] writing top-level names to ../../build/hardware_pkg/hardware_pkg.egg-info/top_level.txt
[0.528s] writing manifest file '../../build/hardware_pkg/hardware_pkg.egg-info/SOURCES.txt'
[0.528s] reading manifest file '../../build/hardware_pkg/hardware_pkg.egg-info/SOURCES.txt'
[0.528s] writing manifest file '../../build/hardware_pkg/hardware_pkg.egg-info/SOURCES.txt'
[0.528s] running build
[0.528s] running build_py
[0.528s] creating /home/k/ros2_ws/build/hardware_pkg/build
[0.528s] creating /home/k/ros2_ws/build/hardware_pkg/build/lib
[0.528s] creating /home/k/ros2_ws/build/hardware_pkg/build/lib/hardware_pkg
[0.528s] copying hardware_pkg/__init__.py -> /home/k/ros2_ws/build/hardware_pkg/build/lib/hardware_pkg
[0.528s] running install
[0.529s] running install_lib
[0.529s] creating /home/k/ros2_ws/install/hardware_pkg/lib/python3.10/site-packages/hardware_pkg
[0.529s] copying /home/k/ros2_ws/build/hardware_pkg/build/lib/hardware_pkg/__init__.py -> /home/k/ros2_ws/install/hardware_pkg/lib/python3.10/site-packages/hardware_pkg
[0.530s] byte-compiling /home/k/ros2_ws/install/hardware_pkg/lib/python3.10/site-packages/hardware_pkg/__init__.py to __init__.cpython-310.pyc
[0.530s] running install_data
[0.530s] creating /home/k/ros2_ws/install/hardware_pkg/share
[0.530s] creating /home/k/ros2_ws/install/hardware_pkg/share/ament_index
[0.530s] creating /home/k/ros2_ws/install/hardware_pkg/share/ament_index/resource_index
[0.530s] creating /home/k/ros2_ws/install/hardware_pkg/share/ament_index/resource_index/packages
[0.530s] copying resource/hardware_pkg -> /home/k/ros2_ws/install/hardware_pkg/share/ament_index/resource_index/packages
[0.530s] creating /home/k/ros2_ws/install/hardware_pkg/share/hardware_pkg
[0.530s] copying package.xml -> /home/k/ros2_ws/install/hardware_pkg/share/hardware_pkg
[0.530s] running install_egg_info
[0.530s] Copying ../../build/hardware_pkg/hardware_pkg.egg-info to /home/k/ros2_ws/install/hardware_pkg/lib/python3.10/site-packages/hardware_pkg-0.0.0-py3.10.egg-info
[0.533s] running install_scripts
[0.543s] writing list of installed files to '/home/k/ros2_ws/build/hardware_pkg/install.log'
[0.560s] Invoked command in '/home/k/ros2_ws/src/hardware_pkg' returned '0': PYTHONPATH=/home/k/ros2_ws/build/hardware_pkg/prefix_override:/usr/lib/python3/dist-packages/colcon_core/task/python/colcon_distutils_commands:/home/k/ros2_ws/install/hardware_pkg/lib/python3.10/site-packages:${PYTHONPATH} /usr/bin/python3 -W ignore:setup.py install is deprecated setup.py egg_info --egg-base ../../build/hardware_pkg build --build-base /home/k/ros2_ws/build/hardware_pkg/build install --record /home/k/ros2_ws/build/hardware_pkg/install.log --single-version-externally-managed install_data
