[0.378s] Invoking command in '/home/k/ros2_ws/src/ROS-TCP-Endpoint-main-ros2': PYTHONPATH=/home/k/ros2_ws/build/ros_tcp_endpoint/prefix_override:/usr/lib/python3/dist-packages/colcon_core/task/python/colcon_distutils_commands:/home/k/ros2_ws/install/ros_tcp_endpoint/lib/python3.10/site-packages:${PYTHONPATH} /usr/bin/python3 -W ignore:setup.py install is deprecated setup.py egg_info --egg-base ../../build/ros_tcp_endpoint build --build-base /home/k/ros2_ws/build/ros_tcp_endpoint/build install --record /home/k/ros2_ws/build/ros_tcp_endpoint/install.log --install-scripts $base/lib/ros_tcp_endpoint --single-version-externally-managed install_data
[0.500s] /usr/lib/python3/dist-packages/setuptools/dist.py:723: UserWarning: Usage of dash-separated 'script-dir' will not be supported in future versions. Please use the underscore name 'script_dir' instead
[0.500s]   warnings.warn(
[0.504s] running egg_info
[0.505s] creating ../../build/ros_tcp_endpoint/ros_tcp_endpoint.egg-info
[0.505s] writing ../../build/ros_tcp_endpoint/ros_tcp_endpoint.egg-info/PKG-INFO
[0.505s] writing dependency_links to ../../build/ros_tcp_endpoint/ros_tcp_endpoint.egg-info/dependency_links.txt
[0.505s] writing entry points to ../../build/ros_tcp_endpoint/ros_tcp_endpoint.egg-info/entry_points.txt
[0.505s] writing requirements to ../../build/ros_tcp_endpoint/ros_tcp_endpoint.egg-info/requires.txt
[0.505s] writing top-level names to ../../build/ros_tcp_endpoint/ros_tcp_endpoint.egg-info/top_level.txt
[0.505s] writing manifest file '../../build/ros_tcp_endpoint/ros_tcp_endpoint.egg-info/SOURCES.txt'
[0.506s] reading manifest file '../../build/ros_tcp_endpoint/ros_tcp_endpoint.egg-info/SOURCES.txt'
[0.506s] adding license file 'LICENSE'
[0.507s] writing manifest file '../../build/ros_tcp_endpoint/ros_tcp_endpoint.egg-info/SOURCES.txt'
[0.507s] running build
[0.507s] running build_py
[0.507s] creating /home/k/ros2_ws/build/ros_tcp_endpoint/build
[0.507s] creating /home/k/ros2_ws/build/ros_tcp_endpoint/build/lib
[0.507s] creating /home/k/ros2_ws/build/ros_tcp_endpoint/build/lib/ros_tcp_endpoint
[0.507s] copying ros_tcp_endpoint/client.py -> /home/k/ros2_ws/build/ros_tcp_endpoint/build/lib/ros_tcp_endpoint
[0.507s] copying ros_tcp_endpoint/publisher.py -> /home/k/ros2_ws/build/ros_tcp_endpoint/build/lib/ros_tcp_endpoint
[0.508s] copying ros_tcp_endpoint/exceptions.py -> /home/k/ros2_ws/build/ros_tcp_endpoint/build/lib/ros_tcp_endpoint
[0.508s] copying ros_tcp_endpoint/server.py -> /home/k/ros2_ws/build/ros_tcp_endpoint/build/lib/ros_tcp_endpoint
[0.508s] copying ros_tcp_endpoint/default_server_endpoint.py -> /home/k/ros2_ws/build/ros_tcp_endpoint/build/lib/ros_tcp_endpoint
[0.508s] copying ros_tcp_endpoint/tcp_sender.py -> /home/k/ros2_ws/build/ros_tcp_endpoint/build/lib/ros_tcp_endpoint
[0.508s] copying ros_tcp_endpoint/thread_pauser.py -> /home/k/ros2_ws/build/ros_tcp_endpoint/build/lib/ros_tcp_endpoint
[0.508s] copying ros_tcp_endpoint/unity_service.py -> /home/k/ros2_ws/build/ros_tcp_endpoint/build/lib/ros_tcp_endpoint
[0.508s] copying ros_tcp_endpoint/__init__.py -> /home/k/ros2_ws/build/ros_tcp_endpoint/build/lib/ros_tcp_endpoint
[0.508s] copying ros_tcp_endpoint/communication.py -> /home/k/ros2_ws/build/ros_tcp_endpoint/build/lib/ros_tcp_endpoint
[0.508s] copying ros_tcp_endpoint/service.py -> /home/k/ros2_ws/build/ros_tcp_endpoint/build/lib/ros_tcp_endpoint
[0.508s] copying ros_tcp_endpoint/subscriber.py -> /home/k/ros2_ws/build/ros_tcp_endpoint/build/lib/ros_tcp_endpoint
[0.508s] running install
[0.508s] running install_lib
[0.508s] creating /home/k/ros2_ws/install/ros_tcp_endpoint/lib/python3.10/site-packages/ros_tcp_endpoint
[0.508s] copying /home/k/ros2_ws/build/ros_tcp_endpoint/build/lib/ros_tcp_endpoint/client.py -> /home/k/ros2_ws/install/ros_tcp_endpoint/lib/python3.10/site-packages/ros_tcp_endpoint
[0.508s] copying /home/k/ros2_ws/build/ros_tcp_endpoint/build/lib/ros_tcp_endpoint/publisher.py -> /home/k/ros2_ws/install/ros_tcp_endpoint/lib/python3.10/site-packages/ros_tcp_endpoint
[0.508s] copying /home/k/ros2_ws/build/ros_tcp_endpoint/build/lib/ros_tcp_endpoint/exceptions.py -> /home/k/ros2_ws/install/ros_tcp_endpoint/lib/python3.10/site-packages/ros_tcp_endpoint
[0.509s] copying /home/k/ros2_ws/build/ros_tcp_endpoint/build/lib/ros_tcp_endpoint/server.py -> /home/k/ros2_ws/install/ros_tcp_endpoint/lib/python3.10/site-packages/ros_tcp_endpoint
[0.509s] copying /home/k/ros2_ws/build/ros_tcp_endpoint/build/lib/ros_tcp_endpoint/default_server_endpoint.py -> /home/k/ros2_ws/install/ros_tcp_endpoint/lib/python3.10/site-packages/ros_tcp_endpoint
[0.509s] copying /home/k/ros2_ws/build/ros_tcp_endpoint/build/lib/ros_tcp_endpoint/tcp_sender.py -> /home/k/ros2_ws/install/ros_tcp_endpoint/lib/python3.10/site-packages/ros_tcp_endpoint
[0.509s] copying /home/k/ros2_ws/build/ros_tcp_endpoint/build/lib/ros_tcp_endpoint/thread_pauser.py -> /home/k/ros2_ws/install/ros_tcp_endpoint/lib/python3.10/site-packages/ros_tcp_endpoint
[0.509s] copying /home/k/ros2_ws/build/ros_tcp_endpoint/build/lib/ros_tcp_endpoint/unity_service.py -> /home/k/ros2_ws/install/ros_tcp_endpoint/lib/python3.10/site-packages/ros_tcp_endpoint
[0.509s] copying /home/k/ros2_ws/build/ros_tcp_endpoint/build/lib/ros_tcp_endpoint/__init__.py -> /home/k/ros2_ws/install/ros_tcp_endpoint/lib/python3.10/site-packages/ros_tcp_endpoint
[0.509s] copying /home/k/ros2_ws/build/ros_tcp_endpoint/build/lib/ros_tcp_endpoint/communication.py -> /home/k/ros2_ws/install/ros_tcp_endpoint/lib/python3.10/site-packages/ros_tcp_endpoint
[0.509s] copying /home/k/ros2_ws/build/ros_tcp_endpoint/build/lib/ros_tcp_endpoint/service.py -> /home/k/ros2_ws/install/ros_tcp_endpoint/lib/python3.10/site-packages/ros_tcp_endpoint
[0.509s] copying /home/k/ros2_ws/build/ros_tcp_endpoint/build/lib/ros_tcp_endpoint/subscriber.py -> /home/k/ros2_ws/install/ros_tcp_endpoint/lib/python3.10/site-packages/ros_tcp_endpoint
[0.509s] byte-compiling /home/k/ros2_ws/install/ros_tcp_endpoint/lib/python3.10/site-packages/ros_tcp_endpoint/client.py to client.cpython-310.pyc
[0.510s] byte-compiling /home/k/ros2_ws/install/ros_tcp_endpoint/lib/python3.10/site-packages/ros_tcp_endpoint/publisher.py to publisher.cpython-310.pyc
[0.510s] byte-compiling /home/k/ros2_ws/install/ros_tcp_endpoint/lib/python3.10/site-packages/ros_tcp_endpoint/exceptions.py to exceptions.cpython-310.pyc
[0.510s] byte-compiling /home/k/ros2_ws/install/ros_tcp_endpoint/lib/python3.10/site-packages/ros_tcp_endpoint/server.py to server.cpython-310.pyc
[0.511s] byte-compiling /home/k/ros2_ws/install/ros_tcp_endpoint/lib/python3.10/site-packages/ros_tcp_endpoint/default_server_endpoint.py to default_server_endpoint.cpython-310.pyc
[0.511s] byte-compiling /home/k/ros2_ws/install/ros_tcp_endpoint/lib/python3.10/site-packages/ros_tcp_endpoint/tcp_sender.py to tcp_sender.cpython-310.pyc
[0.512s] byte-compiling /home/k/ros2_ws/install/ros_tcp_endpoint/lib/python3.10/site-packages/ros_tcp_endpoint/thread_pauser.py to thread_pauser.cpython-310.pyc
[0.512s] byte-compiling /home/k/ros2_ws/install/ros_tcp_endpoint/lib/python3.10/site-packages/ros_tcp_endpoint/unity_service.py to unity_service.cpython-310.pyc
[0.512s] byte-compiling /home/k/ros2_ws/install/ros_tcp_endpoint/lib/python3.10/site-packages/ros_tcp_endpoint/__init__.py to __init__.cpython-310.pyc
[0.513s] byte-compiling /home/k/ros2_ws/install/ros_tcp_endpoint/lib/python3.10/site-packages/ros_tcp_endpoint/communication.py to communication.cpython-310.pyc
[0.513s] byte-compiling /home/k/ros2_ws/install/ros_tcp_endpoint/lib/python3.10/site-packages/ros_tcp_endpoint/service.py to service.cpython-310.pyc
[0.513s] byte-compiling /home/k/ros2_ws/install/ros_tcp_endpoint/lib/python3.10/site-packages/ros_tcp_endpoint/subscriber.py to subscriber.cpython-310.pyc
[0.513s] running install_data
[0.513s] creating /home/k/ros2_ws/install/ros_tcp_endpoint/share/ament_index
[0.513s] creating /home/k/ros2_ws/install/ros_tcp_endpoint/share/ament_index/resource_index
[0.513s] creating /home/k/ros2_ws/install/ros_tcp_endpoint/share/ament_index/resource_index/packages
[0.513s] copying resource/ros_tcp_endpoint -> /home/k/ros2_ws/install/ros_tcp_endpoint/share/ament_index/resource_index/packages
[0.513s] copying package.xml -> /home/k/ros2_ws/install/ros_tcp_endpoint/share/ros_tcp_endpoint
[0.513s] creating /home/k/ros2_ws/install/ros_tcp_endpoint/share/ros_tcp_endpoint/launch
[0.513s] copying launch/endpoint.py -> /home/k/ros2_ws/install/ros_tcp_endpoint/share/ros_tcp_endpoint/launch
[0.514s] running install_egg_info
[0.514s] Copying ../../build/ros_tcp_endpoint/ros_tcp_endpoint.egg-info to /home/k/ros2_ws/install/ros_tcp_endpoint/lib/python3.10/site-packages/ros_tcp_endpoint-0.0.1-py3.10.egg-info
[0.515s] running install_scripts
[0.526s] Installing default_server_endpoint script to /home/k/ros2_ws/install/ros_tcp_endpoint/lib/ros_tcp_endpoint
[0.526s] writing list of installed files to '/home/k/ros2_ws/build/ros_tcp_endpoint/install.log'
[0.539s] Invoked command in '/home/k/ros2_ws/src/ROS-TCP-Endpoint-main-ros2' returned '0': PYTHONPATH=/home/k/ros2_ws/build/ros_tcp_endpoint/prefix_override:/usr/lib/python3/dist-packages/colcon_core/task/python/colcon_distutils_commands:/home/k/ros2_ws/install/ros_tcp_endpoint/lib/python3.10/site-packages:${PYTHONPATH} /usr/bin/python3 -W ignore:setup.py install is deprecated setup.py egg_info --egg-base ../../build/ros_tcp_endpoint build --build-base /home/k/ros2_ws/build/ros_tcp_endpoint/build install --record /home/k/ros2_ws/build/ros_tcp_endpoint/install.log --install-scripts $base/lib/ros_tcp_endpoint --single-version-externally-managed install_data
