[1.073s] Invoking command in '/home/k/ros2_ws/src/position_pkg': PYTHONPATH=/home/k/ros2_ws/build/position_pkg/prefix_override:/usr/lib/python3/dist-packages/colcon_core/task/python/colcon_distutils_commands:/home/k/ros2_ws/install/position_pkg/lib/python3.10/site-packages:${PYTHONPATH} /usr/bin/python3 -W ignore:setup.py install is deprecated setup.py egg_info --egg-base ../../build/position_pkg build --build-base /home/k/ros2_ws/build/position_pkg/build install --record /home/k/ros2_ws/build/position_pkg/install.log --single-version-externally-managed install_data
[1.235s] running egg_info
[1.235s] writing ../../build/position_pkg/position_pkg.egg-info/PKG-INFO
[1.236s] writing dependency_links to ../../build/position_pkg/position_pkg.egg-info/dependency_links.txt
[1.236s] writing entry points to ../../build/position_pkg/position_pkg.egg-info/entry_points.txt
[1.236s] writing requirements to ../../build/position_pkg/position_pkg.egg-info/requires.txt
[1.236s] writing top-level names to ../../build/position_pkg/position_pkg.egg-info/top_level.txt
[1.237s] reading manifest file '../../build/position_pkg/position_pkg.egg-info/SOURCES.txt'
[1.238s] writing manifest file '../../build/position_pkg/position_pkg.egg-info/SOURCES.txt'
[1.238s] running build
[1.238s] running build_py
[1.240s] running install
[1.240s] running install_lib
[1.241s] running install_data
[1.242s] running install_egg_info
[1.243s] removing '/home/k/ros2_ws/install/position_pkg/lib/python3.10/site-packages/position_pkg-0.0.0-py3.10.egg-info' (and everything under it)
[1.243s] Copying ../../build/position_pkg/position_pkg.egg-info to /home/k/ros2_ws/install/position_pkg/lib/python3.10/site-packages/position_pkg-0.0.0-py3.10.egg-info
[1.244s] running install_scripts
[1.258s] Installing pose_node script to /home/k/ros2_ws/install/position_pkg/lib/position_pkg
[1.259s] writing list of installed files to '/home/k/ros2_ws/build/position_pkg/install.log'
[1.284s] Invoked command in '/home/k/ros2_ws/src/position_pkg' returned '0': PYTHONPATH=/home/k/ros2_ws/build/position_pkg/prefix_override:/usr/lib/python3/dist-packages/colcon_core/task/python/colcon_distutils_commands:/home/k/ros2_ws/install/position_pkg/lib/python3.10/site-packages:${PYTHONPATH} /usr/bin/python3 -W ignore:setup.py install is deprecated setup.py egg_info --egg-base ../../build/position_pkg build --build-base /home/k/ros2_ws/build/position_pkg/build install --record /home/k/ros2_ws/build/position_pkg/install.log --single-version-externally-managed install_data
