[1.857s] Invoking command in '/home/k/ros2_ws/src/hardware_pkg': PYTHONPATH=/home/k/ros2_ws/build/hardware_pkg/prefix_override:/usr/lib/python3/dist-packages/colcon_core/task/python/colcon_distutils_commands:/home/k/ros2_ws/install/hardware_pkg/lib/python3.10/site-packages:${PYTHONPATH} /usr/bin/python3 -W ignore:setup.py install is deprecated setup.py egg_info --egg-base ../../build/hardware_pkg build --build-base /home/k/ros2_ws/build/hardware_pkg/build install --record /home/k/ros2_ws/build/hardware_pkg/install.log --single-version-externally-managed install_data
[2.509s] running egg_info
[2.510s] writing ../../build/hardware_pkg/hardware_pkg.egg-info/PKG-INFO
[2.531s] writing dependency_links to ../../build/hardware_pkg/hardware_pkg.egg-info/dependency_links.txt
[2.531s] writing entry points to ../../build/hardware_pkg/hardware_pkg.egg-info/entry_points.txt
[2.531s] writing requirements to ../../build/hardware_pkg/hardware_pkg.egg-info/requires.txt
[2.531s] writing top-level names to ../../build/hardware_pkg/hardware_pkg.egg-info/top_level.txt
[2.550s] reading manifest file '../../build/hardware_pkg/hardware_pkg.egg-info/SOURCES.txt'
[2.569s] writing manifest file '../../build/hardware_pkg/hardware_pkg.egg-info/SOURCES.txt'
[2.569s] running build
[2.569s] running build_py
[2.570s] running install
[2.570s] running install_lib
[2.572s] running install_data
[2.572s] running install_egg_info
[2.622s] removing '/home/k/ros2_ws/install/hardware_pkg/lib/python3.10/site-packages/hardware_pkg-0.0.0-py3.10.egg-info' (and everything under it)
[2.622s] Copying ../../build/hardware_pkg/hardware_pkg.egg-info to /home/k/ros2_ws/install/hardware_pkg/lib/python3.10/site-packages/hardware_pkg-0.0.0-py3.10.egg-info
[2.657s] running install_scripts
[2.782s] Installing control_node script to /home/k/ros2_ws/install/hardware_pkg/lib/hardware_pkg
[2.784s] writing list of installed files to '/home/k/ros2_ws/build/hardware_pkg/install.log'
