[0.797s] Invoking command in '/home/k/ros2_ws/src/hardware_pkg': PYTHONPATH=/home/k/ros2_ws/build/hardware_pkg/prefix_override:/usr/lib/python3/dist-packages/colcon_core/task/python/colcon_distutils_commands:/home/k/ros2_ws/install/hardware_pkg/lib/python3.10/site-packages:${PYTHONPATH} /usr/bin/python3 -W ignore:setup.py install is deprecated setup.py egg_info --egg-base ../../build/hardware_pkg build --build-base /home/k/ros2_ws/build/hardware_pkg/build install --record /home/k/ros2_ws/build/hardware_pkg/install.log --single-version-externally-managed install_data
[0.985s] running egg_info
[0.985s] writing ../../build/hardware_pkg/hardware_pkg.egg-info/PKG-INFO
[0.988s] writing dependency_links to ../../build/hardware_pkg/hardware_pkg.egg-info/dependency_links.txt
[0.989s] writing entry points to ../../build/hardware_pkg/hardware_pkg.egg-info/entry_points.txt
[0.989s] writing requirements to ../../build/hardware_pkg/hardware_pkg.egg-info/requires.txt
[0.989s] writing top-level names to ../../build/hardware_pkg/hardware_pkg.egg-info/top_level.txt
[0.990s] reading manifest file '../../build/hardware_pkg/hardware_pkg.egg-info/SOURCES.txt'
[0.998s] writing manifest file '../../build/hardware_pkg/hardware_pkg.egg-info/SOURCES.txt'
[0.998s] running build
[0.998s] running build_py
[0.999s] running install
[0.999s] running install_lib
[1.000s] running install_data
[1.000s] running install_egg_info
[1.001s] removing '/home/k/ros2_ws/install/hardware_pkg/lib/python3.10/site-packages/hardware_pkg-0.0.0-py3.10.egg-info' (and everything under it)
[1.001s] Copying ../../build/hardware_pkg/hardware_pkg.egg-info to /home/k/ros2_ws/install/hardware_pkg/lib/python3.10/site-packages/hardware_pkg-0.0.0-py3.10.egg-info
[1.002s] running install_scripts
[1.055s] Installing control_node script to /home/k/ros2_ws/install/hardware_pkg/lib/hardware_pkg
[1.056s] writing list of installed files to '/home/k/ros2_ws/build/hardware_pkg/install.log'
[1.102s] Invoked command in '/home/k/ros2_ws/src/hardware_pkg' returned '0': PYTHONPATH=/home/k/ros2_ws/build/hardware_pkg/prefix_override:/usr/lib/python3/dist-packages/colcon_core/task/python/colcon_distutils_commands:/home/k/ros2_ws/install/hardware_pkg/lib/python3.10/site-packages:${PYTHONPATH} /usr/bin/python3 -W ignore:setup.py install is deprecated setup.py egg_info --egg-base ../../build/hardware_pkg build --build-base /home/k/ros2_ws/build/hardware_pkg/build install --record /home/k/ros2_ws/build/hardware_pkg/install.log --single-version-externally-managed install_data
