[2.395s] Invoking command in '/home/k/ros2_ws/src/position_pkg': PYTHONPATH=/home/k/ros2_ws/build/position_pkg/prefix_override:/usr/lib/python3/dist-packages/colcon_core/task/python/colcon_distutils_commands:/home/k/ros2_ws/install/position_pkg/lib/python3.10/site-packages:${PYTHONPATH} /usr/bin/python3 -W ignore:setup.py install is deprecated setup.py egg_info --egg-base ../../build/position_pkg build --build-base /home/k/ros2_ws/build/position_pkg/build install --record /home/k/ros2_ws/build/position_pkg/install.log --single-version-externally-managed install_data
[2.692s] running egg_info
[2.692s] writing ../../build/position_pkg/position_pkg.egg-info/PKG-INFO
[2.692s] writing dependency_links to ../../build/position_pkg/position_pkg.egg-info/dependency_links.txt
[2.692s] writing entry points to ../../build/position_pkg/position_pkg.egg-info/entry_points.txt
[2.692s] writing requirements to ../../build/position_pkg/position_pkg.egg-info/requires.txt
[2.692s] writing top-level names to ../../build/position_pkg/position_pkg.egg-info/top_level.txt
[2.697s] reading manifest file '../../build/position_pkg/position_pkg.egg-info/SOURCES.txt'
[2.697s] writing manifest file '../../build/position_pkg/position_pkg.egg-info/SOURCES.txt'
[2.698s] running build
[2.698s] running build_py
[2.698s] running install
[2.698s] running install_lib
[2.699s] running install_data
[2.699s] running install_egg_info
[2.703s] removing '/home/k/ros2_ws/install/position_pkg/lib/python3.10/site-packages/position_pkg-0.0.0-py3.10.egg-info' (and everything under it)
[2.703s] Copying ../../build/position_pkg/position_pkg.egg-info to /home/k/ros2_ws/install/position_pkg/lib/python3.10/site-packages/position_pkg-0.0.0-py3.10.egg-info
[2.705s] running install_scripts
[2.732s] Installing pose_node script to /home/k/ros2_ws/install/position_pkg/lib/position_pkg
[2.734s] writing list of installed files to '/home/k/ros2_ws/build/position_pkg/install.log'
[2.764s] Invoked command in '/home/k/ros2_ws/src/position_pkg' returned '0': PYTHONPATH=/home/k/ros2_ws/build/position_pkg/prefix_override:/usr/lib/python3/dist-packages/colcon_core/task/python/colcon_distutils_commands:/home/k/ros2_ws/install/position_pkg/lib/python3.10/site-packages:${PYTHONPATH} /usr/bin/python3 -W ignore:setup.py install is deprecated setup.py egg_info --egg-base ../../build/position_pkg build --build-base /home/k/ros2_ws/build/position_pkg/build install --record /home/k/ros2_ws/build/position_pkg/install.log --single-version-externally-managed install_data
