[1.572s] Invoking command in '/home/k/ros2_ws/src/fixposition_pkg': PYTHONPATH=/home/k/ros2_ws/build/fixposition_pkg/prefix_override:/usr/lib/python3/dist-packages/colcon_core/task/python/colcon_distutils_commands:/home/k/ros2_ws/install/fixposition_pkg/lib/python3.10/site-packages:${PYTHONPATH} /usr/bin/python3 -W ignore:setup.py install is deprecated setup.py egg_info --egg-base ../../build/fixposition_pkg build --build-base /home/k/ros2_ws/build/fixposition_pkg/build install --record /home/k/ros2_ws/build/fixposition_pkg/install.log --single-version-externally-managed install_data
[1.771s] running egg_info
[1.772s] writing ../../build/fixposition_pkg/fixposition_pkg.egg-info/PKG-INFO
[1.772s] writing dependency_links to ../../build/fixposition_pkg/fixposition_pkg.egg-info/dependency_links.txt
[1.772s] writing entry points to ../../build/fixposition_pkg/fixposition_pkg.egg-info/entry_points.txt
[1.772s] writing requirements to ../../build/fixposition_pkg/fixposition_pkg.egg-info/requires.txt
[1.773s] writing top-level names to ../../build/fixposition_pkg/fixposition_pkg.egg-info/top_level.txt
[1.775s] reading manifest file '../../build/fixposition_pkg/fixposition_pkg.egg-info/SOURCES.txt'
[1.777s] writing manifest file '../../build/fixposition_pkg/fixposition_pkg.egg-info/SOURCES.txt'
[1.777s] running build
[1.777s] running build_py
[1.777s] copying fixposition_pkg/fixposition_subscriber.py -> /home/k/ros2_ws/build/fixposition_pkg/build/lib/fixposition_pkg
[1.777s] running install
[1.777s] running install_lib
[1.777s] copying /home/k/ros2_ws/build/fixposition_pkg/build/lib/fixposition_pkg/fixposition_subscriber.py -> /home/k/ros2_ws/install/fixposition_pkg/lib/python3.10/site-packages/fixposition_pkg
[1.779s] byte-compiling /home/k/ros2_ws/install/fixposition_pkg/lib/python3.10/site-packages/fixposition_pkg/fixposition_subscriber.py to fixposition_subscriber.cpython-310.pyc
[1.780s] running install_data
[1.780s] running install_egg_info
[1.780s] removing '/home/k/ros2_ws/install/fixposition_pkg/lib/python3.10/site-packages/fixposition_pkg-0.0.0-py3.10.egg-info' (and everything under it)
[1.780s] Copying ../../build/fixposition_pkg/fixposition_pkg.egg-info to /home/k/ros2_ws/install/fixposition_pkg/lib/python3.10/site-packages/fixposition_pkg-0.0.0-py3.10.egg-info
[1.780s] running install_scripts
[1.795s] Installing fixposition_node script to /home/k/ros2_ws/install/fixposition_pkg/lib/fixposition_pkg
[1.795s] writing list of installed files to '/home/k/ros2_ws/build/fixposition_pkg/install.log'
[1.836s] Invoked command in '/home/k/ros2_ws/src/fixposition_pkg' returned '0': PYTHONPATH=/home/k/ros2_ws/build/fixposition_pkg/prefix_override:/usr/lib/python3/dist-packages/colcon_core/task/python/colcon_distutils_commands:/home/k/ros2_ws/install/fixposition_pkg/lib/python3.10/site-packages:${PYTHONPATH} /usr/bin/python3 -W ignore:setup.py install is deprecated setup.py egg_info --egg-base ../../build/fixposition_pkg build --build-base /home/k/ros2_ws/build/fixposition_pkg/build install --record /home/k/ros2_ws/build/fixposition_pkg/install.log --single-version-externally-managed install_data
