/home/k/ros2_ws/install/fixposition_pkg/lib/python3.10/site-packages/fixposition_pkg/gps_subscriber.py
/home/k/ros2_ws/install/fixposition_pkg/lib/python3.10/site-packages/fixposition_pkg/imu_subscriber.py
/home/k/ros2_ws/install/fixposition_pkg/lib/python3.10/site-packages/fixposition_pkg/__init__.py
/home/k/ros2_ws/install/fixposition_pkg/lib/python3.10/site-packages/fixposition_pkg/odometry_subscriber.py
/home/k/ros2_ws/install/fixposition_pkg/lib/python3.10/site-packages/fixposition_pkg/__pycache__/gps_subscriber.cpython-310.pyc
/home/k/ros2_ws/install/fixposition_pkg/lib/python3.10/site-packages/fixposition_pkg/__pycache__/imu_subscriber.cpython-310.pyc
/home/k/ros2_ws/install/fixposition_pkg/lib/python3.10/site-packages/fixposition_pkg/__pycache__/__init__.cpython-310.pyc
/home/k/ros2_ws/install/fixposition_pkg/lib/python3.10/site-packages/fixposition_pkg/__pycache__/odometry_subscriber.cpython-310.pyc
/home/k/ros2_ws/install/fixposition_pkg/share/ament_index/resource_index/packages/fixposition_pkg
/home/k/ros2_ws/install/fixposition_pkg/share/fixposition_pkg/package.xml
/home/k/ros2_ws/install/fixposition_pkg/lib/python3.10/site-packages/fixposition_pkg-0.0.0-py3.10.egg-info/zip-safe
/home/k/ros2_ws/install/fixposition_pkg/lib/python3.10/site-packages/fixposition_pkg-0.0.0-py3.10.egg-info/dependency_links.txt
/home/k/ros2_ws/install/fixposition_pkg/lib/python3.10/site-packages/fixposition_pkg-0.0.0-py3.10.egg-info/entry_points.txt
/home/k/ros2_ws/install/fixposition_pkg/lib/python3.10/site-packages/fixposition_pkg-0.0.0-py3.10.egg-info/top_level.txt
/home/k/ros2_ws/install/fixposition_pkg/lib/python3.10/site-packages/fixposition_pkg-0.0.0-py3.10.egg-info/PKG-INFO
/home/k/ros2_ws/install/fixposition_pkg/lib/python3.10/site-packages/fixposition_pkg-0.0.0-py3.10.egg-info/requires.txt
/home/k/ros2_ws/install/fixposition_pkg/lib/python3.10/site-packages/fixposition_pkg-0.0.0-py3.10.egg-info/SOURCES.txt
/home/k/ros2_ws/install/fixposition_pkg/lib/fixposition_pkg/gps_subscriber
/home/k/ros2_ws/install/fixposition_pkg/lib/fixposition_pkg/imu_subscriber
/home/k/ros2_ws/install/fixposition_pkg/lib/fixposition_pkg/odometry_subscriber
