running egg_info
writing ../../build/teleop_pkg/teleop_pkg.egg-info/PKG-INFO
writing dependency_links to ../../build/teleop_pkg/teleop_pkg.egg-info/dependency_links.txt
writing entry points to ../../build/teleop_pkg/teleop_pkg.egg-info/entry_points.txt
writing requirements to ../../build/teleop_pkg/teleop_pkg.egg-info/requires.txt
writing top-level names to ../../build/teleop_pkg/teleop_pkg.egg-info/top_level.txt
reading manifest file '../../build/teleop_pkg/teleop_pkg.egg-info/SOURCES.txt'
writing manifest file '../../build/teleop_pkg/teleop_pkg.egg-info/SOURCES.txt'
running build
running build_py
copying teleop_pkg/teleop_node.py -> /home/k/ros2_ws/build/teleop_pkg/build/lib/teleop_pkg
running install
running install_lib
copying /home/k/ros2_ws/build/teleop_pkg/build/lib/teleop_pkg/teleop_node.py -> /home/k/ros2_ws/install/teleop_pkg/lib/python3.10/site-packages/teleop_pkg
byte-compiling /home/k/ros2_ws/install/teleop_pkg/lib/python3.10/site-packages/teleop_pkg/teleop_node.py to teleop_node.cpython-310.pyc
running install_data
running install_egg_info
removing '/home/k/ros2_ws/install/teleop_pkg/lib/python3.10/site-packages/teleop_pkg-0.0.0-py3.10.egg-info' (and everything under it)
Copying ../../build/teleop_pkg/teleop_pkg.egg-info to /home/k/ros2_ws/install/teleop_pkg/lib/python3.10/site-packages/teleop_pkg-0.0.0-py3.10.egg-info
running install_scripts
Installing teleop_node script to /home/k/ros2_ws/install/teleop_pkg/lib/teleop_pkg
writing list of installed files to '/home/k/ros2_ws/build/teleop_pkg/install.log'
