[0.065s] DEBUG:colcon:Command line arguments: ['/usr/bin/colcon', 'build']
[0.065s] DEBUG:colcon:Parsed command line arguments: Namespace(log_base=None, log_level=None, verb_name='build', build_base='build', install_base='install', merge_install=False, symlink_install=False, test_result_base=None, continue_on_error=False, executor='parallel', parallel_workers=10, event_handlers=None, ignore_user_meta=False, metas=['./colcon.meta'], base_paths=['.'], packages_ignore=None, packages_ignore_regex=None, paths=None, packages_up_to=None, packages_up_to_regex=None, packages_above=None, packages_above_and_dependencies=None, packages_above_depth=None, packages_select_by_dep=None, packages_skip_by_dep=None, packages_skip_up_to=None, packages_select_build_failed=False, packages_skip_build_finished=False, packages_select_test_failures=False, packages_skip_test_passed=False, packages_select=None, packages_skip=None, packages_select_regex=None, packages_skip_regex=None, packages_start=None, packages_end=None, allow_overriding=[], cmake_args=None, cmake_target=None, cmake_target_skip_unavailable=False, cmake_clean_cache=False, cmake_clean_first=False, cmake_force_configure=False, ament_cmake_args=None, catkin_cmake_args=None, catkin_skip_building_tests=False, mixin_files=None, mixin=None, verb_parser=<colcon_mixin.mixin.mixin_argument.MixinArgumentDecorator object at 0x7fb14bb234f0>, verb_extension=<colcon_core.verb.build.BuildVerb object at 0x7fb14bb22f80>, main=<bound method BuildVerb.main of <colcon_core.verb.build.BuildVerb object at 0x7fb14bb22f80>>, mixin_verb=('build',))
[0.170s] Level 1:colcon.colcon_core.package_discovery:discover_packages(colcon_meta) check parameters
[0.170s] Level 1:colcon.colcon_core.package_discovery:discover_packages(recursive) check parameters
[0.170s] Level 1:colcon.colcon_core.package_discovery:discover_packages(ignore) check parameters
[0.170s] Level 1:colcon.colcon_core.package_discovery:discover_packages(path) check parameters
[0.170s] Level 1:colcon.colcon_core.package_discovery:discover_packages(colcon_meta) discover
[0.170s] Level 1:colcon.colcon_core.package_discovery:discover_packages(recursive) discover
[0.170s] INFO:colcon.colcon_core.package_discovery:Crawling recursively for packages in '/home/k/ros2_ws'
[0.170s] Level 1:colcon.colcon_core.package_identification:_identify(.) by extensions ['ignore', 'ignore_ament_install']
[0.170s] Level 1:colcon.colcon_core.package_identification:_identify(.) by extension 'ignore'
[0.170s] Level 1:colcon.colcon_core.package_identification:_identify(.) by extension 'ignore_ament_install'
[0.170s] Level 1:colcon.colcon_core.package_identification:_identify(.) by extensions ['colcon_pkg']
[0.170s] Level 1:colcon.colcon_core.package_identification:_identify(.) by extension 'colcon_pkg'
[0.170s] Level 1:colcon.colcon_core.package_identification:_identify(.) by extensions ['colcon_meta']
[0.170s] Level 1:colcon.colcon_core.package_identification:_identify(.) by extension 'colcon_meta'
[0.170s] Level 1:colcon.colcon_core.package_identification:_identify(.) by extensions ['ros']
[0.171s] Level 1:colcon.colcon_core.package_identification:_identify(.) by extension 'ros'
[0.178s] Level 1:colcon.colcon_core.package_identification:_identify(.) by extensions ['cmake', 'python']
[0.178s] Level 1:colcon.colcon_core.package_identification:_identify(.) by extension 'cmake'
[0.178s] Level 1:colcon.colcon_core.package_identification:_identify(.) by extension 'python'
[0.178s] Level 1:colcon.colcon_core.package_identification:_identify(.) by extensions ['python_setup_py']
[0.178s] Level 1:colcon.colcon_core.package_identification:_identify(.) by extension 'python_setup_py'
[0.178s] Level 1:colcon.colcon_core.package_identification:_identify(build) by extensions ['ignore', 'ignore_ament_install']
[0.178s] Level 1:colcon.colcon_core.package_identification:_identify(build) by extension 'ignore'
[0.178s] Level 1:colcon.colcon_core.package_identification:_identify(build) ignored
[0.178s] Level 1:colcon.colcon_core.package_identification:_identify(install) by extensions ['ignore', 'ignore_ament_install']
[0.178s] Level 1:colcon.colcon_core.package_identification:_identify(install) by extension 'ignore'
[0.178s] Level 1:colcon.colcon_core.package_identification:_identify(install) ignored
[0.178s] Level 1:colcon.colcon_core.package_identification:_identify(log) by extensions ['ignore', 'ignore_ament_install']
[0.178s] Level 1:colcon.colcon_core.package_identification:_identify(log) by extension 'ignore'
[0.178s] Level 1:colcon.colcon_core.package_identification:_identify(log) ignored
[0.178s] Level 1:colcon.colcon_core.package_identification:_identify(src) by extensions ['ignore', 'ignore_ament_install']
[0.179s] Level 1:colcon.colcon_core.package_identification:_identify(src) by extension 'ignore'
[0.179s] Level 1:colcon.colcon_core.package_identification:_identify(src) by extension 'ignore_ament_install'
[0.179s] Level 1:colcon.colcon_core.package_identification:_identify(src) by extensions ['colcon_pkg']
[0.179s] Level 1:colcon.colcon_core.package_identification:_identify(src) by extension 'colcon_pkg'
[0.179s] Level 1:colcon.colcon_core.package_identification:_identify(src) by extensions ['colcon_meta']
[0.179s] Level 1:colcon.colcon_core.package_identification:_identify(src) by extension 'colcon_meta'
[0.179s] Level 1:colcon.colcon_core.package_identification:_identify(src) by extensions ['ros']
[0.179s] Level 1:colcon.colcon_core.package_identification:_identify(src) by extension 'ros'
[0.179s] Level 1:colcon.colcon_core.package_identification:_identify(src) by extensions ['cmake', 'python']
[0.179s] Level 1:colcon.colcon_core.package_identification:_identify(src) by extension 'cmake'
[0.179s] Level 1:colcon.colcon_core.package_identification:_identify(src) by extension 'python'
[0.179s] Level 1:colcon.colcon_core.package_identification:_identify(src) by extensions ['python_setup_py']
[0.179s] Level 1:colcon.colcon_core.package_identification:_identify(src) by extension 'python_setup_py'
[0.179s] Level 1:colcon.colcon_core.package_identification:_identify(src/ROS-TCP-Endpoint-main-ros2) by extensions ['ignore', 'ignore_ament_install']
[0.179s] Level 1:colcon.colcon_core.package_identification:_identify(src/ROS-TCP-Endpoint-main-ros2) by extension 'ignore'
[0.179s] Level 1:colcon.colcon_core.package_identification:_identify(src/ROS-TCP-Endpoint-main-ros2) by extension 'ignore_ament_install'
[0.179s] Level 1:colcon.colcon_core.package_identification:_identify(src/ROS-TCP-Endpoint-main-ros2) by extensions ['colcon_pkg']
[0.179s] Level 1:colcon.colcon_core.package_identification:_identify(src/ROS-TCP-Endpoint-main-ros2) by extension 'colcon_pkg'
[0.179s] Level 1:colcon.colcon_core.package_identification:_identify(src/ROS-TCP-Endpoint-main-ros2) by extensions ['colcon_meta']
[0.179s] Level 1:colcon.colcon_core.package_identification:_identify(src/ROS-TCP-Endpoint-main-ros2) by extension 'colcon_meta'
[0.179s] Level 1:colcon.colcon_core.package_identification:_identify(src/ROS-TCP-Endpoint-main-ros2) by extensions ['ros']
[0.179s] Level 1:colcon.colcon_core.package_identification:_identify(src/ROS-TCP-Endpoint-main-ros2) by extension 'ros'
[0.180s] DEBUG:colcon.colcon_core.package_identification:Package 'src/ROS-TCP-Endpoint-main-ros2' with type 'ros.ament_python' and name 'ros_tcp_endpoint'
[0.180s] Level 1:colcon.colcon_core.package_identification:_identify(src/build) by extensions ['ignore', 'ignore_ament_install']
[0.180s] Level 1:colcon.colcon_core.package_identification:_identify(src/build) by extension 'ignore'
[0.181s] Level 1:colcon.colcon_core.package_identification:_identify(src/build) ignored
[0.181s] Level 1:colcon.colcon_core.package_identification:_identify(src/camera_subscriber) by extensions ['ignore', 'ignore_ament_install']
[0.181s] Level 1:colcon.colcon_core.package_identification:_identify(src/camera_subscriber) by extension 'ignore'
[0.181s] Level 1:colcon.colcon_core.package_identification:_identify(src/camera_subscriber) by extension 'ignore_ament_install'
[0.181s] Level 1:colcon.colcon_core.package_identification:_identify(src/camera_subscriber) by extensions ['colcon_pkg']
[0.181s] Level 1:colcon.colcon_core.package_identification:_identify(src/camera_subscriber) by extension 'colcon_pkg'
[0.181s] Level 1:colcon.colcon_core.package_identification:_identify(src/camera_subscriber) by extensions ['colcon_meta']
[0.181s] Level 1:colcon.colcon_core.package_identification:_identify(src/camera_subscriber) by extension 'colcon_meta'
[0.181s] Level 1:colcon.colcon_core.package_identification:_identify(src/camera_subscriber) by extensions ['ros']
[0.181s] Level 1:colcon.colcon_core.package_identification:_identify(src/camera_subscriber) by extension 'ros'
[0.181s] DEBUG:colcon.colcon_core.package_identification:Package 'src/camera_subscriber' with type 'ros.ament_python' and name 'camera_subscriber'
[0.181s] Level 1:colcon.colcon_core.package_identification:_identify(src/fixposition_pkg) by extensions ['ignore', 'ignore_ament_install']
[0.181s] Level 1:colcon.colcon_core.package_identification:_identify(src/fixposition_pkg) by extension 'ignore'
[0.181s] Level 1:colcon.colcon_core.package_identification:_identify(src/fixposition_pkg) by extension 'ignore_ament_install'
[0.181s] Level 1:colcon.colcon_core.package_identification:_identify(src/fixposition_pkg) by extensions ['colcon_pkg']
[0.181s] Level 1:colcon.colcon_core.package_identification:_identify(src/fixposition_pkg) by extension 'colcon_pkg'
[0.181s] Level 1:colcon.colcon_core.package_identification:_identify(src/fixposition_pkg) by extensions ['colcon_meta']
[0.181s] Level 1:colcon.colcon_core.package_identification:_identify(src/fixposition_pkg) by extension 'colcon_meta'
[0.181s] Level 1:colcon.colcon_core.package_identification:_identify(src/fixposition_pkg) by extensions ['ros']
[0.181s] Level 1:colcon.colcon_core.package_identification:_identify(src/fixposition_pkg) by extension 'ros'
[0.187s] DEBUG:colcon.colcon_core.package_identification:Package 'src/fixposition_pkg' with type 'ros.ament_python' and name 'fixposition_pkg'
[0.187s] Level 1:colcon.colcon_core.package_identification:_identify(src/hardware_pkg) by extensions ['ignore', 'ignore_ament_install']
[0.187s] Level 1:colcon.colcon_core.package_identification:_identify(src/hardware_pkg) by extension 'ignore'
[0.187s] Level 1:colcon.colcon_core.package_identification:_identify(src/hardware_pkg) by extension 'ignore_ament_install'
[0.187s] Level 1:colcon.colcon_core.package_identification:_identify(src/hardware_pkg) by extensions ['colcon_pkg']
[0.187s] Level 1:colcon.colcon_core.package_identification:_identify(src/hardware_pkg) by extension 'colcon_pkg'
[0.187s] Level 1:colcon.colcon_core.package_identification:_identify(src/hardware_pkg) by extensions ['colcon_meta']
[0.187s] Level 1:colcon.colcon_core.package_identification:_identify(src/hardware_pkg) by extension 'colcon_meta'
[0.187s] Level 1:colcon.colcon_core.package_identification:_identify(src/hardware_pkg) by extensions ['ros']
[0.187s] Level 1:colcon.colcon_core.package_identification:_identify(src/hardware_pkg) by extension 'ros'
[0.187s] DEBUG:colcon.colcon_core.package_identification:Failed to parse potential ROS package manifest in'src/hardware_pkg': Error(s) in package 'src/hardware_pkg/package.xml':
The manifest contains invalid XML:
mismatched tag: line 8, column 25
[0.187s] Level 1:colcon.colcon_core.package_identification:_identify(src/hardware_pkg) by extensions ['cmake', 'python']
[0.188s] Level 1:colcon.colcon_core.package_identification:_identify(src/hardware_pkg) by extension 'cmake'
[0.188s] Level 1:colcon.colcon_core.package_identification:_identify(src/hardware_pkg) by extension 'python'
[0.188s] DEBUG:colcon.colcon_core.package_identification:Python package in 'src/hardware_pkg' passes arguments to the setup() function which requires a different identification extension than 'python'
[0.188s] Level 1:colcon.colcon_core.package_identification:_identify(src/hardware_pkg) by extensions ['python_setup_py']
[0.188s] Level 1:colcon.colcon_core.package_identification:_identify(src/hardware_pkg) by extension 'python_setup_py'
[0.340s] DEBUG:colcon.colcon_core.package_identification:Package 'src/hardware_pkg' with type 'python' and name 'hardware_pkg'
[0.340s] Level 1:colcon.colcon_core.package_identification:_identify(src/install) by extensions ['ignore', 'ignore_ament_install']
[0.340s] Level 1:colcon.colcon_core.package_identification:_identify(src/install) by extension 'ignore'
[0.340s] Level 1:colcon.colcon_core.package_identification:_identify(src/install) ignored
[0.340s] Level 1:colcon.colcon_core.package_identification:_identify(src/lidar_subscriber) by extensions ['ignore', 'ignore_ament_install']
[0.340s] Level 1:colcon.colcon_core.package_identification:_identify(src/lidar_subscriber) by extension 'ignore'
[0.340s] Level 1:colcon.colcon_core.package_identification:_identify(src/lidar_subscriber) by extension 'ignore_ament_install'
[0.340s] Level 1:colcon.colcon_core.package_identification:_identify(src/lidar_subscriber) by extensions ['colcon_pkg']
[0.340s] Level 1:colcon.colcon_core.package_identification:_identify(src/lidar_subscriber) by extension 'colcon_pkg'
[0.340s] Level 1:colcon.colcon_core.package_identification:_identify(src/lidar_subscriber) by extensions ['colcon_meta']
[0.341s] Level 1:colcon.colcon_core.package_identification:_identify(src/lidar_subscriber) by extension 'colcon_meta'
[0.341s] Level 1:colcon.colcon_core.package_identification:_identify(src/lidar_subscriber) by extensions ['ros']
[0.341s] Level 1:colcon.colcon_core.package_identification:_identify(src/lidar_subscriber) by extension 'ros'
[0.341s] DEBUG:colcon.colcon_core.package_identification:Package 'src/lidar_subscriber' with type 'ros.ament_python' and name 'lidar_subscriber'
[0.341s] Level 1:colcon.colcon_core.package_identification:_identify(src/log) by extensions ['ignore', 'ignore_ament_install']
[0.341s] Level 1:colcon.colcon_core.package_identification:_identify(src/log) by extension 'ignore'
[0.341s] Level 1:colcon.colcon_core.package_identification:_identify(src/log) ignored
[0.341s] Level 1:colcon.colcon_core.package_identification:_identify(src/my_robot_description) by extensions ['ignore', 'ignore_ament_install']
[0.341s] Level 1:colcon.colcon_core.package_identification:_identify(src/my_robot_description) by extension 'ignore'
[0.341s] Level 1:colcon.colcon_core.package_identification:_identify(src/my_robot_description) by extension 'ignore_ament_install'
[0.341s] Level 1:colcon.colcon_core.package_identification:_identify(src/my_robot_description) by extensions ['colcon_pkg']
[0.341s] Level 1:colcon.colcon_core.package_identification:_identify(src/my_robot_description) by extension 'colcon_pkg'
[0.341s] Level 1:colcon.colcon_core.package_identification:_identify(src/my_robot_description) by extensions ['colcon_meta']
[0.341s] Level 1:colcon.colcon_core.package_identification:_identify(src/my_robot_description) by extension 'colcon_meta'
[0.341s] Level 1:colcon.colcon_core.package_identification:_identify(src/my_robot_description) by extensions ['ros']
[0.342s] Level 1:colcon.colcon_core.package_identification:_identify(src/my_robot_description) by extension 'ros'
[0.342s] DEBUG:colcon.colcon_core.package_identification:Package 'src/my_robot_description' with type 'ros.ament_python' and name 'my_robot_description'
[0.342s] Level 1:colcon.colcon_core.package_identification:_identify(src/position_pkg) by extensions ['ignore', 'ignore_ament_install']
[0.342s] Level 1:colcon.colcon_core.package_identification:_identify(src/position_pkg) by extension 'ignore'
[0.342s] Level 1:colcon.colcon_core.package_identification:_identify(src/position_pkg) by extension 'ignore_ament_install'
[0.342s] Level 1:colcon.colcon_core.package_identification:_identify(src/position_pkg) by extensions ['colcon_pkg']
[0.342s] Level 1:colcon.colcon_core.package_identification:_identify(src/position_pkg) by extension 'colcon_pkg'
[0.342s] Level 1:colcon.colcon_core.package_identification:_identify(src/position_pkg) by extensions ['colcon_meta']
[0.342s] Level 1:colcon.colcon_core.package_identification:_identify(src/position_pkg) by extension 'colcon_meta'
[0.342s] Level 1:colcon.colcon_core.package_identification:_identify(src/position_pkg) by extensions ['ros']
[0.342s] Level 1:colcon.colcon_core.package_identification:_identify(src/position_pkg) by extension 'ros'
[0.343s] DEBUG:colcon.colcon_core.package_identification:Package 'src/position_pkg' with type 'ros.ament_python' and name 'position_pkg'
[0.343s] Level 1:colcon.colcon_core.package_identification:_identify(src/teleop_pkg) by extensions ['ignore', 'ignore_ament_install']
[0.343s] Level 1:colcon.colcon_core.package_identification:_identify(src/teleop_pkg) by extension 'ignore'
[0.343s] Level 1:colcon.colcon_core.package_identification:_identify(src/teleop_pkg) ignored
[0.343s] Level 1:colcon.colcon_core.package_discovery:discover_packages(recursive) using defaults
[0.343s] Level 1:colcon.colcon_core.package_discovery:discover_packages(ignore) discover
[0.343s] Level 1:colcon.colcon_core.package_discovery:discover_packages(ignore) using defaults
[0.343s] Level 1:colcon.colcon_core.package_discovery:discover_packages(path) discover
[0.343s] Level 1:colcon.colcon_core.package_discovery:discover_packages(path) using defaults
[0.357s] Level 1:colcon.colcon_core.package_discovery:discover_packages(prefix_path) check parameters
[0.357s] Level 1:colcon.colcon_core.package_discovery:discover_packages(prefix_path) discover
[0.359s] DEBUG:colcon.colcon_installed_package_information.package_discovery:Found 8 installed packages in /home/k/ros2_ws/install
[0.359s] DEBUG:colcon.colcon_installed_package_information.package_discovery:Found 300 installed packages in /opt/ros/humble
[0.360s] Level 1:colcon.colcon_core.package_discovery:discover_packages(prefix_path) using defaults
[0.383s] Level 5:colcon.colcon_core.verb:set package 'camera_subscriber' build argument 'cmake_args' from command line to 'None'
[0.383s] Level 5:colcon.colcon_core.verb:set package 'camera_subscriber' build argument 'cmake_target' from command line to 'None'
[0.383s] Level 5:colcon.colcon_core.verb:set package 'camera_subscriber' build argument 'cmake_target_skip_unavailable' from command line to 'False'
[0.383s] Level 5:colcon.colcon_core.verb:set package 'camera_subscriber' build argument 'cmake_clean_cache' from command line to 'False'
[0.383s] Level 5:colcon.colcon_core.verb:set package 'camera_subscriber' build argument 'cmake_clean_first' from command line to 'False'
[0.383s] Level 5:colcon.colcon_core.verb:set package 'camera_subscriber' build argument 'cmake_force_configure' from command line to 'False'
[0.383s] Level 5:colcon.colcon_core.verb:set package 'camera_subscriber' build argument 'ament_cmake_args' from command line to 'None'
[0.383s] Level 5:colcon.colcon_core.verb:set package 'camera_subscriber' build argument 'catkin_cmake_args' from command line to 'None'
[0.383s] Level 5:colcon.colcon_core.verb:set package 'camera_subscriber' build argument 'catkin_skip_building_tests' from command line to 'False'
[0.383s] DEBUG:colcon.colcon_core.verb:Building package 'camera_subscriber' with the following arguments: {'ament_cmake_args': None, 'build_base': '/home/k/ros2_ws/build/camera_subscriber', 'catkin_cmake_args': None, 'catkin_skip_building_tests': False, 'cmake_args': None, 'cmake_clean_cache': False, 'cmake_clean_first': False, 'cmake_force_configure': False, 'cmake_target': None, 'cmake_target_skip_unavailable': False, 'install_base': '/home/k/ros2_ws/install/camera_subscriber', 'merge_install': False, 'path': '/home/k/ros2_ws/src/camera_subscriber', 'symlink_install': False, 'test_result_base': None}
[0.383s] Level 5:colcon.colcon_core.verb:set package 'fixposition_pkg' build argument 'cmake_args' from command line to 'None'
[0.383s] Level 5:colcon.colcon_core.verb:set package 'fixposition_pkg' build argument 'cmake_target' from command line to 'None'
[0.383s] Level 5:colcon.colcon_core.verb:set package 'fixposition_pkg' build argument 'cmake_target_skip_unavailable' from command line to 'False'
[0.383s] Level 5:colcon.colcon_core.verb:set package 'fixposition_pkg' build argument 'cmake_clean_cache' from command line to 'False'
[0.383s] Level 5:colcon.colcon_core.verb:set package 'fixposition_pkg' build argument 'cmake_clean_first' from command line to 'False'
[0.383s] Level 5:colcon.colcon_core.verb:set package 'fixposition_pkg' build argument 'cmake_force_configure' from command line to 'False'
[0.383s] Level 5:colcon.colcon_core.verb:set package 'fixposition_pkg' build argument 'ament_cmake_args' from command line to 'None'
[0.383s] Level 5:colcon.colcon_core.verb:set package 'fixposition_pkg' build argument 'catkin_cmake_args' from command line to 'None'
[0.383s] Level 5:colcon.colcon_core.verb:set package 'fixposition_pkg' build argument 'catkin_skip_building_tests' from command line to 'False'
[0.383s] DEBUG:colcon.colcon_core.verb:Building package 'fixposition_pkg' with the following arguments: {'ament_cmake_args': None, 'build_base': '/home/k/ros2_ws/build/fixposition_pkg', 'catkin_cmake_args': None, 'catkin_skip_building_tests': False, 'cmake_args': None, 'cmake_clean_cache': False, 'cmake_clean_first': False, 'cmake_force_configure': False, 'cmake_target': None, 'cmake_target_skip_unavailable': False, 'install_base': '/home/k/ros2_ws/install/fixposition_pkg', 'merge_install': False, 'path': '/home/k/ros2_ws/src/fixposition_pkg', 'symlink_install': False, 'test_result_base': None}
[0.383s] Level 5:colcon.colcon_core.verb:set package 'hardware_pkg' build argument 'cmake_args' from command line to 'None'
[0.383s] Level 5:colcon.colcon_core.verb:set package 'hardware_pkg' build argument 'cmake_target' from command line to 'None'
[0.383s] Level 5:colcon.colcon_core.verb:set package 'hardware_pkg' build argument 'cmake_target_skip_unavailable' from command line to 'False'
[0.383s] Level 5:colcon.colcon_core.verb:set package 'hardware_pkg' build argument 'cmake_clean_cache' from command line to 'False'
[0.383s] Level 5:colcon.colcon_core.verb:set package 'hardware_pkg' build argument 'cmake_clean_first' from command line to 'False'
[0.383s] Level 5:colcon.colcon_core.verb:set package 'hardware_pkg' build argument 'cmake_force_configure' from command line to 'False'
[0.383s] Level 5:colcon.colcon_core.verb:set package 'hardware_pkg' build argument 'ament_cmake_args' from command line to 'None'
[0.383s] Level 5:colcon.colcon_core.verb:set package 'hardware_pkg' build argument 'catkin_cmake_args' from command line to 'None'
[0.383s] Level 5:colcon.colcon_core.verb:set package 'hardware_pkg' build argument 'catkin_skip_building_tests' from command line to 'False'
[0.383s] DEBUG:colcon.colcon_core.verb:Building package 'hardware_pkg' with the following arguments: {'ament_cmake_args': None, 'build_base': '/home/k/ros2_ws/build/hardware_pkg', 'catkin_cmake_args': None, 'catkin_skip_building_tests': False, 'cmake_args': None, 'cmake_clean_cache': False, 'cmake_clean_first': False, 'cmake_force_configure': False, 'cmake_target': None, 'cmake_target_skip_unavailable': False, 'install_base': '/home/k/ros2_ws/install/hardware_pkg', 'merge_install': False, 'path': '/home/k/ros2_ws/src/hardware_pkg', 'symlink_install': False, 'test_result_base': None}
[0.384s] Level 5:colcon.colcon_core.verb:set package 'lidar_subscriber' build argument 'cmake_args' from command line to 'None'
[0.384s] Level 5:colcon.colcon_core.verb:set package 'lidar_subscriber' build argument 'cmake_target' from command line to 'None'
[0.384s] Level 5:colcon.colcon_core.verb:set package 'lidar_subscriber' build argument 'cmake_target_skip_unavailable' from command line to 'False'
[0.384s] Level 5:colcon.colcon_core.verb:set package 'lidar_subscriber' build argument 'cmake_clean_cache' from command line to 'False'
[0.384s] Level 5:colcon.colcon_core.verb:set package 'lidar_subscriber' build argument 'cmake_clean_first' from command line to 'False'
[0.384s] Level 5:colcon.colcon_core.verb:set package 'lidar_subscriber' build argument 'cmake_force_configure' from command line to 'False'
[0.384s] Level 5:colcon.colcon_core.verb:set package 'lidar_subscriber' build argument 'ament_cmake_args' from command line to 'None'
[0.384s] Level 5:colcon.colcon_core.verb:set package 'lidar_subscriber' build argument 'catkin_cmake_args' from command line to 'None'
[0.384s] Level 5:colcon.colcon_core.verb:set package 'lidar_subscriber' build argument 'catkin_skip_building_tests' from command line to 'False'
[0.384s] DEBUG:colcon.colcon_core.verb:Building package 'lidar_subscriber' with the following arguments: {'ament_cmake_args': None, 'build_base': '/home/k/ros2_ws/build/lidar_subscriber', 'catkin_cmake_args': None, 'catkin_skip_building_tests': False, 'cmake_args': None, 'cmake_clean_cache': False, 'cmake_clean_first': False, 'cmake_force_configure': False, 'cmake_target': None, 'cmake_target_skip_unavailable': False, 'install_base': '/home/k/ros2_ws/install/lidar_subscriber', 'merge_install': False, 'path': '/home/k/ros2_ws/src/lidar_subscriber', 'symlink_install': False, 'test_result_base': None}
[0.384s] Level 5:colcon.colcon_core.verb:set package 'my_robot_description' build argument 'cmake_args' from command line to 'None'
[0.384s] Level 5:colcon.colcon_core.verb:set package 'my_robot_description' build argument 'cmake_target' from command line to 'None'
[0.384s] Level 5:colcon.colcon_core.verb:set package 'my_robot_description' build argument 'cmake_target_skip_unavailable' from command line to 'False'
[0.384s] Level 5:colcon.colcon_core.verb:set package 'my_robot_description' build argument 'cmake_clean_cache' from command line to 'False'
[0.384s] Level 5:colcon.colcon_core.verb:set package 'my_robot_description' build argument 'cmake_clean_first' from command line to 'False'
[0.384s] Level 5:colcon.colcon_core.verb:set package 'my_robot_description' build argument 'cmake_force_configure' from command line to 'False'
[0.384s] Level 5:colcon.colcon_core.verb:set package 'my_robot_description' build argument 'ament_cmake_args' from command line to 'None'
[0.384s] Level 5:colcon.colcon_core.verb:set package 'my_robot_description' build argument 'catkin_cmake_args' from command line to 'None'
[0.384s] Level 5:colcon.colcon_core.verb:set package 'my_robot_description' build argument 'catkin_skip_building_tests' from command line to 'False'
[0.384s] DEBUG:colcon.colcon_core.verb:Building package 'my_robot_description' with the following arguments: {'ament_cmake_args': None, 'build_base': '/home/k/ros2_ws/build/my_robot_description', 'catkin_cmake_args': None, 'catkin_skip_building_tests': False, 'cmake_args': None, 'cmake_clean_cache': False, 'cmake_clean_first': False, 'cmake_force_configure': False, 'cmake_target': None, 'cmake_target_skip_unavailable': False, 'install_base': '/home/k/ros2_ws/install/my_robot_description', 'merge_install': False, 'path': '/home/k/ros2_ws/src/my_robot_description', 'symlink_install': False, 'test_result_base': None}
[0.384s] Level 5:colcon.colcon_core.verb:set package 'position_pkg' build argument 'cmake_args' from command line to 'None'
[0.384s] Level 5:colcon.colcon_core.verb:set package 'position_pkg' build argument 'cmake_target' from command line to 'None'
[0.384s] Level 5:colcon.colcon_core.verb:set package 'position_pkg' build argument 'cmake_target_skip_unavailable' from command line to 'False'
[0.384s] Level 5:colcon.colcon_core.verb:set package 'position_pkg' build argument 'cmake_clean_cache' from command line to 'False'
[0.384s] Level 5:colcon.colcon_core.verb:set package 'position_pkg' build argument 'cmake_clean_first' from command line to 'False'
[0.384s] Level 5:colcon.colcon_core.verb:set package 'position_pkg' build argument 'cmake_force_configure' from command line to 'False'
[0.384s] Level 5:colcon.colcon_core.verb:set package 'position_pkg' build argument 'ament_cmake_args' from command line to 'None'
[0.384s] Level 5:colcon.colcon_core.verb:set package 'position_pkg' build argument 'catkin_cmake_args' from command line to 'None'
[0.384s] Level 5:colcon.colcon_core.verb:set package 'position_pkg' build argument 'catkin_skip_building_tests' from command line to 'False'
[0.384s] DEBUG:colcon.colcon_core.verb:Building package 'position_pkg' with the following arguments: {'ament_cmake_args': None, 'build_base': '/home/k/ros2_ws/build/position_pkg', 'catkin_cmake_args': None, 'catkin_skip_building_tests': False, 'cmake_args': None, 'cmake_clean_cache': False, 'cmake_clean_first': False, 'cmake_force_configure': False, 'cmake_target': None, 'cmake_target_skip_unavailable': False, 'install_base': '/home/k/ros2_ws/install/position_pkg', 'merge_install': False, 'path': '/home/k/ros2_ws/src/position_pkg', 'symlink_install': False, 'test_result_base': None}
[0.384s] Level 5:colcon.colcon_core.verb:set package 'ros_tcp_endpoint' build argument 'cmake_args' from command line to 'None'
[0.385s] Level 5:colcon.colcon_core.verb:set package 'ros_tcp_endpoint' build argument 'cmake_target' from command line to 'None'
[0.385s] Level 5:colcon.colcon_core.verb:set package 'ros_tcp_endpoint' build argument 'cmake_target_skip_unavailable' from command line to 'False'
[0.385s] Level 5:colcon.colcon_core.verb:set package 'ros_tcp_endpoint' build argument 'cmake_clean_cache' from command line to 'False'
[0.385s] Level 5:colcon.colcon_core.verb:set package 'ros_tcp_endpoint' build argument 'cmake_clean_first' from command line to 'False'
[0.385s] Level 5:colcon.colcon_core.verb:set package 'ros_tcp_endpoint' build argument 'cmake_force_configure' from command line to 'False'
[0.385s] Level 5:colcon.colcon_core.verb:set package 'ros_tcp_endpoint' build argument 'ament_cmake_args' from command line to 'None'
[0.385s] Level 5:colcon.colcon_core.verb:set package 'ros_tcp_endpoint' build argument 'catkin_cmake_args' from command line to 'None'
[0.385s] Level 5:colcon.colcon_core.verb:set package 'ros_tcp_endpoint' build argument 'catkin_skip_building_tests' from command line to 'False'
[0.385s] DEBUG:colcon.colcon_core.verb:Building package 'ros_tcp_endpoint' with the following arguments: {'ament_cmake_args': None, 'build_base': '/home/k/ros2_ws/build/ros_tcp_endpoint', 'catkin_cmake_args': None, 'catkin_skip_building_tests': False, 'cmake_args': None, 'cmake_clean_cache': False, 'cmake_clean_first': False, 'cmake_force_configure': False, 'cmake_target': None, 'cmake_target_skip_unavailable': False, 'install_base': '/home/k/ros2_ws/install/ros_tcp_endpoint', 'merge_install': False, 'path': '/home/k/ros2_ws/src/ROS-TCP-Endpoint-main-ros2', 'symlink_install': False, 'test_result_base': None}
[0.385s] INFO:colcon.colcon_core.executor:Executing jobs using 'parallel' executor
[0.386s] DEBUG:colcon.colcon_parallel_executor.executor.parallel:run_until_complete
[0.386s] INFO:colcon.colcon_ros.task.ament_python.build:Building ROS package in '/home/k/ros2_ws/src/camera_subscriber' with build type 'ament_python'
[0.386s] Level 1:colcon.colcon_core.shell:create_environment_hook('camera_subscriber', 'ament_prefix_path')
[0.388s] INFO:colcon.colcon_core.plugin_system:Skipping extension 'colcon_core.shell.bat': Not used on non-Windows systems
[0.388s] INFO:colcon.colcon_core.shell:Creating environment hook '/home/k/ros2_ws/install/camera_subscriber/share/camera_subscriber/hook/ament_prefix_path.ps1'
[0.388s] INFO:colcon.colcon_core.shell:Creating environment descriptor '/home/k/ros2_ws/install/camera_subscriber/share/camera_subscriber/hook/ament_prefix_path.dsv'
[0.389s] INFO:colcon.colcon_core.shell:Creating environment hook '/home/k/ros2_ws/install/camera_subscriber/share/camera_subscriber/hook/ament_prefix_path.sh'
[0.389s] INFO:colcon.colcon_core.shell:Skip shell extension 'powershell' for command environment: Not usable outside of PowerShell
[0.389s] DEBUG:colcon.colcon_core.shell:Skip shell extension 'dsv' for command environment
[0.392s] INFO:colcon.colcon_ros.task.ament_python.build:Building ROS package in '/home/k/ros2_ws/src/fixposition_pkg' with build type 'ament_python'
[0.392s] Level 1:colcon.colcon_core.shell:create_environment_hook('fixposition_pkg', 'ament_prefix_path')
[0.392s] INFO:colcon.colcon_core.shell:Creating environment hook '/home/k/ros2_ws/install/fixposition_pkg/share/fixposition_pkg/hook/ament_prefix_path.ps1'
[0.393s] INFO:colcon.colcon_core.shell:Creating environment descriptor '/home/k/ros2_ws/install/fixposition_pkg/share/fixposition_pkg/hook/ament_prefix_path.dsv'
[0.393s] INFO:colcon.colcon_core.shell:Creating environment hook '/home/k/ros2_ws/install/fixposition_pkg/share/fixposition_pkg/hook/ament_prefix_path.sh'
[0.394s] INFO:colcon.colcon_core.shell:Skip shell extension 'powershell' for command environment: Not usable outside of PowerShell
[0.394s] DEBUG:colcon.colcon_core.shell:Skip shell extension 'dsv' for command environment
[0.396s] INFO:colcon.colcon_core.task.python.build:Building Python package in '/home/k/ros2_ws/src/hardware_pkg'
[0.396s] INFO:colcon.colcon_core.shell:Skip shell extension 'powershell' for command environment: Not usable outside of PowerShell
[0.396s] DEBUG:colcon.colcon_core.shell:Skip shell extension 'dsv' for command environment
[0.400s] INFO:colcon.colcon_ros.task.ament_python.build:Building ROS package in '/home/k/ros2_ws/src/lidar_subscriber' with build type 'ament_python'
[0.400s] Level 1:colcon.colcon_core.shell:create_environment_hook('lidar_subscriber', 'ament_prefix_path')
[0.400s] INFO:colcon.colcon_core.shell:Creating environment hook '/home/k/ros2_ws/install/lidar_subscriber/share/lidar_subscriber/hook/ament_prefix_path.ps1'
[0.400s] INFO:colcon.colcon_core.shell:Creating environment descriptor '/home/k/ros2_ws/install/lidar_subscriber/share/lidar_subscriber/hook/ament_prefix_path.dsv'
[0.401s] INFO:colcon.colcon_core.shell:Creating environment hook '/home/k/ros2_ws/install/lidar_subscriber/share/lidar_subscriber/hook/ament_prefix_path.sh'
[0.401s] INFO:colcon.colcon_core.shell:Skip shell extension 'powershell' for command environment: Not usable outside of PowerShell
[0.401s] DEBUG:colcon.colcon_core.shell:Skip shell extension 'dsv' for command environment
[0.404s] INFO:colcon.colcon_ros.task.ament_python.build:Building ROS package in '/home/k/ros2_ws/src/my_robot_description' with build type 'ament_python'
[0.405s] Level 1:colcon.colcon_core.shell:create_environment_hook('my_robot_description', 'ament_prefix_path')
[0.405s] INFO:colcon.colcon_core.shell:Creating environment hook '/home/k/ros2_ws/install/my_robot_description/share/my_robot_description/hook/ament_prefix_path.ps1'
[0.405s] INFO:colcon.colcon_core.shell:Creating environment descriptor '/home/k/ros2_ws/install/my_robot_description/share/my_robot_description/hook/ament_prefix_path.dsv'
[0.406s] INFO:colcon.colcon_core.shell:Creating environment hook '/home/k/ros2_ws/install/my_robot_description/share/my_robot_description/hook/ament_prefix_path.sh'
[0.406s] INFO:colcon.colcon_core.shell:Skip shell extension 'powershell' for command environment: Not usable outside of PowerShell
[0.406s] DEBUG:colcon.colcon_core.shell:Skip shell extension 'dsv' for command environment
[0.409s] INFO:colcon.colcon_ros.task.ament_python.build:Building ROS package in '/home/k/ros2_ws/src/position_pkg' with build type 'ament_python'
[0.409s] Level 1:colcon.colcon_core.shell:create_environment_hook('position_pkg', 'ament_prefix_path')
[0.409s] INFO:colcon.colcon_core.shell:Creating environment hook '/home/k/ros2_ws/install/position_pkg/share/position_pkg/hook/ament_prefix_path.ps1'
[0.410s] INFO:colcon.colcon_core.shell:Creating environment descriptor '/home/k/ros2_ws/install/position_pkg/share/position_pkg/hook/ament_prefix_path.dsv'
[0.410s] INFO:colcon.colcon_core.shell:Creating environment hook '/home/k/ros2_ws/install/position_pkg/share/position_pkg/hook/ament_prefix_path.sh'
[0.411s] INFO:colcon.colcon_core.shell:Skip shell extension 'powershell' for command environment: Not usable outside of PowerShell
[0.411s] DEBUG:colcon.colcon_core.shell:Skip shell extension 'dsv' for command environment
[0.413s] INFO:colcon.colcon_ros.task.ament_python.build:Building ROS package in '/home/k/ros2_ws/src/ROS-TCP-Endpoint-main-ros2' with build type 'ament_python'
[0.413s] Level 1:colcon.colcon_core.shell:create_environment_hook('ros_tcp_endpoint', 'ament_prefix_path')
[0.413s] INFO:colcon.colcon_core.shell:Creating environment hook '/home/k/ros2_ws/install/ros_tcp_endpoint/share/ros_tcp_endpoint/hook/ament_prefix_path.ps1'
[0.414s] INFO:colcon.colcon_core.shell:Creating environment descriptor '/home/k/ros2_ws/install/ros_tcp_endpoint/share/ros_tcp_endpoint/hook/ament_prefix_path.dsv'
[0.415s] INFO:colcon.colcon_core.shell:Creating environment hook '/home/k/ros2_ws/install/ros_tcp_endpoint/share/ros_tcp_endpoint/hook/ament_prefix_path.sh'
[0.415s] INFO:colcon.colcon_core.shell:Skip shell extension 'powershell' for command environment: Not usable outside of PowerShell
[0.415s] DEBUG:colcon.colcon_core.shell:Skip shell extension 'dsv' for command environment
[0.586s] INFO:colcon.colcon_core.task.python.build:Building Python package in '/home/k/ros2_ws/src/camera_subscriber'
[0.586s] INFO:colcon.colcon_core.shell:Skip shell extension 'powershell' for command environment: Not usable outside of PowerShell
[0.586s] DEBUG:colcon.colcon_core.shell:Skip shell extension 'dsv' for command environment
[0.758s] INFO:colcon.colcon_core.task.python.build:Building Python package in '/home/k/ros2_ws/src/fixposition_pkg'
[0.759s] INFO:colcon.colcon_core.shell:Skip shell extension 'powershell' for command environment: Not usable outside of PowerShell
[0.759s] DEBUG:colcon.colcon_core.shell:Skip shell extension 'dsv' for command environment
[1.091s] INFO:colcon.colcon_core.task.python.build:Building Python package in '/home/k/ros2_ws/src/lidar_subscriber'
[1.092s] INFO:colcon.colcon_core.shell:Skip shell extension 'powershell' for command environment: Not usable outside of PowerShell
[1.092s] DEBUG:colcon.colcon_core.shell:Skip shell extension 'dsv' for command environment
[1.271s] INFO:colcon.colcon_core.task.python.build:Building Python package in '/home/k/ros2_ws/src/my_robot_description'
[1.272s] INFO:colcon.colcon_core.shell:Skip shell extension 'powershell' for command environment: Not usable outside of PowerShell
[1.272s] DEBUG:colcon.colcon_core.shell:Skip shell extension 'dsv' for command environment
[1.439s] INFO:colcon.colcon_core.task.python.build:Building Python package in '/home/k/ros2_ws/src/position_pkg'
[1.439s] INFO:colcon.colcon_core.shell:Skip shell extension 'powershell' for command environment: Not usable outside of PowerShell
[1.440s] DEBUG:colcon.colcon_core.shell:Skip shell extension 'dsv' for command environment
[1.610s] INFO:colcon.colcon_core.task.python.build:Building Python package in '/home/k/ros2_ws/src/ROS-TCP-Endpoint-main-ros2'
[1.610s] INFO:colcon.colcon_core.shell:Skip shell extension 'powershell' for command environment: Not usable outside of PowerShell
[1.610s] DEBUG:colcon.colcon_core.shell:Skip shell extension 'dsv' for command environment
[1.619s] DEBUG:colcon.colcon_core.event_handler.log_command:Invoking command in '/home/k/ros2_ws/src/hardware_pkg': PYTHONPATH=/home/k/ros2_ws/build/hardware_pkg/prefix_override:/usr/lib/python3/dist-packages/colcon_core/task/python/colcon_distutils_commands:/home/k/ros2_ws/install/hardware_pkg/lib/python3.10/site-packages:${PYTHONPATH} /usr/bin/python3 -W ignore:setup.py install is deprecated setup.py egg_info --egg-base ../../build/hardware_pkg build --build-base /home/k/ros2_ws/build/hardware_pkg/build install --record /home/k/ros2_ws/build/hardware_pkg/install.log --single-version-externally-managed install_data
[1.930s] DEBUG:colcon.colcon_core.event_handler.log_command:Invoking command in '/home/k/ros2_ws/src/camera_subscriber': PYTHONPATH=/home/k/ros2_ws/build/camera_subscriber/prefix_override:/usr/lib/python3/dist-packages/colcon_core/task/python/colcon_distutils_commands:/home/k/ros2_ws/install/camera_subscriber/lib/python3.10/site-packages:${PYTHONPATH} /usr/bin/python3 -W ignore:setup.py install is deprecated setup.py egg_info --egg-base ../../build/camera_subscriber build --build-base /home/k/ros2_ws/build/camera_subscriber/build install --record /home/k/ros2_ws/build/camera_subscriber/install.log --single-version-externally-managed install_data
[1.936s] DEBUG:colcon.colcon_core.event_handler.log_command:Invoked command in '/home/k/ros2_ws/src/hardware_pkg' returned '0': PYTHONPATH=/home/k/ros2_ws/build/hardware_pkg/prefix_override:/usr/lib/python3/dist-packages/colcon_core/task/python/colcon_distutils_commands:/home/k/ros2_ws/install/hardware_pkg/lib/python3.10/site-packages:${PYTHONPATH} /usr/bin/python3 -W ignore:setup.py install is deprecated setup.py egg_info --egg-base ../../build/hardware_pkg build --build-base /home/k/ros2_ws/build/hardware_pkg/build install --record /home/k/ros2_ws/build/hardware_pkg/install.log --single-version-externally-managed install_data
[1.938s] Level 1:colcon.colcon_core.environment:checking '/home/k/ros2_ws/install/hardware_pkg' for CMake module files
[1.938s] Level 1:colcon.colcon_core.environment:checking '/home/k/ros2_ws/install/hardware_pkg' for CMake config files
[1.939s] Level 1:colcon.colcon_core.environment:checking '/home/k/ros2_ws/install/hardware_pkg/lib'
[1.939s] Level 1:colcon.colcon_core.environment:checking '/home/k/ros2_ws/install/hardware_pkg/bin'
[1.939s] Level 1:colcon.colcon_core.environment:checking '/home/k/ros2_ws/install/hardware_pkg/lib/pkgconfig/hardware_pkg.pc'
[1.939s] Level 1:colcon.colcon_core.environment:checking '/home/k/ros2_ws/install/hardware_pkg/lib/python3.10/site-packages'
[1.939s] Level 1:colcon.colcon_core.shell:create_environment_hook('hardware_pkg', 'pythonpath')
[1.940s] INFO:colcon.colcon_core.shell:Creating environment hook '/home/k/ros2_ws/install/hardware_pkg/share/hardware_pkg/hook/pythonpath.ps1'
[1.941s] INFO:colcon.colcon_core.shell:Creating environment descriptor '/home/k/ros2_ws/install/hardware_pkg/share/hardware_pkg/hook/pythonpath.dsv'
[1.941s] INFO:colcon.colcon_core.shell:Creating environment hook '/home/k/ros2_ws/install/hardware_pkg/share/hardware_pkg/hook/pythonpath.sh'
[1.942s] Level 1:colcon.colcon_core.environment:checking '/home/k/ros2_ws/install/hardware_pkg/bin'
[1.942s] Level 1:colcon.colcon_core.environment:create_environment_scripts_only(hardware_pkg)
[1.942s] INFO:colcon.colcon_core.shell:Creating package script '/home/k/ros2_ws/install/hardware_pkg/share/hardware_pkg/package.ps1'
[1.943s] INFO:colcon.colcon_core.shell:Creating package descriptor '/home/k/ros2_ws/install/hardware_pkg/share/hardware_pkg/package.dsv'
[1.943s] INFO:colcon.colcon_core.shell:Creating package script '/home/k/ros2_ws/install/hardware_pkg/share/hardware_pkg/package.sh'
[1.944s] INFO:colcon.colcon_core.shell:Creating package script '/home/k/ros2_ws/install/hardware_pkg/share/hardware_pkg/package.bash'
[1.945s] INFO:colcon.colcon_core.shell:Creating package script '/home/k/ros2_ws/install/hardware_pkg/share/hardware_pkg/package.zsh'
[1.945s] Level 1:colcon.colcon_core.environment:create_file_with_runtime_dependencies(/home/k/ros2_ws/install/hardware_pkg/share/colcon-core/packages/hardware_pkg)
[1.948s] DEBUG:colcon.colcon_core.event_handler.log_command:Invoking command in '/home/k/ros2_ws/src/lidar_subscriber': PYTHONPATH=/home/k/ros2_ws/build/lidar_subscriber/prefix_override:/usr/lib/python3/dist-packages/colcon_core/task/python/colcon_distutils_commands:/home/k/ros2_ws/install/lidar_subscriber/lib/python3.10/site-packages:${PYTHONPATH} /usr/bin/python3 -W ignore:setup.py install is deprecated setup.py egg_info --egg-base ../../build/lidar_subscriber build --build-base /home/k/ros2_ws/build/lidar_subscriber/build install --record /home/k/ros2_ws/build/lidar_subscriber/install.log --single-version-externally-managed install_data
[1.960s] DEBUG:colcon.colcon_core.event_handler.log_command:Invoking command in '/home/k/ros2_ws/src/position_pkg': PYTHONPATH=/home/k/ros2_ws/build/position_pkg/prefix_override:/usr/lib/python3/dist-packages/colcon_core/task/python/colcon_distutils_commands:/home/k/ros2_ws/install/position_pkg/lib/python3.10/site-packages:${PYTHONPATH} /usr/bin/python3 -W ignore:setup.py install is deprecated setup.py egg_info --egg-base ../../build/position_pkg build --build-base /home/k/ros2_ws/build/position_pkg/build install --record /home/k/ros2_ws/build/position_pkg/install.log --single-version-externally-managed install_data
[1.973s] DEBUG:colcon.colcon_core.event_handler.log_command:Invoking command in '/home/k/ros2_ws/src/fixposition_pkg': PYTHONPATH=/home/k/ros2_ws/build/fixposition_pkg/prefix_override:/usr/lib/python3/dist-packages/colcon_core/task/python/colcon_distutils_commands:/home/k/ros2_ws/install/fixposition_pkg/lib/python3.10/site-packages:${PYTHONPATH} /usr/bin/python3 -W ignore:setup.py install is deprecated setup.py egg_info --egg-base ../../build/fixposition_pkg build --build-base /home/k/ros2_ws/build/fixposition_pkg/build install --record /home/k/ros2_ws/build/fixposition_pkg/install.log --single-version-externally-managed install_data
[1.988s] DEBUG:colcon.colcon_core.event_handler.log_command:Invoking command in '/home/k/ros2_ws/src/ROS-TCP-Endpoint-main-ros2': PYTHONPATH=/home/k/ros2_ws/build/ros_tcp_endpoint/prefix_override:/usr/lib/python3/dist-packages/colcon_core/task/python/colcon_distutils_commands:/home/k/ros2_ws/install/ros_tcp_endpoint/lib/python3.10/site-packages:${PYTHONPATH} /usr/bin/python3 -W ignore:setup.py install is deprecated setup.py egg_info --egg-base ../../build/ros_tcp_endpoint build --build-base /home/k/ros2_ws/build/ros_tcp_endpoint/build install --record /home/k/ros2_ws/build/ros_tcp_endpoint/install.log --install-scripts $base/lib/ros_tcp_endpoint --single-version-externally-managed install_data
[1.992s] DEBUG:colcon.colcon_core.event_handler.log_command:Invoking command in '/home/k/ros2_ws/src/my_robot_description': PYTHONPATH=/home/k/ros2_ws/build/my_robot_description/prefix_override:/usr/lib/python3/dist-packages/colcon_core/task/python/colcon_distutils_commands:/home/k/ros2_ws/install/my_robot_description/lib/python3.10/site-packages:${PYTHONPATH} /usr/bin/python3 -W ignore:setup.py install is deprecated setup.py egg_info --egg-base ../../build/my_robot_description build --build-base /home/k/ros2_ws/build/my_robot_description/build install --record /home/k/ros2_ws/build/my_robot_description/install.log --single-version-externally-managed install_data
[2.212s] Level 1:colcon.colcon_core.environment:checking '/home/k/ros2_ws/install/camera_subscriber' for CMake module files
[2.213s] DEBUG:colcon.colcon_core.event_handler.log_command:Invoked command in '/home/k/ros2_ws/src/camera_subscriber' returned '0': PYTHONPATH=/home/k/ros2_ws/build/camera_subscriber/prefix_override:/usr/lib/python3/dist-packages/colcon_core/task/python/colcon_distutils_commands:/home/k/ros2_ws/install/camera_subscriber/lib/python3.10/site-packages:${PYTHONPATH} /usr/bin/python3 -W ignore:setup.py install is deprecated setup.py egg_info --egg-base ../../build/camera_subscriber build --build-base /home/k/ros2_ws/build/camera_subscriber/build install --record /home/k/ros2_ws/build/camera_subscriber/install.log --single-version-externally-managed install_data
[2.214s] Level 1:colcon.colcon_core.environment:checking '/home/k/ros2_ws/install/camera_subscriber' for CMake config files
[2.214s] Level 1:colcon.colcon_core.environment:checking '/home/k/ros2_ws/install/camera_subscriber/lib'
[2.214s] Level 1:colcon.colcon_core.environment:checking '/home/k/ros2_ws/install/camera_subscriber/bin'
[2.215s] Level 1:colcon.colcon_core.environment:checking '/home/k/ros2_ws/install/camera_subscriber/lib/pkgconfig/camera_subscriber.pc'
[2.215s] Level 1:colcon.colcon_core.environment:checking '/home/k/ros2_ws/install/camera_subscriber/lib/python3.10/site-packages'
[2.215s] Level 1:colcon.colcon_core.shell:create_environment_hook('camera_subscriber', 'pythonpath')
[2.215s] INFO:colcon.colcon_core.shell:Creating environment hook '/home/k/ros2_ws/install/camera_subscriber/share/camera_subscriber/hook/pythonpath.ps1'
[2.222s] INFO:colcon.colcon_core.shell:Creating environment descriptor '/home/k/ros2_ws/install/camera_subscriber/share/camera_subscriber/hook/pythonpath.dsv'
[2.223s] INFO:colcon.colcon_core.shell:Creating environment hook '/home/k/ros2_ws/install/camera_subscriber/share/camera_subscriber/hook/pythonpath.sh'
[2.224s] Level 1:colcon.colcon_core.environment:checking '/home/k/ros2_ws/install/camera_subscriber/bin'
[2.224s] Level 1:colcon.colcon_core.environment:create_environment_scripts_only(camera_subscriber)
[2.224s] INFO:colcon.colcon_core.shell:Creating package script '/home/k/ros2_ws/install/camera_subscriber/share/camera_subscriber/package.ps1'
[2.224s] INFO:colcon.colcon_core.shell:Creating package descriptor '/home/k/ros2_ws/install/camera_subscriber/share/camera_subscriber/package.dsv'
[2.225s] INFO:colcon.colcon_core.shell:Creating package script '/home/k/ros2_ws/install/camera_subscriber/share/camera_subscriber/package.sh'
[2.225s] INFO:colcon.colcon_core.shell:Creating package script '/home/k/ros2_ws/install/camera_subscriber/share/camera_subscriber/package.bash'
[2.226s] INFO:colcon.colcon_core.shell:Creating package script '/home/k/ros2_ws/install/camera_subscriber/share/camera_subscriber/package.zsh'
[2.226s] Level 1:colcon.colcon_core.environment:create_file_with_runtime_dependencies(/home/k/ros2_ws/install/camera_subscriber/share/colcon-core/packages/camera_subscriber)
[2.249s] Level 1:colcon.colcon_core.environment:checking '/home/k/ros2_ws/install/lidar_subscriber' for CMake module files
[2.250s] DEBUG:colcon.colcon_core.event_handler.log_command:Invoked command in '/home/k/ros2_ws/src/lidar_subscriber' returned '0': PYTHONPATH=/home/k/ros2_ws/build/lidar_subscriber/prefix_override:/usr/lib/python3/dist-packages/colcon_core/task/python/colcon_distutils_commands:/home/k/ros2_ws/install/lidar_subscriber/lib/python3.10/site-packages:${PYTHONPATH} /usr/bin/python3 -W ignore:setup.py install is deprecated setup.py egg_info --egg-base ../../build/lidar_subscriber build --build-base /home/k/ros2_ws/build/lidar_subscriber/build install --record /home/k/ros2_ws/build/lidar_subscriber/install.log --single-version-externally-managed install_data
[2.250s] Level 1:colcon.colcon_core.environment:checking '/home/k/ros2_ws/install/lidar_subscriber' for CMake config files
[2.251s] Level 1:colcon.colcon_core.environment:checking '/home/k/ros2_ws/install/lidar_subscriber/lib'
[2.251s] Level 1:colcon.colcon_core.environment:checking '/home/k/ros2_ws/install/lidar_subscriber/bin'
[2.251s] Level 1:colcon.colcon_core.environment:checking '/home/k/ros2_ws/install/lidar_subscriber/lib/pkgconfig/lidar_subscriber.pc'
[2.251s] Level 1:colcon.colcon_core.environment:checking '/home/k/ros2_ws/install/lidar_subscriber/lib/python3.10/site-packages'
[2.251s] Level 1:colcon.colcon_core.shell:create_environment_hook('lidar_subscriber', 'pythonpath')
[2.251s] INFO:colcon.colcon_core.shell:Creating environment hook '/home/k/ros2_ws/install/lidar_subscriber/share/lidar_subscriber/hook/pythonpath.ps1'
[2.252s] INFO:colcon.colcon_core.shell:Creating environment descriptor '/home/k/ros2_ws/install/lidar_subscriber/share/lidar_subscriber/hook/pythonpath.dsv'
[2.253s] INFO:colcon.colcon_core.shell:Creating environment hook '/home/k/ros2_ws/install/lidar_subscriber/share/lidar_subscriber/hook/pythonpath.sh'
[2.253s] Level 1:colcon.colcon_core.environment:checking '/home/k/ros2_ws/install/lidar_subscriber/bin'
[2.253s] Level 1:colcon.colcon_core.environment:create_environment_scripts_only(lidar_subscriber)
[2.253s] INFO:colcon.colcon_core.shell:Creating package script '/home/k/ros2_ws/install/lidar_subscriber/share/lidar_subscriber/package.ps1'
[2.254s] INFO:colcon.colcon_core.shell:Creating package descriptor '/home/k/ros2_ws/install/lidar_subscriber/share/lidar_subscriber/package.dsv'
[2.254s] INFO:colcon.colcon_core.shell:Creating package script '/home/k/ros2_ws/install/lidar_subscriber/share/lidar_subscriber/package.sh'
[2.254s] INFO:colcon.colcon_core.shell:Creating package script '/home/k/ros2_ws/install/lidar_subscriber/share/lidar_subscriber/package.bash'
[2.255s] INFO:colcon.colcon_core.shell:Creating package script '/home/k/ros2_ws/install/lidar_subscriber/share/lidar_subscriber/package.zsh'
[2.255s] Level 1:colcon.colcon_core.environment:create_file_with_runtime_dependencies(/home/k/ros2_ws/install/lidar_subscriber/share/colcon-core/packages/lidar_subscriber)
[2.256s] Level 1:colcon.colcon_core.environment:checking '/home/k/ros2_ws/install/position_pkg' for CMake module files
[2.256s] Level 1:colcon.colcon_core.environment:checking '/home/k/ros2_ws/install/position_pkg' for CMake config files
[2.257s] DEBUG:colcon.colcon_core.event_handler.log_command:Invoked command in '/home/k/ros2_ws/src/position_pkg' returned '0': PYTHONPATH=/home/k/ros2_ws/build/position_pkg/prefix_override:/usr/lib/python3/dist-packages/colcon_core/task/python/colcon_distutils_commands:/home/k/ros2_ws/install/position_pkg/lib/python3.10/site-packages:${PYTHONPATH} /usr/bin/python3 -W ignore:setup.py install is deprecated setup.py egg_info --egg-base ../../build/position_pkg build --build-base /home/k/ros2_ws/build/position_pkg/build install --record /home/k/ros2_ws/build/position_pkg/install.log --single-version-externally-managed install_data
[2.257s] Level 1:colcon.colcon_core.environment:checking '/home/k/ros2_ws/install/position_pkg/lib'
[2.257s] Level 1:colcon.colcon_core.environment:checking '/home/k/ros2_ws/install/position_pkg/bin'
[2.257s] Level 1:colcon.colcon_core.environment:checking '/home/k/ros2_ws/install/position_pkg/lib/pkgconfig/position_pkg.pc'
[2.257s] Level 1:colcon.colcon_core.environment:checking '/home/k/ros2_ws/install/position_pkg/lib/python3.10/site-packages'
[2.257s] Level 1:colcon.colcon_core.shell:create_environment_hook('position_pkg', 'pythonpath')
[2.257s] INFO:colcon.colcon_core.shell:Creating environment hook '/home/k/ros2_ws/install/position_pkg/share/position_pkg/hook/pythonpath.ps1'
[2.258s] INFO:colcon.colcon_core.shell:Creating environment descriptor '/home/k/ros2_ws/install/position_pkg/share/position_pkg/hook/pythonpath.dsv'
[2.258s] INFO:colcon.colcon_core.shell:Creating environment hook '/home/k/ros2_ws/install/position_pkg/share/position_pkg/hook/pythonpath.sh'
[2.259s] Level 1:colcon.colcon_core.environment:checking '/home/k/ros2_ws/install/position_pkg/bin'
[2.259s] Level 1:colcon.colcon_core.environment:create_environment_scripts_only(position_pkg)
[2.259s] INFO:colcon.colcon_core.shell:Creating package script '/home/k/ros2_ws/install/position_pkg/share/position_pkg/package.ps1'
[2.259s] INFO:colcon.colcon_core.shell:Creating package descriptor '/home/k/ros2_ws/install/position_pkg/share/position_pkg/package.dsv'
[2.259s] INFO:colcon.colcon_core.shell:Creating package script '/home/k/ros2_ws/install/position_pkg/share/position_pkg/package.sh'
[2.260s] INFO:colcon.colcon_core.shell:Creating package script '/home/k/ros2_ws/install/position_pkg/share/position_pkg/package.bash'
[2.260s] INFO:colcon.colcon_core.shell:Creating package script '/home/k/ros2_ws/install/position_pkg/share/position_pkg/package.zsh'
[2.261s] Level 1:colcon.colcon_core.environment:create_file_with_runtime_dependencies(/home/k/ros2_ws/install/position_pkg/share/colcon-core/packages/position_pkg)
[2.262s] Level 1:colcon.colcon_core.environment:checking '/home/k/ros2_ws/install/my_robot_description' for CMake module files
[2.262s] Level 1:colcon.colcon_core.environment:checking '/home/k/ros2_ws/install/my_robot_description' for CMake config files
[2.263s] DEBUG:colcon.colcon_core.event_handler.log_command:Invoked command in '/home/k/ros2_ws/src/my_robot_description' returned '0': PYTHONPATH=/home/k/ros2_ws/build/my_robot_description/prefix_override:/usr/lib/python3/dist-packages/colcon_core/task/python/colcon_distutils_commands:/home/k/ros2_ws/install/my_robot_description/lib/python3.10/site-packages:${PYTHONPATH} /usr/bin/python3 -W ignore:setup.py install is deprecated setup.py egg_info --egg-base ../../build/my_robot_description build --build-base /home/k/ros2_ws/build/my_robot_description/build install --record /home/k/ros2_ws/build/my_robot_description/install.log --single-version-externally-managed install_data
[2.264s] Level 1:colcon.colcon_core.environment:checking '/home/k/ros2_ws/install/my_robot_description/lib'
[2.264s] Level 1:colcon.colcon_core.environment:checking '/home/k/ros2_ws/install/my_robot_description/bin'
[2.264s] Level 1:colcon.colcon_core.environment:checking '/home/k/ros2_ws/install/my_robot_description/lib/pkgconfig/my_robot_description.pc'
[2.264s] Level 1:colcon.colcon_core.environment:checking '/home/k/ros2_ws/install/my_robot_description/lib/python3.10/site-packages'
[2.264s] Level 1:colcon.colcon_core.shell:create_environment_hook('my_robot_description', 'pythonpath')
[2.264s] INFO:colcon.colcon_core.shell:Creating environment hook '/home/k/ros2_ws/install/my_robot_description/share/my_robot_description/hook/pythonpath.ps1'
[2.264s] INFO:colcon.colcon_core.shell:Creating environment descriptor '/home/k/ros2_ws/install/my_robot_description/share/my_robot_description/hook/pythonpath.dsv'
[2.265s] INFO:colcon.colcon_core.shell:Creating environment hook '/home/k/ros2_ws/install/my_robot_description/share/my_robot_description/hook/pythonpath.sh'
[2.265s] Level 1:colcon.colcon_core.environment:checking '/home/k/ros2_ws/install/my_robot_description/bin'
[2.265s] Level 1:colcon.colcon_core.environment:create_environment_scripts_only(my_robot_description)
[2.265s] INFO:colcon.colcon_core.shell:Creating package script '/home/k/ros2_ws/install/my_robot_description/share/my_robot_description/package.ps1'
[2.266s] INFO:colcon.colcon_core.shell:Creating package descriptor '/home/k/ros2_ws/install/my_robot_description/share/my_robot_description/package.dsv'
[2.266s] INFO:colcon.colcon_core.shell:Creating package script '/home/k/ros2_ws/install/my_robot_description/share/my_robot_description/package.sh'
[2.266s] INFO:colcon.colcon_core.shell:Creating package script '/home/k/ros2_ws/install/my_robot_description/share/my_robot_description/package.bash'
[2.267s] INFO:colcon.colcon_core.shell:Creating package script '/home/k/ros2_ws/install/my_robot_description/share/my_robot_description/package.zsh'
[2.267s] Level 1:colcon.colcon_core.environment:create_file_with_runtime_dependencies(/home/k/ros2_ws/install/my_robot_description/share/colcon-core/packages/my_robot_description)
[2.267s] Level 1:colcon.colcon_core.environment:checking '/home/k/ros2_ws/install/fixposition_pkg' for CMake module files
[2.268s] DEBUG:colcon.colcon_core.event_handler.log_command:Invoked command in '/home/k/ros2_ws/src/fixposition_pkg' returned '0': PYTHONPATH=/home/k/ros2_ws/build/fixposition_pkg/prefix_override:/usr/lib/python3/dist-packages/colcon_core/task/python/colcon_distutils_commands:/home/k/ros2_ws/install/fixposition_pkg/lib/python3.10/site-packages:${PYTHONPATH} /usr/bin/python3 -W ignore:setup.py install is deprecated setup.py egg_info --egg-base ../../build/fixposition_pkg build --build-base /home/k/ros2_ws/build/fixposition_pkg/build install --record /home/k/ros2_ws/build/fixposition_pkg/install.log --single-version-externally-managed install_data
[2.268s] Level 1:colcon.colcon_core.environment:checking '/home/k/ros2_ws/install/fixposition_pkg' for CMake config files
[2.269s] Level 1:colcon.colcon_core.environment:checking '/home/k/ros2_ws/install/fixposition_pkg/lib'
[2.269s] Level 1:colcon.colcon_core.environment:checking '/home/k/ros2_ws/install/fixposition_pkg/bin'
[2.269s] Level 1:colcon.colcon_core.environment:checking '/home/k/ros2_ws/install/fixposition_pkg/lib/pkgconfig/fixposition_pkg.pc'
[2.269s] Level 1:colcon.colcon_core.environment:checking '/home/k/ros2_ws/install/fixposition_pkg/lib/python3.10/site-packages'
[2.269s] Level 1:colcon.colcon_core.shell:create_environment_hook('fixposition_pkg', 'pythonpath')
[2.269s] INFO:colcon.colcon_core.shell:Creating environment hook '/home/k/ros2_ws/install/fixposition_pkg/share/fixposition_pkg/hook/pythonpath.ps1'
[2.269s] INFO:colcon.colcon_core.shell:Creating environment descriptor '/home/k/ros2_ws/install/fixposition_pkg/share/fixposition_pkg/hook/pythonpath.dsv'
[2.270s] INFO:colcon.colcon_core.shell:Creating environment hook '/home/k/ros2_ws/install/fixposition_pkg/share/fixposition_pkg/hook/pythonpath.sh'
[2.270s] Level 1:colcon.colcon_core.environment:checking '/home/k/ros2_ws/install/fixposition_pkg/bin'
[2.270s] Level 1:colcon.colcon_core.environment:create_environment_scripts_only(fixposition_pkg)
[2.270s] INFO:colcon.colcon_core.shell:Creating package script '/home/k/ros2_ws/install/fixposition_pkg/share/fixposition_pkg/package.ps1'
[2.271s] INFO:colcon.colcon_core.shell:Creating package descriptor '/home/k/ros2_ws/install/fixposition_pkg/share/fixposition_pkg/package.dsv'
[2.271s] INFO:colcon.colcon_core.shell:Creating package script '/home/k/ros2_ws/install/fixposition_pkg/share/fixposition_pkg/package.sh'
[2.271s] INFO:colcon.colcon_core.shell:Creating package script '/home/k/ros2_ws/install/fixposition_pkg/share/fixposition_pkg/package.bash'
[2.271s] INFO:colcon.colcon_core.shell:Creating package script '/home/k/ros2_ws/install/fixposition_pkg/share/fixposition_pkg/package.zsh'
[2.272s] Level 1:colcon.colcon_core.environment:create_file_with_runtime_dependencies(/home/k/ros2_ws/install/fixposition_pkg/share/colcon-core/packages/fixposition_pkg)
[2.273s] Level 1:colcon.colcon_core.environment:checking '/home/k/ros2_ws/install/ros_tcp_endpoint' for CMake module files
[2.273s] DEBUG:colcon.colcon_core.event_handler.log_command:Invoked command in '/home/k/ros2_ws/src/ROS-TCP-Endpoint-main-ros2' returned '0': PYTHONPATH=/home/k/ros2_ws/build/ros_tcp_endpoint/prefix_override:/usr/lib/python3/dist-packages/colcon_core/task/python/colcon_distutils_commands:/home/k/ros2_ws/install/ros_tcp_endpoint/lib/python3.10/site-packages:${PYTHONPATH} /usr/bin/python3 -W ignore:setup.py install is deprecated setup.py egg_info --egg-base ../../build/ros_tcp_endpoint build --build-base /home/k/ros2_ws/build/ros_tcp_endpoint/build install --record /home/k/ros2_ws/build/ros_tcp_endpoint/install.log --install-scripts $base/lib/ros_tcp_endpoint --single-version-externally-managed install_data
[2.273s] Level 1:colcon.colcon_core.environment:checking '/home/k/ros2_ws/install/ros_tcp_endpoint' for CMake config files
[2.274s] Level 1:colcon.colcon_core.environment:checking '/home/k/ros2_ws/install/ros_tcp_endpoint/lib'
[2.274s] Level 1:colcon.colcon_core.environment:checking '/home/k/ros2_ws/install/ros_tcp_endpoint/bin'
[2.274s] Level 1:colcon.colcon_core.environment:checking '/home/k/ros2_ws/install/ros_tcp_endpoint/lib/pkgconfig/ros_tcp_endpoint.pc'
[2.274s] Level 1:colcon.colcon_core.environment:checking '/home/k/ros2_ws/install/ros_tcp_endpoint/lib/python3.10/site-packages'
[2.274s] Level 1:colcon.colcon_core.shell:create_environment_hook('ros_tcp_endpoint', 'pythonpath')
[2.274s] INFO:colcon.colcon_core.shell:Creating environment hook '/home/k/ros2_ws/install/ros_tcp_endpoint/share/ros_tcp_endpoint/hook/pythonpath.ps1'
[2.274s] INFO:colcon.colcon_core.shell:Creating environment descriptor '/home/k/ros2_ws/install/ros_tcp_endpoint/share/ros_tcp_endpoint/hook/pythonpath.dsv'
[2.274s] INFO:colcon.colcon_core.shell:Creating environment hook '/home/k/ros2_ws/install/ros_tcp_endpoint/share/ros_tcp_endpoint/hook/pythonpath.sh'
[2.275s] Level 1:colcon.colcon_core.environment:checking '/home/k/ros2_ws/install/ros_tcp_endpoint/bin'
[2.275s] Level 1:colcon.colcon_core.environment:create_environment_scripts_only(ros_tcp_endpoint)
[2.275s] INFO:colcon.colcon_core.shell:Creating package script '/home/k/ros2_ws/install/ros_tcp_endpoint/share/ros_tcp_endpoint/package.ps1'
[2.275s] INFO:colcon.colcon_core.shell:Creating package descriptor '/home/k/ros2_ws/install/ros_tcp_endpoint/share/ros_tcp_endpoint/package.dsv'
[2.276s] INFO:colcon.colcon_core.shell:Creating package script '/home/k/ros2_ws/install/ros_tcp_endpoint/share/ros_tcp_endpoint/package.sh'
[2.276s] INFO:colcon.colcon_core.shell:Creating package script '/home/k/ros2_ws/install/ros_tcp_endpoint/share/ros_tcp_endpoint/package.bash'
[2.276s] INFO:colcon.colcon_core.shell:Creating package script '/home/k/ros2_ws/install/ros_tcp_endpoint/share/ros_tcp_endpoint/package.zsh'
[2.277s] Level 1:colcon.colcon_core.environment:create_file_with_runtime_dependencies(/home/k/ros2_ws/install/ros_tcp_endpoint/share/colcon-core/packages/ros_tcp_endpoint)
[2.277s] DEBUG:colcon.colcon_parallel_executor.executor.parallel:closing loop
[2.277s] DEBUG:colcon.colcon_parallel_executor.executor.parallel:loop closed
[2.277s] DEBUG:colcon.colcon_parallel_executor.executor.parallel:run_until_complete finished with '0'
[2.277s] DEBUG:colcon.colcon_core.event_reactor:joining thread
[2.282s] INFO:colcon.colcon_core.plugin_system:Skipping extension 'colcon_notification.desktop_notification.terminal_notifier': Not used on non-Darwin systems
[2.282s] INFO:colcon.colcon_core.plugin_system:Skipping extension 'colcon_notification.desktop_notification.win32': Not used on non-Windows systems
[2.282s] INFO:colcon.colcon_notification.desktop_notification:Sending desktop notification using 'notify2'
[2.295s] DEBUG:colcon.colcon_core.event_reactor:joined thread
[2.296s] INFO:colcon.colcon_core.shell:Creating prefix script '/home/k/ros2_ws/install/local_setup.ps1'
[2.297s] INFO:colcon.colcon_core.shell:Creating prefix util module '/home/k/ros2_ws/install/_local_setup_util_ps1.py'
[2.297s] INFO:colcon.colcon_core.shell:Creating prefix chain script '/home/k/ros2_ws/install/setup.ps1'
[2.298s] INFO:colcon.colcon_core.shell:Creating prefix script '/home/k/ros2_ws/install/local_setup.sh'
[2.299s] INFO:colcon.colcon_core.shell:Creating prefix util module '/home/k/ros2_ws/install/_local_setup_util_sh.py'
[2.299s] INFO:colcon.colcon_core.shell:Creating prefix chain script '/home/k/ros2_ws/install/setup.sh'
[2.300s] INFO:colcon.colcon_core.shell:Creating prefix script '/home/k/ros2_ws/install/local_setup.bash'
[2.301s] INFO:colcon.colcon_core.shell:Creating prefix chain script '/home/k/ros2_ws/install/setup.bash'
[2.302s] INFO:colcon.colcon_core.shell:Creating prefix script '/home/k/ros2_ws/install/local_setup.zsh'
[2.302s] INFO:colcon.colcon_core.shell:Creating prefix chain script '/home/k/ros2_ws/install/setup.zsh'
