[2.641s] Invoking command in '/home/k/ros2_ws/src/my_robot_description': PYTHONPATH=/home/k/ros2_ws/build/my_robot_description/prefix_override:/usr/lib/python3/dist-packages/colcon_core/task/python/colcon_distutils_commands:/home/k/ros2_ws/install/my_robot_description/lib/python3.10/site-packages:${PYTHONPATH} /usr/bin/python3 -W ignore:setup.py install is deprecated setup.py egg_info --egg-base ../../build/my_robot_description build --build-base /home/k/ros2_ws/build/my_robot_description/build install --record /home/k/ros2_ws/build/my_robot_description/install.log --single-version-externally-managed install_data
[2.913s] running egg_info
[2.914s] writing ../../build/my_robot_description/my_robot_description.egg-info/PKG-INFO
[2.914s] writing dependency_links to ../../build/my_robot_description/my_robot_description.egg-info/dependency_links.txt
[2.915s] writing entry points to ../../build/my_robot_description/my_robot_description.egg-info/entry_points.txt
[2.915s] writing requirements to ../../build/my_robot_description/my_robot_description.egg-info/requires.txt
[2.915s] writing top-level names to ../../build/my_robot_description/my_robot_description.egg-info/top_level.txt
[2.920s] reading manifest file '../../build/my_robot_description/my_robot_description.egg-info/SOURCES.txt'
[2.920s] writing manifest file '../../build/my_robot_description/my_robot_description.egg-info/SOURCES.txt'
[2.920s] running build
[2.920s] running build_py
[2.920s] running install
[2.921s] running install_lib
[2.921s] running install_data
[2.921s] running install_egg_info
[2.922s] removing '/home/k/ros2_ws/install/my_robot_description/lib/python3.10/site-packages/my_robot_description-0.0.0-py3.10.egg-info' (and everything under it)
[2.922s] Copying ../../build/my_robot_description/my_robot_description.egg-info to /home/k/ros2_ws/install/my_robot_description/lib/python3.10/site-packages/my_robot_description-0.0.0-py3.10.egg-info
[2.923s] running install_scripts
[2.946s] writing list of installed files to '/home/k/ros2_ws/build/my_robot_description/install.log'
[2.983s] Invoked command in '/home/k/ros2_ws/src/my_robot_description' returned '0': PYTHONPATH=/home/k/ros2_ws/build/my_robot_description/prefix_override:/usr/lib/python3/dist-packages/colcon_core/task/python/colcon_distutils_commands:/home/k/ros2_ws/install/my_robot_description/lib/python3.10/site-packages:${PYTHONPATH} /usr/bin/python3 -W ignore:setup.py install is deprecated setup.py egg_info --egg-base ../../build/my_robot_description build --build-base /home/k/ros2_ws/build/my_robot_description/build install --record /home/k/ros2_ws/build/my_robot_description/install.log --single-version-externally-managed install_data
